<?xml version="1.0" encoding="UTF-8"?>
<coverage generated="1575027117825" clover="3.2.0">
  <project timestamp="1575027117825" name="All files">
    <metrics statements="379" coveredstatements="379" conditionals="194" coveredconditionals="194" methods="108" coveredmethods="108" elements="681" coveredelements="681" complexity="0" loc="379" ncloc="379" packages="3" files="24" classes="24"/>
    <package name="src">
      <metrics statements="32" coveredstatements="32" conditionals="6" coveredconditionals="6" methods="7" coveredmethods="7"/>
      <file name="index.ts" path="C:\workspace\fluentvalidation-ts\src\index.ts">
        <metrics statements="32" coveredstatements="32" conditionals="6" coveredconditionals="6" methods="7" coveredmethods="7"/>
        <line num="2" count="9" type="stmt"/>
        <line num="4" count="9" type="stmt"/>
        <line num="5" count="9" type="stmt"/>
        <line num="22" count="71" type="stmt"/>
        <line num="23" count="62" type="stmt"/>
        <line num="27" count="62" type="stmt"/>
        <line num="28" count="1" type="stmt"/>
        <line num="31" count="62" type="stmt"/>
        <line num="32" count="120" type="stmt"/>
        <line num="33" count="123" type="stmt"/>
        <line num="35" count="146" type="stmt"/>
        <line num="38" count="146" type="stmt"/>
        <line num="41" count="292" type="stmt"/>
        <line num="42" count="151" type="stmt"/>
        <line num="43" count="151" type="stmt"/>
        <line num="47" count="138" type="cond" truecount="2" falsecount="0"/>
        <line num="48" count="60" type="stmt"/>
        <line num="53" count="110" type="stmt"/>
        <line num="57" count="62" type="stmt"/>
        <line num="58" count="124" type="stmt"/>
        <line num="61" count="62" type="stmt"/>
        <line num="67" count="76" type="stmt"/>
        <line num="71" count="76" type="stmt"/>
        <line num="74" count="76" type="stmt"/>
        <line num="78" count="76" type="stmt"/>
        <line num="84" count="62" type="stmt"/>
        <line num="102" count="7" type="stmt"/>
        <line num="107" count="7" type="cond" truecount="2" falsecount="0"/>
        <line num="108" count="6" type="stmt"/>
        <line num="111" count="7" type="stmt"/>
        <line num="115" count="7" type="stmt"/>
        <line num="117" count="9" type="stmt"/>
      </file>
    </package>
    <package name="src.rules">
      <metrics statements="179" coveredstatements="179" conditionals="164" coveredconditionals="164" methods="63" coveredmethods="63"/>
      <file name="EmailAddressRule.ts" path="C:\workspace\fluentvalidation-ts\src\rules\EmailAddressRule.ts">
        <metrics statements="10" coveredstatements="10" conditionals="8" coveredconditionals="8" methods="3" coveredmethods="3"/>
        <line num="1" count="9" type="stmt"/>
        <line num="3" count="9" type="stmt"/>
        <line num="5" count="9" type="stmt"/>
        <line num="7" count="2" type="cond" truecount="2" falsecount="0"/>
        <line num="8" count="4" type="cond" truecount="2" falsecount="0"/>
        <line num="9" count="1" type="stmt"/>
        <line num="11" count="3" type="cond" truecount="2" falsecount="0"/>
        <line num="12" count="1" type="stmt"/>
        <line num="16" count="2" type="stmt"/>
        <line num="21" count="9" type="stmt"/>
      </file>
      <file name="EqualRule.ts" path="C:\workspace\fluentvalidation-ts\src\rules\EqualRule.ts">
        <metrics statements="5" coveredstatements="5" conditionals="4" coveredconditionals="4" methods="3" coveredmethods="3"/>
        <line num="1" count="9" type="stmt"/>
        <line num="3" count="9" type="stmt"/>
        <line num="5" count="1" type="cond" truecount="2" falsecount="0"/>
        <line num="6" count="2" type="cond" truecount="2" falsecount="0"/>
        <line num="9" count="9" type="stmt"/>
      </file>
      <file name="ExclusiveBetweenRule.ts" path="C:\workspace\fluentvalidation-ts\src\rules\ExclusiveBetweenRule.ts">
        <metrics statements="9" coveredstatements="9" conditionals="10" coveredconditionals="10" methods="3" coveredmethods="3"/>
        <line num="1" count="9" type="stmt"/>
        <line num="3" count="9" type="stmt"/>
        <line num="5" count="2" type="cond" truecount="2" falsecount="0"/>
        <line num="6" count="5" type="cond" truecount="2" falsecount="0"/>
        <line num="7" count="1" type="stmt"/>
        <line num="9" count="4" type="cond" truecount="2" falsecount="0"/>
        <line num="10" count="1" type="stmt"/>
        <line num="14" count="3" type="cond" truecount="2" falsecount="0"/>
        <line num="19" count="9" type="stmt"/>
      </file>
      <file name="GreaterThanOrEqualToRule.ts" path="C:\workspace\fluentvalidation-ts\src\rules\GreaterThanOrEqualToRule.ts">
        <metrics statements="9" coveredstatements="9" conditionals="8" coveredconditionals="8" methods="3" coveredmethods="3"/>
        <line num="1" count="9" type="stmt"/>
        <line num="3" count="9" type="stmt"/>
        <line num="8" count="3" type="cond" truecount="2" falsecount="0"/>
        <line num="9" count="5" type="cond" truecount="2" falsecount="0"/>
        <line num="10" count="1" type="stmt"/>
        <line num="12" count="4" type="cond" truecount="2" falsecount="0"/>
        <line num="13" count="1" type="stmt"/>
        <line num="17" count="3" type="stmt"/>
        <line num="22" count="9" type="stmt"/>
      </file>
      <file name="GreaterThanRule.ts" path="C:\workspace\fluentvalidation-ts\src\rules\GreaterThanRule.ts">
        <metrics statements="9" coveredstatements="9" conditionals="8" coveredconditionals="8" methods="3" coveredmethods="3"/>
        <line num="1" count="9" type="stmt"/>
        <line num="3" count="9" type="stmt"/>
        <line num="5" count="4" type="cond" truecount="2" falsecount="0"/>
        <line num="6" count="6" type="cond" truecount="2" falsecount="0"/>
        <line num="7" count="1" type="stmt"/>
        <line num="9" count="5" type="cond" truecount="2" falsecount="0"/>
        <line num="10" count="1" type="stmt"/>
        <line num="14" count="4" type="stmt"/>
        <line num="19" count="9" type="stmt"/>
      </file>
      <file name="InclusiveBetweenRule.ts" path="C:\workspace\fluentvalidation-ts\src\rules\InclusiveBetweenRule.ts">
        <metrics statements="9" coveredstatements="9" conditionals="10" coveredconditionals="10" methods="3" coveredmethods="3"/>
        <line num="1" count="9" type="stmt"/>
        <line num="3" count="9" type="stmt"/>
        <line num="5" count="9" type="cond" truecount="2" falsecount="0"/>
        <line num="6" count="22" type="cond" truecount="2" falsecount="0"/>
        <line num="7" count="1" type="stmt"/>
        <line num="9" count="21" type="cond" truecount="2" falsecount="0"/>
        <line num="10" count="1" type="stmt"/>
        <line num="14" count="20" type="cond" truecount="2" falsecount="0"/>
        <line num="19" count="9" type="stmt"/>
      </file>
      <file name="LengthRule.ts" path="C:\workspace\fluentvalidation-ts\src\rules\LengthRule.ts">
        <metrics statements="9" coveredstatements="9" conditionals="10" coveredconditionals="10" methods="3" coveredmethods="3"/>
        <line num="1" count="9" type="stmt"/>
        <line num="3" count="9" type="stmt"/>
        <line num="5" count="4" type="cond" truecount="2" falsecount="0"/>
        <line num="6" count="7" type="cond" truecount="2" falsecount="0"/>
        <line num="7" count="1" type="stmt"/>
        <line num="9" count="6" type="cond" truecount="2" falsecount="0"/>
        <line num="10" count="1" type="stmt"/>
        <line num="12" count="5" type="cond" truecount="2" falsecount="0"/>
        <line num="17" count="9" type="stmt"/>
      </file>
      <file name="LessThanOrEqualToRule.ts" path="C:\workspace\fluentvalidation-ts\src\rules\LessThanOrEqualToRule.ts">
        <metrics statements="9" coveredstatements="9" conditionals="8" coveredconditionals="8" methods="3" coveredmethods="3"/>
        <line num="1" count="9" type="stmt"/>
        <line num="3" count="9" type="stmt"/>
        <line num="8" count="2" type="cond" truecount="2" falsecount="0"/>
        <line num="9" count="4" type="cond" truecount="2" falsecount="0"/>
        <line num="10" count="1" type="stmt"/>
        <line num="12" count="3" type="cond" truecount="2" falsecount="0"/>
        <line num="13" count="1" type="stmt"/>
        <line num="17" count="2" type="stmt"/>
        <line num="22" count="9" type="stmt"/>
      </file>
      <file name="LessThanRule.ts" path="C:\workspace\fluentvalidation-ts\src\rules\LessThanRule.ts">
        <metrics statements="9" coveredstatements="9" conditionals="8" coveredconditionals="8" methods="3" coveredmethods="3"/>
        <line num="1" count="9" type="stmt"/>
        <line num="3" count="9" type="stmt"/>
        <line num="5" count="2" type="cond" truecount="2" falsecount="0"/>
        <line num="6" count="4" type="cond" truecount="2" falsecount="0"/>
        <line num="7" count="1" type="stmt"/>
        <line num="9" count="3" type="cond" truecount="2" falsecount="0"/>
        <line num="10" count="1" type="stmt"/>
        <line num="14" count="2" type="stmt"/>
        <line num="19" count="9" type="stmt"/>
      </file>
      <file name="MatchesRule.ts" path="C:\workspace\fluentvalidation-ts\src\rules\MatchesRule.ts">
        <metrics statements="9" coveredstatements="9" conditionals="8" coveredconditionals="8" methods="3" coveredmethods="3"/>
        <line num="1" count="9" type="stmt"/>
        <line num="3" count="9" type="stmt"/>
        <line num="5" count="2" type="cond" truecount="2" falsecount="0"/>
        <line num="6" count="4" type="cond" truecount="2" falsecount="0"/>
        <line num="7" count="1" type="stmt"/>
        <line num="9" count="3" type="cond" truecount="2" falsecount="0"/>
        <line num="10" count="1" type="stmt"/>
        <line num="14" count="2" type="stmt"/>
        <line num="19" count="9" type="stmt"/>
      </file>
      <file name="MaxLengthRule.ts" path="C:\workspace\fluentvalidation-ts\src\rules\MaxLengthRule.ts">
        <metrics statements="9" coveredstatements="9" conditionals="8" coveredconditionals="8" methods="3" coveredmethods="3"/>
        <line num="1" count="9" type="stmt"/>
        <line num="3" count="9" type="stmt"/>
        <line num="5" count="2" type="cond" truecount="2" falsecount="0"/>
        <line num="6" count="4" type="cond" truecount="2" falsecount="0"/>
        <line num="7" count="1" type="stmt"/>
        <line num="9" count="3" type="cond" truecount="2" falsecount="0"/>
        <line num="10" count="1" type="stmt"/>
        <line num="14" count="2" type="stmt"/>
        <line num="19" count="9" type="stmt"/>
      </file>
      <file name="MinLengthRule.ts" path="C:\workspace\fluentvalidation-ts\src\rules\MinLengthRule.ts">
        <metrics statements="9" coveredstatements="9" conditionals="8" coveredconditionals="8" methods="3" coveredmethods="3"/>
        <line num="1" count="9" type="stmt"/>
        <line num="3" count="9" type="stmt"/>
        <line num="5" count="2" type="cond" truecount="2" falsecount="0"/>
        <line num="6" count="4" type="cond" truecount="2" falsecount="0"/>
        <line num="7" count="1" type="stmt"/>
        <line num="9" count="3" type="cond" truecount="2" falsecount="0"/>
        <line num="10" count="1" type="stmt"/>
        <line num="14" count="2" type="stmt"/>
        <line num="19" count="9" type="stmt"/>
      </file>
      <file name="MustRule.ts" path="C:\workspace\fluentvalidation-ts\src\rules\MustRule.ts">
        <metrics statements="18" coveredstatements="18" conditionals="20" coveredconditionals="20" methods="3" coveredmethods="3"/>
        <line num="1" count="9" type="stmt"/>
        <line num="21" count="9" type="stmt"/>
        <line num="23" count="15" type="cond" truecount="2" falsecount="0"/>
        <line num="24" count="28" type="cond" truecount="2" falsecount="0"/>
        <line num="25" count="9" type="stmt"/>
        <line num="26" count="9" type="cond" truecount="2" falsecount="0"/>
        <line num="27" count="4" type="stmt"/>
        <line num="28" count="4" type="cond" truecount="2" falsecount="0"/>
        <line num="29" count="1" type="stmt"/>
        <line num="32" count="5" type="stmt"/>
        <line num="33" count="5" type="cond" truecount="2" falsecount="0"/>
        <line num="34" count="2" type="stmt"/>
        <line num="40" count="1" type="stmt"/>
        <line num="43" count="24" type="cond" truecount="2" falsecount="0"/>
        <line num="44" count="15" type="cond" truecount="2" falsecount="0"/>
        <line num="47" count="9" type="stmt"/>
        <line num="49" count="9" type="stmt"/>
        <line num="56" count="9" type="stmt"/>
      </file>
      <file name="NotEmptyRule.ts" path="C:\workspace\fluentvalidation-ts\src\rules\NotEmptyRule.ts">
        <metrics statements="9" coveredstatements="9" conditionals="8" coveredconditionals="8" methods="3" coveredmethods="3"/>
        <line num="1" count="9" type="stmt"/>
        <line num="3" count="9" type="stmt"/>
        <line num="5" count="19" type="cond" truecount="2" falsecount="0"/>
        <line num="6" count="26" type="cond" truecount="2" falsecount="0"/>
        <line num="7" count="2" type="cond" truecount="2" falsecount="0"/>
        <line num="8" count="1" type="stmt"/>
        <line num="10" count="1" type="stmt"/>
        <line num="14" count="24" type="cond" truecount="2" falsecount="0"/>
        <line num="17" count="9" type="stmt"/>
      </file>
      <file name="NotEqualRule.ts" path="C:\workspace\fluentvalidation-ts\src\rules\NotEqualRule.ts">
        <metrics statements="5" coveredstatements="5" conditionals="4" coveredconditionals="4" methods="3" coveredmethods="3"/>
        <line num="1" count="9" type="stmt"/>
        <line num="3" count="9" type="stmt"/>
        <line num="5" count="1" type="cond" truecount="2" falsecount="0"/>
        <line num="6" count="2" type="cond" truecount="2" falsecount="0"/>
        <line num="9" count="9" type="stmt"/>
      </file>
      <file name="NotNullRule.ts" path="C:\workspace\fluentvalidation-ts\src\rules\NotNullRule.ts">
        <metrics statements="4" coveredstatements="4" conditionals="4" coveredconditionals="4" methods="3" coveredmethods="3"/>
        <line num="1" count="9" type="stmt"/>
        <line num="3" count="9" type="stmt"/>
        <line num="5" count="16" type="cond" truecount="4" falsecount="0"/>
        <line num="7" count="9" type="stmt"/>
      </file>
      <file name="NullRule.ts" path="C:\workspace\fluentvalidation-ts\src\rules\NullRule.ts">
        <metrics statements="4" coveredstatements="4" conditionals="4" coveredconditionals="4" methods="3" coveredmethods="3"/>
        <line num="1" count="9" type="stmt"/>
        <line num="3" count="9" type="stmt"/>
        <line num="5" count="2" type="cond" truecount="4" falsecount="0"/>
        <line num="7" count="9" type="stmt"/>
      </file>
      <file name="Rule.ts" path="C:\workspace\fluentvalidation-ts\src\rules\Rule.ts">
        <metrics statements="17" coveredstatements="17" conditionals="12" coveredconditionals="12" methods="6" coveredmethods="6"/>
        <line num="4" count="9" type="stmt"/>
        <line num="10" count="91" type="stmt"/>
        <line num="11" count="91" type="stmt"/>
        <line num="14" count="91" type="stmt"/>
        <line num="15" count="17" type="stmt"/>
        <line num="18" count="91" type="stmt"/>
        <line num="19" count="10" type="stmt"/>
        <line num="22" count="91" type="stmt"/>
        <line num="23" count="7" type="stmt"/>
        <line num="26" count="91" type="stmt"/>
        <line num="30" count="177" type="cond" truecount="4" falsecount="0"/>
        <line num="31" count="6" type="stmt"/>
        <line num="34" count="171" type="cond" truecount="4" falsecount="0"/>
        <line num="35" count="10" type="stmt"/>
        <line num="38" count="161" type="stmt"/>
        <line num="39" count="148" type="cond" truecount="4" falsecount="0"/>
        <line num="41" count="9" type="stmt"/>
      </file>
      <file name="ScalePrecisionRule.ts" path="C:\workspace\fluentvalidation-ts\src\rules\ScalePrecisionRule.ts">
        <metrics statements="12" coveredstatements="12" conditionals="10" coveredconditionals="10" methods="3" coveredmethods="3"/>
        <line num="1" count="9" type="stmt"/>
        <line num="3" count="9" type="stmt"/>
        <line num="5" count="2" type="cond" truecount="2" falsecount="0"/>
        <line num="6" count="5" type="cond" truecount="2" falsecount="0"/>
        <line num="7" count="1" type="stmt"/>
        <line num="9" count="4" type="cond" truecount="2" falsecount="0"/>
        <line num="10" count="1" type="stmt"/>
        <line num="14" count="3" type="stmt"/>
        <line num="15" count="3" type="cond" truecount="4" falsecount="0"/>
        <line num="16" count="2" type="stmt"/>
        <line num="18" count="1" type="stmt"/>
        <line num="21" count="9" type="stmt"/>
      </file>
      <file name="ValidatorRule.ts" path="C:\workspace\fluentvalidation-ts\src\rules\ValidatorRule.ts">
        <metrics statements="5" coveredstatements="5" conditionals="4" coveredconditionals="4" methods="3" coveredmethods="3"/>
        <line num="3" count="9" type="stmt"/>
        <line num="5" count="9" type="stmt"/>
        <line num="7" count="12" type="cond" truecount="2" falsecount="0"/>
        <line num="8" count="11" type="stmt"/>
        <line num="15" count="9" type="stmt"/>
      </file>
    </package>
    <package name="src.valueValidator">
      <metrics statements="168" coveredstatements="168" conditionals="24" coveredconditionals="24" methods="38" coveredmethods="38"/>
      <file name="ArrayValueValidatorBuilder.ts" path="C:\workspace\fluentvalidation-ts\src\valueValidator\ArrayValueValidatorBuilder.ts">
        <metrics statements="17" coveredstatements="17" conditionals="6" coveredconditionals="6" methods="6" coveredmethods="6"/>
        <line num="3" count="9" type="stmt"/>
        <line num="4" count="9" type="stmt"/>
        <line num="6" count="9" type="stmt"/>
        <line num="19" count="7" type="stmt"/>
        <line num="20" count="7" type="stmt"/>
        <line num="25" count="7" type="stmt"/>
        <line num="28" count="7" type="stmt"/>
        <line num="29" count="12" type="stmt"/>
        <line num="30" count="12" type="cond" truecount="2" falsecount="0"/>
        <line num="31" count="2" type="stmt"/>
        <line num="34" count="10" type="stmt"/>
        <line num="36" count="10" type="stmt"/>
        <line num="37" count="25" type="stmt"/>
        <line num="38" count="25" type="cond" truecount="2" falsecount="0"/>
        <line num="41" count="10" type="cond" truecount="2" falsecount="0"/>
        <line num="45" count="7" type="stmt"/>
        <line num="46" count="9" type="stmt"/>
      </file>
      <file name="ValueValidator.ts" path="C:\workspace\fluentvalidation-ts\src\valueValidator\ValueValidator.ts">
        <metrics statements="9" coveredstatements="9" conditionals="6" coveredconditionals="6" methods="2" coveredmethods="2"/>
        <line num="6" count="9" type="stmt"/>
        <line num="9" count="374" type="cond" truecount="2" falsecount="0"/>
        <line num="10" count="225" type="stmt"/>
        <line num="13" count="149" type="cond" truecount="2" falsecount="0"/>
        <line num="14" count="14" type="stmt"/>
        <line num="15" count="37" type="stmt"/>
        <line num="20" count="135" type="cond" truecount="2" falsecount="0"/>
        <line num="21" count="21" type="stmt"/>
        <line num="24" count="114" type="stmt"/>
      </file>
      <file name="ValueValidatorBuilder.ts" path="C:\workspace\fluentvalidation-ts\src\valueValidator\ValueValidatorBuilder.ts">
        <metrics statements="142" coveredstatements="142" conditionals="12" coveredconditionals="12" methods="30" coveredmethods="30"/>
        <line num="3" count="9" type="stmt"/>
        <line num="4" count="9" type="stmt"/>
        <line num="5" count="9" type="stmt"/>
        <line num="6" count="9" type="stmt"/>
        <line num="7" count="9" type="stmt"/>
        <line num="8" count="9" type="stmt"/>
        <line num="9" count="9" type="stmt"/>
        <line num="10" count="9" type="stmt"/>
        <line num="11" count="9" type="stmt"/>
        <line num="12" count="9" type="stmt"/>
        <line num="13" count="9" type="stmt"/>
        <line num="14" count="9" type="stmt"/>
        <line num="15" count="9" type="stmt"/>
        <line num="16" count="9" type="stmt"/>
        <line num="17" count="9" type="stmt"/>
        <line num="18" count="9" type="stmt"/>
        <line num="19" count="9" type="stmt"/>
        <line num="21" count="9" type="stmt"/>
        <line num="22" count="9" type="stmt"/>
        <line num="25" count="9" type="stmt"/>
        <line num="27" count="9" type="stmt"/>
        <line num="28" count="83" type="stmt"/>
        <line num="31" count="83" type="stmt"/>
        <line num="32" count="83" type="stmt"/>
        <line num="35" count="83" type="stmt"/>
        <line num="36" count="149" type="stmt"/>
        <line num="37" count="177" type="stmt"/>
        <line num="38" count="177" type="stmt"/>
        <line num="39" count="164" type="cond" truecount="2" falsecount="0"/>
        <line num="40" count="61" type="stmt"/>
        <line num="44" count="90" type="stmt"/>
        <line num="48" count="83" type="stmt"/>
        <line num="49" count="91" type="stmt"/>
        <line num="50" count="91" type="stmt"/>
        <line num="53" count="83" type="stmt"/>
        <line num="54" count="17" type="stmt"/>
        <line num="55" count="17" type="stmt"/>
        <line num="56" count="17" type="stmt"/>
        <line num="57" count="17" type="stmt"/>
        <line num="64" count="83" type="stmt"/>
        <line num="66" count="12" type="cond" truecount="2" falsecount="0"/>
        <line num="70" count="7" type="cond" truecount="2" falsecount="0"/>
        <line num="71" count="9" type="stmt"/>
        <line num="72" count="9" type="stmt"/>
        <line num="75" count="1" type="stmt"/>
        <line num="76" count="1" type="stmt"/>
        <line num="78" count="7" type="stmt"/>
        <line num="79" count="7" type="stmt"/>
        <line num="82" count="83" type="stmt"/>
        <line num="84" count="8" type="cond" truecount="2" falsecount="0"/>
        <line num="88" count="5" type="cond" truecount="2" falsecount="0"/>
        <line num="89" count="6" type="stmt"/>
        <line num="90" count="6" type="stmt"/>
        <line num="93" count="1" type="stmt"/>
        <line num="94" count="1" type="stmt"/>
        <line num="96" count="5" type="stmt"/>
        <line num="97" count="5" type="stmt"/>
        <line num="100" count="83" type="stmt"/>
        <line num="101" count="1" type="stmt"/>
        <line num="102" count="1" type="stmt"/>
        <line num="103" count="1" type="stmt"/>
        <line num="106" count="83" type="stmt"/>
        <line num="107" count="1" type="stmt"/>
        <line num="108" count="1" type="stmt"/>
        <line num="109" count="1" type="stmt"/>
        <line num="112" count="83" type="stmt"/>
        <line num="113" count="15" type="stmt"/>
        <line num="114" count="15" type="stmt"/>
        <line num="115" count="15" type="stmt"/>
        <line num="118" count="83" type="stmt"/>
        <line num="119" count="6" type="stmt"/>
        <line num="120" count="6" type="stmt"/>
        <line num="121" count="6" type="stmt"/>
        <line num="124" count="83" type="stmt"/>
        <line num="125" count="1" type="stmt"/>
        <line num="126" count="1" type="stmt"/>
        <line num="127" count="1" type="stmt"/>
        <line num="130" count="83" type="stmt"/>
        <line num="131" count="19" type="stmt"/>
        <line num="132" count="19" type="stmt"/>
        <line num="133" count="19" type="stmt"/>
        <line num="136" count="83" type="stmt"/>
        <line num="137" count="4" type="stmt"/>
        <line num="138" count="4" type="stmt"/>
        <line num="139" count="4" type="stmt"/>
        <line num="142" count="83" type="stmt"/>
        <line num="143" count="2" type="stmt"/>
        <line num="144" count="2" type="stmt"/>
        <line num="145" count="2" type="stmt"/>
        <line num="148" count="83" type="stmt"/>
        <line num="149" count="2" type="stmt"/>
        <line num="150" count="2" type="stmt"/>
        <line num="151" count="2" type="stmt"/>
        <line num="154" count="83" type="stmt"/>
        <line num="155" count="2" type="stmt"/>
        <line num="156" count="2" type="stmt"/>
        <line num="157" count="2" type="stmt"/>
        <line num="160" count="83" type="stmt"/>
        <line num="161" count="2" type="stmt"/>
        <line num="162" count="2" type="stmt"/>
        <line num="163" count="2" type="stmt"/>
        <line num="166" count="83" type="stmt"/>
        <line num="167" count="2" type="stmt"/>
        <line num="168" count="2" type="stmt"/>
        <line num="169" count="2" type="stmt"/>
        <line num="172" count="83" type="stmt"/>
        <line num="173" count="2" type="stmt"/>
        <line num="176" count="2" type="stmt"/>
        <line num="177" count="2" type="stmt"/>
        <line num="180" count="83" type="stmt"/>
        <line num="181" count="4" type="stmt"/>
        <line num="182" count="4" type="stmt"/>
        <line num="183" count="4" type="stmt"/>
        <line num="186" count="83" type="stmt"/>
        <line num="187" count="3" type="stmt"/>
        <line num="191" count="3" type="stmt"/>
        <line num="192" count="3" type="stmt"/>
        <line num="195" count="83" type="stmt"/>
        <line num="196" count="2" type="stmt"/>
        <line num="200" count="2" type="stmt"/>
        <line num="201" count="2" type="stmt"/>
        <line num="204" count="83" type="stmt"/>
        <line num="205" count="9" type="stmt"/>
        <line num="209" count="9" type="stmt"/>
        <line num="210" count="9" type="stmt"/>
        <line num="213" count="83" type="stmt"/>
        <line num="216" count="12" type="stmt"/>
        <line num="219" count="12" type="stmt"/>
        <line num="220" count="12" type="stmt"/>
        <line num="223" count="83" type="stmt"/>
        <line num="224" count="3" type="cond" truecount="2" falsecount="0"/>
        <line num="225" count="1" type="stmt"/>
        <line num="229" count="2" type="stmt"/>
        <line num="233" count="2" type="stmt"/>
        <line num="234" count="2" type="stmt"/>
        <line num="237" count="83" type="stmt"/>
        <line num="238" count="203" type="stmt"/>
        <line num="261" count="83" type="stmt"/>
        <line num="262" count="91" type="stmt"/>
        <line num="270" count="83" type="stmt"/>
        <line num="271" count="19" type="stmt"/>
        <line num="273" count="9" type="stmt"/>
      </file>
    </package>
  </project>
</coverage>
