{
  "C:\\workspace\\holder\\src\\index.ts": {
    "path": "C:\\workspace\\holder\\src\\index.ts",
    "statementMap": {
      "0": {
        "start": { "line": 2, "column": 0 },
        "end": { "line": 2, "column": 89 }
      },
      "1": {
        "start": { "line": 4, "column": 0 },
        "end": { "line": 4, "column": 59 }
      },
      "2": {
        "start": { "line": 5, "column": 0 },
        "end": { "line": 5, "column": 79 }
      },
      "3": {
        "start": { "line": 22, "column": 0 },
        "end": { "line": 22, "column": 22 }
      },
      "4": {
        "start": { "line": 23, "column": 10 },
        "end": { "line": 25, "column": 9 }
      },
      "5": {
        "start": { "line": 27, "column": 10 },
        "end": { "line": 29, "column": 4 }
      },
      "6": {
        "start": { "line": 28, "column": 4 },
        "end": { "line": 28, "column": 14 }
      },
      "7": {
        "start": { "line": 31, "column": 10 },
        "end": { "line": 55, "column": 4 }
      },
      "8": {
        "start": { "line": 32, "column": 4 },
        "end": { "line": 54, "column": 6 }
      },
      "9": {
        "start": { "line": 33, "column": 47 },
        "end": { "line": 33, "column": 49 }
      },
      "10": {
        "start": { "line": 35, "column": 6 },
        "end": { "line": 51, "column": null }
      },
      "11": {
        "start": { "line": 35, "column": 33 },
        "end": { "line": 35, "column": 39 }
      },
      "12": {
        "start": { "line": 35, "column": 33 },
        "end": { "line": 36, "column": null }
      },
      "13": {
        "start": { "line": 35, "column": 29 },
        "end": { "line": 35, "column": 33 }
      },
      "14": {
        "start": { "line": 38, "column": 39 },
        "end": { "line": 39, "column": 77 }
      },
      "15": {
        "start": { "line": 41, "column": 8 },
        "end": { "line": 50, "column": null }
      },
      "16": {
        "start": { "line": 41, "column": 44 },
        "end": { "line": 41, "column": 67 }
      },
      "17": {
        "start": { "line": 41, "column": 40 },
        "end": { "line": 41, "column": 44 }
      },
      "18": {
        "start": { "line": 42, "column": 33 },
        "end": { "line": 42, "column": 62 }
      },
      "19": {
        "start": { "line": 43, "column": 25 },
        "end": { "line": 45, "column": null }
      },
      "20": {
        "start": { "line": 47, "column": 10 },
        "end": { "line": 49, "column": null }
      },
      "21": {
        "start": { "line": 48, "column": 12 },
        "end": { "line": 48, "column": 58 }
      },
      "22": {
        "start": { "line": 53, "column": 6 },
        "end": { "line": 53, "column": 20 }
      },
      "23": {
        "start": { "line": 57, "column": 9 },
        "end": { "line": 59, "column": 4 }
      },
      "24": {
        "start": { "line": 58, "column": 4 },
        "end": { "line": 58, "column": 33 }
      },
      "25": {
        "start": { "line": 61, "column": 12 },
        "end": { "line": 84, "column": 4 }
      },
      "26": {
        "start": { "line": 67, "column": 34 },
        "end": { "line": 71, "column": 27 }
      },
      "27": {
        "start": { "line": 73, "column": 4 },
        "end": { "line": 74, "column": 68 }
      },
      "28": {
        "start": { "line": 76, "column": 4 },
        "end": { "line": 78, "column": 6 }
      },
      "29": {
        "start": { "line": 80, "column": 4 },
        "end": { "line": 83, "column": 6 }
      },
      "30": {
        "start": { "line": 86, "column": 12 },
        "end": { "line": 117, "column": 4 }
      },
      "31": {
        "start": { "line": 104, "column": 39 },
        "end": { "line": 105, "column": null }
      },
      "32": {
        "start": { "line": 108, "column": 4 },
        "end": { "line": 110, "column": null }
      },
      "33": {
        "start": { "line": 109, "column": 6 },
        "end": { "line": 109, "column": 67 }
      },
      "34": {
        "start": { "line": 112, "column": 4 },
        "end": { "line": 114, "column": 6 }
      },
      "35": {
        "start": { "line": 116, "column": 4 },
        "end": { "line": 116, "column": 59 }
      },
      "36": {
        "start": { "line": 118, "column": 0 },
        "end": { "line": 118, "column": null }
      },
      "37": {
        "start": { "line": 22, "column": 22 },
        "end": { "line": 22, "column": 31 }
      }
    },
    "fnMap": {
      "0": {
        "name": "(anonymous_0)",
        "decl": {
          "start": { "line": 22, "column": 0 },
          "end": { "line": 22, "column": 22 }
        },
        "loc": {
          "start": { "line": 22, "column": 0 },
          "end": { "line": 118, "column": null }
        }
      },
      "1": {
        "name": "(anonymous_2)",
        "decl": {
          "start": { "line": 27, "column": 67 },
          "end": { "line": 27, "column": null }
        },
        "loc": {
          "start": { "line": 27, "column": 67 },
          "end": { "line": 29, "column": 3 }
        }
      },
      "2": {
        "name": "(anonymous_3)",
        "decl": {
          "start": { "line": 31, "column": 28 },
          "end": { "line": 31, "column": null }
        },
        "loc": {
          "start": { "line": 31, "column": 28 },
          "end": { "line": 55, "column": 3 }
        }
      },
      "3": {
        "name": "(anonymous_4)",
        "decl": {
          "start": { "line": 32, "column": 21 },
          "end": { "line": 32, "column": 22 }
        },
        "loc": {
          "start": { "line": 32, "column": 35 },
          "end": { "line": 54, "column": 5 }
        }
      },
      "4": {
        "name": "(anonymous_5)",
        "decl": {
          "start": { "line": 57, "column": 20 },
          "end": { "line": 57, "column": 21 }
        },
        "loc": {
          "start": { "line": 57, "column": 34 },
          "end": { "line": 59, "column": 3 }
        }
      },
      "5": {
        "name": "(anonymous_6)",
        "decl": {
          "start": { "line": 61, "column": 22 },
          "end": { "line": 61, "column": null }
        },
        "loc": {
          "start": { "line": 65, "column": 31 },
          "end": { "line": 84, "column": 3 }
        }
      },
      "6": {
        "name": "(anonymous_7)",
        "decl": {
          "start": { "line": 86, "column": 26 },
          "end": { "line": 86, "column": null }
        },
        "loc": {
          "start": { "line": 100, "column": 13 },
          "end": { "line": 117, "column": 3 }
        }
      }
    },
    "branchMap": {
      "0": {
        "loc": {
          "start": { "line": 47, "column": 10 },
          "end": { "line": 49, "column": null }
        },
        "type": "if",
        "locations": [
          {
            "start": { "line": 47, "column": 10 },
            "end": { "line": 49, "column": null }
          },
          {
            "start": { "line": 47, "column": 10 },
            "end": { "line": 49, "column": null }
          }
        ]
      },
      "1": {
        "loc": {
          "start": { "line": 74, "column": 6 },
          "end": { "line": 74, "column": 61 }
        },
        "type": "binary-expr",
        "locations": [
          {
            "start": { "line": 74, "column": 6 },
            "end": { "line": 74, "column": 61 }
          },
          {
            "start": { "line": 74, "column": 65 },
            "end": { "line": 74, "column": 67 }
          }
        ]
      },
      "2": {
        "loc": {
          "start": { "line": 108, "column": 4 },
          "end": { "line": 110, "column": null }
        },
        "type": "if",
        "locations": [
          {
            "start": { "line": 108, "column": 4 },
            "end": { "line": 110, "column": null }
          },
          {
            "start": { "line": 108, "column": 4 },
            "end": { "line": 110, "column": null }
          }
        ]
      }
    },
    "s": {
      "0": 9,
      "1": 9,
      "2": 9,
      "3": 65,
      "4": 56,
      "5": 56,
      "6": 1,
      "7": 56,
      "8": 109,
      "9": 110,
      "10": 110,
      "11": 110,
      "12": 110,
      "13": 130,
      "14": 130,
      "15": 130,
      "16": 260,
      "17": 135,
      "18": 135,
      "19": 135,
      "20": 122,
      "21": 49,
      "22": 97,
      "23": 56,
      "24": 111,
      "25": 56,
      "26": 70,
      "27": 70,
      "28": 70,
      "29": 70,
      "30": 56,
      "31": 6,
      "32": 6,
      "33": 5,
      "34": 6,
      "35": 6,
      "36": 9,
      "37": 9
    },
    "f": { "0": 65, "1": 1, "2": 109, "3": 110, "4": 111, "5": 70, "6": 6 },
    "b": { "0": [49, 73], "1": [70, 70], "2": [5, 1] }
  },
  "C:\\workspace\\holder\\src\\rules\\EmailAddressRule.ts": {
    "path": "C:\\workspace\\holder\\src\\rules\\EmailAddressRule.ts",
    "statementMap": {
      "0": {
        "start": { "line": 1, "column": 0 },
        "end": { "line": 1, "column": 30 }
      },
      "1": {
        "start": { "line": 3, "column": 28 },
        "end": { "line": 3, "column": 99 }
      },
      "2": {
        "start": { "line": 5, "column": 0 },
        "end": { "line": 8, "column": 30 }
      },
      "3": {
        "start": { "line": 8, "column": 10 },
        "end": { "line": 8, "column": 14 }
      },
      "4": {
        "start": { "line": 10, "column": 4 },
        "end": { "line": 22, "column": null }
      },
      "5": {
        "start": { "line": 11, "column": 6 },
        "end": { "line": 13, "column": null }
      },
      "6": {
        "start": { "line": 12, "column": 8 },
        "end": { "line": 12, "column": 20 }
      },
      "7": {
        "start": { "line": 14, "column": 6 },
        "end": { "line": 18, "column": null }
      },
      "8": {
        "start": { "line": 15, "column": 8 },
        "end": { "line": 17, "column": 10 }
      },
      "9": {
        "start": { "line": 19, "column": 6 },
        "end": { "line": 21, "column": 38 }
      },
      "10": {
        "start": { "line": 24, "column": 0 },
        "end": { "line": 24, "column": null }
      },
      "11": {
        "start": { "line": 5, "column": 13 },
        "end": { "line": 5, "column": 29 }
      }
    },
    "fnMap": {
      "0": {
        "name": "(anonymous_0)",
        "decl": {
          "start": { "line": 5, "column": 0 },
          "end": { "line": 5, "column": 13 }
        },
        "loc": {
          "start": { "line": 5, "column": 0 },
          "end": { "line": 24, "column": null }
        }
      },
      "1": {
        "name": "EmailAddressRule",
        "decl": {
          "start": { "line": 9, "column": 2 },
          "end": { "line": 9, "column": null }
        },
        "loc": {
          "start": { "line": 9, "column": 2 },
          "end": { "line": 23, "column": 3 }
        }
      },
      "2": {
        "name": "(anonymous_2)",
        "decl": {
          "start": { "line": 10, "column": 10 },
          "end": { "line": 10, "column": 11 }
        },
        "loc": {
          "start": { "line": 10, "column": 24 },
          "end": { "line": 22, "column": 5 }
        }
      }
    },
    "branchMap": {
      "0": {
        "loc": {
          "start": { "line": 10, "column": 4 },
          "end": { "line": 22, "column": 6 }
        },
        "type": "binary-expr",
        "locations": [
          {
            "start": { "line": 10, "column": 4 },
            "end": { "line": 22, "column": 6 }
          },
          {
            "start": { "line": 22, "column": 6 },
            "end": { "line": 22, "column": null }
          }
        ]
      },
      "1": {
        "loc": {
          "start": { "line": 11, "column": 6 },
          "end": { "line": 13, "column": null }
        },
        "type": "if",
        "locations": [
          {
            "start": { "line": 11, "column": 6 },
            "end": { "line": 13, "column": null }
          },
          {
            "start": { "line": 11, "column": 6 },
            "end": { "line": 13, "column": null }
          }
        ]
      },
      "2": {
        "loc": {
          "start": { "line": 14, "column": 6 },
          "end": { "line": 18, "column": null }
        },
        "type": "if",
        "locations": [
          {
            "start": { "line": 14, "column": 6 },
            "end": { "line": 18, "column": null }
          },
          {
            "start": { "line": 14, "column": 6 },
            "end": { "line": 18, "column": null }
          }
        ]
      },
      "3": {
        "loc": {
          "start": { "line": 20, "column": 10 },
          "end": { "line": 20, "column": 14 }
        },
        "type": "cond-expr",
        "locations": [
          {
            "start": { "line": 20, "column": 10 },
            "end": { "line": 20, "column": 14 }
          },
          {
            "start": { "line": 21, "column": 10 },
            "end": { "line": 21, "column": 37 }
          }
        ]
      }
    },
    "s": {
      "0": 9,
      "1": 9,
      "2": 9,
      "3": 9,
      "4": 2,
      "5": 4,
      "6": 1,
      "7": 3,
      "8": 1,
      "9": 2,
      "10": 9,
      "11": 9
    },
    "f": { "0": 9, "1": 2, "2": 4 },
    "b": { "0": [2, 2], "1": [1, 3], "2": [1, 2], "3": [1, 1] }
  },
  "C:\\workspace\\holder\\src\\rules\\EqualRule.ts": {
    "path": "C:\\workspace\\holder\\src\\rules\\EqualRule.ts",
    "statementMap": {
      "0": {
        "start": { "line": 1, "column": 0 },
        "end": { "line": 1, "column": 30 }
      },
      "1": {
        "start": { "line": 3, "column": 0 },
        "end": { "line": 6, "column": 30 }
      },
      "2": {
        "start": { "line": 6, "column": 10 },
        "end": { "line": 6, "column": 14 }
      },
      "3": {
        "start": { "line": 8, "column": 4 },
        "end": { "line": 10, "column": null }
      },
      "4": {
        "start": { "line": 9, "column": 6 },
        "end": { "line": 9, "column": null }
      },
      "5": {
        "start": { "line": 12, "column": 0 },
        "end": { "line": 12, "column": null }
      },
      "6": {
        "start": { "line": 3, "column": 13 },
        "end": { "line": 3, "column": 22 }
      }
    },
    "fnMap": {
      "0": {
        "name": "(anonymous_0)",
        "decl": {
          "start": { "line": 3, "column": 0 },
          "end": { "line": 3, "column": 13 }
        },
        "loc": {
          "start": { "line": 3, "column": 0 },
          "end": { "line": 12, "column": null }
        }
      },
      "1": {
        "name": "EqualRule",
        "decl": {
          "start": { "line": 7, "column": 2 },
          "end": { "line": 7, "column": 14 }
        },
        "loc": {
          "start": { "line": 7, "column": 35 },
          "end": { "line": 11, "column": 3 }
        }
      },
      "2": {
        "name": "(anonymous_2)",
        "decl": {
          "start": { "line": 8, "column": 10 },
          "end": { "line": 8, "column": 11 }
        },
        "loc": {
          "start": { "line": 8, "column": 24 },
          "end": { "line": 9, "column": 11 }
        }
      }
    },
    "branchMap": {
      "0": {
        "loc": {
          "start": { "line": 8, "column": 4 },
          "end": { "line": 9, "column": null }
        },
        "type": "binary-expr",
        "locations": [
          {
            "start": { "line": 8, "column": 4 },
            "end": { "line": 9, "column": null }
          },
          {
            "start": { "line": 10, "column": 5 },
            "end": { "line": 10, "column": null }
          }
        ]
      },
      "1": {
        "loc": {
          "start": { "line": 9, "column": 32 },
          "end": { "line": 9, "column": 36 }
        },
        "type": "cond-expr",
        "locations": [
          {
            "start": { "line": 9, "column": 32 },
            "end": { "line": 9, "column": 36 }
          },
          {
            "start": { "line": 9, "column": 39 },
            "end": { "line": 9, "column": 70 }
          }
        ]
      }
    },
    "s": { "0": 9, "1": 9, "2": 9, "3": 1, "4": 2, "5": 9, "6": 9 },
    "f": { "0": 9, "1": 1, "2": 2 },
    "b": { "0": [1, 1], "1": [1, 1] }
  },
  "C:\\workspace\\holder\\src\\rules\\ExclusiveBetweenRule.ts": {
    "path": "C:\\workspace\\holder\\src\\rules\\ExclusiveBetweenRule.ts",
    "statementMap": {
      "0": {
        "start": { "line": 1, "column": 0 },
        "end": { "line": 1, "column": 30 }
      },
      "1": {
        "start": { "line": 3, "column": 0 },
        "end": { "line": 6, "column": 30 }
      },
      "2": {
        "start": { "line": 6, "column": 10 },
        "end": { "line": 6, "column": 14 }
      },
      "3": {
        "start": { "line": 8, "column": 4 },
        "end": { "line": 20, "column": null }
      },
      "4": {
        "start": { "line": 9, "column": 6 },
        "end": { "line": 11, "column": null }
      },
      "5": {
        "start": { "line": 10, "column": 8 },
        "end": { "line": 10, "column": 20 }
      },
      "6": {
        "start": { "line": 12, "column": 6 },
        "end": { "line": 16, "column": null }
      },
      "7": {
        "start": { "line": 13, "column": 8 },
        "end": { "line": 15, "column": 10 }
      },
      "8": {
        "start": { "line": 17, "column": 6 },
        "end": { "line": 19, "column": 112 }
      },
      "9": {
        "start": { "line": 22, "column": 0 },
        "end": { "line": 22, "column": null }
      },
      "10": {
        "start": { "line": 3, "column": 13 },
        "end": { "line": 3, "column": 33 }
      }
    },
    "fnMap": {
      "0": {
        "name": "(anonymous_0)",
        "decl": {
          "start": { "line": 3, "column": 0 },
          "end": { "line": 3, "column": 13 }
        },
        "loc": {
          "start": { "line": 3, "column": 0 },
          "end": { "line": 22, "column": null }
        }
      },
      "1": {
        "name": "ExclusiveBetweenRule",
        "decl": {
          "start": { "line": 7, "column": 2 },
          "end": { "line": 7, "column": 14 }
        },
        "loc": {
          "start": { "line": 7, "column": 52 },
          "end": { "line": 21, "column": 3 }
        }
      },
      "2": {
        "name": "(anonymous_2)",
        "decl": {
          "start": { "line": 8, "column": 10 },
          "end": { "line": 8, "column": 11 }
        },
        "loc": {
          "start": { "line": 8, "column": 24 },
          "end": { "line": 20, "column": 5 }
        }
      }
    },
    "branchMap": {
      "0": {
        "loc": {
          "start": { "line": 8, "column": 4 },
          "end": { "line": 20, "column": 6 }
        },
        "type": "binary-expr",
        "locations": [
          {
            "start": { "line": 8, "column": 4 },
            "end": { "line": 20, "column": 6 }
          },
          {
            "start": { "line": 20, "column": 6 },
            "end": { "line": 20, "column": null }
          }
        ]
      },
      "1": {
        "loc": {
          "start": { "line": 9, "column": 6 },
          "end": { "line": 11, "column": null }
        },
        "type": "if",
        "locations": [
          {
            "start": { "line": 9, "column": 6 },
            "end": { "line": 11, "column": null }
          },
          {
            "start": { "line": 9, "column": 6 },
            "end": { "line": 11, "column": null }
          }
        ]
      },
      "2": {
        "loc": {
          "start": { "line": 12, "column": 6 },
          "end": { "line": 16, "column": null }
        },
        "type": "if",
        "locations": [
          {
            "start": { "line": 12, "column": 6 },
            "end": { "line": 16, "column": null }
          },
          {
            "start": { "line": 12, "column": 6 },
            "end": { "line": 16, "column": null }
          }
        ]
      },
      "3": {
        "loc": {
          "start": { "line": 18, "column": 10 },
          "end": { "line": 18, "column": 14 }
        },
        "type": "cond-expr",
        "locations": [
          {
            "start": { "line": 18, "column": 10 },
            "end": { "line": 18, "column": 14 }
          },
          {
            "start": { "line": 19, "column": 10 },
            "end": { "line": 19, "column": 111 }
          }
        ]
      },
      "4": {
        "loc": {
          "start": { "line": 17, "column": 13 },
          "end": { "line": 17, "column": 31 }
        },
        "type": "binary-expr",
        "locations": [
          {
            "start": { "line": 17, "column": 13 },
            "end": { "line": 17, "column": 31 }
          },
          {
            "start": { "line": 17, "column": 35 },
            "end": { "line": 17, "column": 53 }
          }
        ]
      }
    },
    "s": {
      "0": 9,
      "1": 9,
      "2": 9,
      "3": 2,
      "4": 5,
      "5": 1,
      "6": 4,
      "7": 1,
      "8": 3,
      "9": 9,
      "10": 9
    },
    "f": { "0": 9, "1": 2, "2": 5 },
    "b": { "0": [2, 2], "1": [1, 4], "2": [1, 3], "3": [1, 2], "4": [3, 2] }
  },
  "C:\\workspace\\holder\\src\\rules\\GreaterThanOrEqualToRule.ts": {
    "path": "C:\\workspace\\holder\\src\\rules\\GreaterThanOrEqualToRule.ts",
    "statementMap": {
      "0": {
        "start": { "line": 1, "column": 0 },
        "end": { "line": 1, "column": 30 }
      },
      "1": {
        "start": { "line": 3, "column": 0 },
        "end": { "line": 6, "column": 30 }
      },
      "2": {
        "start": { "line": 6, "column": 10 },
        "end": { "line": 6, "column": 14 }
      },
      "3": {
        "start": { "line": 8, "column": 4 },
        "end": { "line": 20, "column": null }
      },
      "4": {
        "start": { "line": 9, "column": 6 },
        "end": { "line": 11, "column": null }
      },
      "5": {
        "start": { "line": 10, "column": 8 },
        "end": { "line": 10, "column": 20 }
      },
      "6": {
        "start": { "line": 12, "column": 6 },
        "end": { "line": 16, "column": null }
      },
      "7": {
        "start": { "line": 13, "column": 8 },
        "end": { "line": 15, "column": 10 }
      },
      "8": {
        "start": { "line": 17, "column": 6 },
        "end": { "line": 19, "column": 81 }
      },
      "9": {
        "start": { "line": 22, "column": 0 },
        "end": { "line": 22, "column": null }
      },
      "10": {
        "start": { "line": 3, "column": 13 },
        "end": { "line": 3, "column": 37 }
      }
    },
    "fnMap": {
      "0": {
        "name": "(anonymous_0)",
        "decl": {
          "start": { "line": 3, "column": 0 },
          "end": { "line": 3, "column": 13 }
        },
        "loc": {
          "start": { "line": 3, "column": 0 },
          "end": { "line": 22, "column": null }
        }
      },
      "1": {
        "name": "GreaterThanOrEqualToRule",
        "decl": {
          "start": { "line": 7, "column": 2 },
          "end": { "line": 7, "column": 14 }
        },
        "loc": {
          "start": { "line": 7, "column": 31 },
          "end": { "line": 21, "column": 3 }
        }
      },
      "2": {
        "name": "(anonymous_2)",
        "decl": {
          "start": { "line": 8, "column": 10 },
          "end": { "line": 8, "column": 11 }
        },
        "loc": {
          "start": { "line": 8, "column": 24 },
          "end": { "line": 20, "column": 5 }
        }
      }
    },
    "branchMap": {
      "0": {
        "loc": {
          "start": { "line": 8, "column": 4 },
          "end": { "line": 20, "column": 6 }
        },
        "type": "binary-expr",
        "locations": [
          {
            "start": { "line": 8, "column": 4 },
            "end": { "line": 20, "column": 6 }
          },
          {
            "start": { "line": 20, "column": 6 },
            "end": { "line": 20, "column": null }
          }
        ]
      },
      "1": {
        "loc": {
          "start": { "line": 9, "column": 6 },
          "end": { "line": 11, "column": null }
        },
        "type": "if",
        "locations": [
          {
            "start": { "line": 9, "column": 6 },
            "end": { "line": 11, "column": null }
          },
          {
            "start": { "line": 9, "column": 6 },
            "end": { "line": 11, "column": null }
          }
        ]
      },
      "2": {
        "loc": {
          "start": { "line": 12, "column": 6 },
          "end": { "line": 16, "column": null }
        },
        "type": "if",
        "locations": [
          {
            "start": { "line": 12, "column": 6 },
            "end": { "line": 16, "column": null }
          },
          {
            "start": { "line": 12, "column": 6 },
            "end": { "line": 16, "column": null }
          }
        ]
      },
      "3": {
        "loc": {
          "start": { "line": 18, "column": 10 },
          "end": { "line": 18, "column": 14 }
        },
        "type": "cond-expr",
        "locations": [
          {
            "start": { "line": 18, "column": 10 },
            "end": { "line": 18, "column": 14 }
          },
          {
            "start": { "line": 19, "column": 10 },
            "end": { "line": 19, "column": 80 }
          }
        ]
      }
    },
    "s": {
      "0": 9,
      "1": 9,
      "2": 9,
      "3": 3,
      "4": 5,
      "5": 1,
      "6": 4,
      "7": 1,
      "8": 3,
      "9": 9,
      "10": 9
    },
    "f": { "0": 9, "1": 3, "2": 5 },
    "b": { "0": [3, 3], "1": [1, 4], "2": [1, 3], "3": [2, 1] }
  },
  "C:\\workspace\\holder\\src\\rules\\GreaterThanRule.ts": {
    "path": "C:\\workspace\\holder\\src\\rules\\GreaterThanRule.ts",
    "statementMap": {
      "0": {
        "start": { "line": 1, "column": 0 },
        "end": { "line": 1, "column": 30 }
      },
      "1": {
        "start": { "line": 3, "column": 0 },
        "end": { "line": 6, "column": 30 }
      },
      "2": {
        "start": { "line": 6, "column": 10 },
        "end": { "line": 6, "column": 14 }
      },
      "3": {
        "start": { "line": 8, "column": 4 },
        "end": { "line": 20, "column": null }
      },
      "4": {
        "start": { "line": 9, "column": 6 },
        "end": { "line": 11, "column": null }
      },
      "5": {
        "start": { "line": 10, "column": 8 },
        "end": { "line": 10, "column": 20 }
      },
      "6": {
        "start": { "line": 12, "column": 6 },
        "end": { "line": 16, "column": null }
      },
      "7": {
        "start": { "line": 13, "column": 8 },
        "end": { "line": 15, "column": 10 }
      },
      "8": {
        "start": { "line": 17, "column": 6 },
        "end": { "line": 19, "column": 69 }
      },
      "9": {
        "start": { "line": 22, "column": 0 },
        "end": { "line": 22, "column": null }
      },
      "10": {
        "start": { "line": 3, "column": 13 },
        "end": { "line": 3, "column": 28 }
      }
    },
    "fnMap": {
      "0": {
        "name": "(anonymous_0)",
        "decl": {
          "start": { "line": 3, "column": 0 },
          "end": { "line": 3, "column": 13 }
        },
        "loc": {
          "start": { "line": 3, "column": 0 },
          "end": { "line": 22, "column": null }
        }
      },
      "1": {
        "name": "GreaterThanRule",
        "decl": {
          "start": { "line": 7, "column": 2 },
          "end": { "line": 7, "column": 14 }
        },
        "loc": {
          "start": { "line": 7, "column": 31 },
          "end": { "line": 21, "column": 3 }
        }
      },
      "2": {
        "name": "(anonymous_2)",
        "decl": {
          "start": { "line": 8, "column": 10 },
          "end": { "line": 8, "column": 11 }
        },
        "loc": {
          "start": { "line": 8, "column": 24 },
          "end": { "line": 20, "column": 5 }
        }
      }
    },
    "branchMap": {
      "0": {
        "loc": {
          "start": { "line": 8, "column": 4 },
          "end": { "line": 20, "column": 6 }
        },
        "type": "binary-expr",
        "locations": [
          {
            "start": { "line": 8, "column": 4 },
            "end": { "line": 20, "column": 6 }
          },
          {
            "start": { "line": 20, "column": 6 },
            "end": { "line": 20, "column": null }
          }
        ]
      },
      "1": {
        "loc": {
          "start": { "line": 9, "column": 6 },
          "end": { "line": 11, "column": null }
        },
        "type": "if",
        "locations": [
          {
            "start": { "line": 9, "column": 6 },
            "end": { "line": 11, "column": null }
          },
          {
            "start": { "line": 9, "column": 6 },
            "end": { "line": 11, "column": null }
          }
        ]
      },
      "2": {
        "loc": {
          "start": { "line": 12, "column": 6 },
          "end": { "line": 16, "column": null }
        },
        "type": "if",
        "locations": [
          {
            "start": { "line": 12, "column": 6 },
            "end": { "line": 16, "column": null }
          },
          {
            "start": { "line": 12, "column": 6 },
            "end": { "line": 16, "column": null }
          }
        ]
      },
      "3": {
        "loc": {
          "start": { "line": 18, "column": 10 },
          "end": { "line": 18, "column": 14 }
        },
        "type": "cond-expr",
        "locations": [
          {
            "start": { "line": 18, "column": 10 },
            "end": { "line": 18, "column": 14 }
          },
          {
            "start": { "line": 19, "column": 10 },
            "end": { "line": 19, "column": 68 }
          }
        ]
      }
    },
    "s": {
      "0": 9,
      "1": 9,
      "2": 9,
      "3": 4,
      "4": 6,
      "5": 1,
      "6": 5,
      "7": 1,
      "8": 4,
      "9": 9,
      "10": 9
    },
    "f": { "0": 9, "1": 4, "2": 6 },
    "b": { "0": [4, 4], "1": [1, 5], "2": [1, 4], "3": [3, 1] }
  },
  "C:\\workspace\\holder\\src\\rules\\InclusiveBetweenRule.ts": {
    "path": "C:\\workspace\\holder\\src\\rules\\InclusiveBetweenRule.ts",
    "statementMap": {
      "0": {
        "start": { "line": 1, "column": 0 },
        "end": { "line": 1, "column": 30 }
      },
      "1": {
        "start": { "line": 3, "column": 0 },
        "end": { "line": 6, "column": 30 }
      },
      "2": {
        "start": { "line": 6, "column": 10 },
        "end": { "line": 6, "column": 14 }
      },
      "3": {
        "start": { "line": 8, "column": 4 },
        "end": { "line": 20, "column": null }
      },
      "4": {
        "start": { "line": 9, "column": 6 },
        "end": { "line": 11, "column": null }
      },
      "5": {
        "start": { "line": 10, "column": 8 },
        "end": { "line": 10, "column": 20 }
      },
      "6": {
        "start": { "line": 12, "column": 6 },
        "end": { "line": 16, "column": null }
      },
      "7": {
        "start": { "line": 13, "column": 8 },
        "end": { "line": 15, "column": 10 }
      },
      "8": {
        "start": { "line": 17, "column": 6 },
        "end": { "line": 19, "column": 112 }
      },
      "9": {
        "start": { "line": 22, "column": 0 },
        "end": { "line": 22, "column": null }
      },
      "10": {
        "start": { "line": 3, "column": 13 },
        "end": { "line": 3, "column": 33 }
      }
    },
    "fnMap": {
      "0": {
        "name": "(anonymous_0)",
        "decl": {
          "start": { "line": 3, "column": 0 },
          "end": { "line": 3, "column": 13 }
        },
        "loc": {
          "start": { "line": 3, "column": 0 },
          "end": { "line": 22, "column": null }
        }
      },
      "1": {
        "name": "InclusiveBetweenRule",
        "decl": {
          "start": { "line": 7, "column": 2 },
          "end": { "line": 7, "column": 14 }
        },
        "loc": {
          "start": { "line": 7, "column": 52 },
          "end": { "line": 21, "column": 3 }
        }
      },
      "2": {
        "name": "(anonymous_2)",
        "decl": {
          "start": { "line": 8, "column": 10 },
          "end": { "line": 8, "column": 11 }
        },
        "loc": {
          "start": { "line": 8, "column": 24 },
          "end": { "line": 20, "column": 5 }
        }
      }
    },
    "branchMap": {
      "0": {
        "loc": {
          "start": { "line": 8, "column": 4 },
          "end": { "line": 20, "column": 6 }
        },
        "type": "binary-expr",
        "locations": [
          {
            "start": { "line": 8, "column": 4 },
            "end": { "line": 20, "column": 6 }
          },
          {
            "start": { "line": 20, "column": 6 },
            "end": { "line": 20, "column": null }
          }
        ]
      },
      "1": {
        "loc": {
          "start": { "line": 9, "column": 6 },
          "end": { "line": 11, "column": null }
        },
        "type": "if",
        "locations": [
          {
            "start": { "line": 9, "column": 6 },
            "end": { "line": 11, "column": null }
          },
          {
            "start": { "line": 9, "column": 6 },
            "end": { "line": 11, "column": null }
          }
        ]
      },
      "2": {
        "loc": {
          "start": { "line": 12, "column": 6 },
          "end": { "line": 16, "column": null }
        },
        "type": "if",
        "locations": [
          {
            "start": { "line": 12, "column": 6 },
            "end": { "line": 16, "column": null }
          },
          {
            "start": { "line": 12, "column": 6 },
            "end": { "line": 16, "column": null }
          }
        ]
      },
      "3": {
        "loc": {
          "start": { "line": 18, "column": 10 },
          "end": { "line": 18, "column": 14 }
        },
        "type": "cond-expr",
        "locations": [
          {
            "start": { "line": 18, "column": 10 },
            "end": { "line": 18, "column": 14 }
          },
          {
            "start": { "line": 19, "column": 10 },
            "end": { "line": 19, "column": 111 }
          }
        ]
      },
      "4": {
        "loc": {
          "start": { "line": 17, "column": 13 },
          "end": { "line": 17, "column": 32 }
        },
        "type": "binary-expr",
        "locations": [
          {
            "start": { "line": 17, "column": 13 },
            "end": { "line": 17, "column": 32 }
          },
          {
            "start": { "line": 17, "column": 36 },
            "end": { "line": 17, "column": 55 }
          }
        ]
      }
    },
    "s": {
      "0": 9,
      "1": 9,
      "2": 9,
      "3": 8,
      "4": 18,
      "5": 1,
      "6": 17,
      "7": 1,
      "8": 16,
      "9": 9,
      "10": 9
    },
    "f": { "0": 9, "1": 8, "2": 18 },
    "b": {
      "0": [8, 8],
      "1": [1, 17],
      "2": [1, 16],
      "3": [10, 6],
      "4": [16, 13]
    }
  },
  "C:\\workspace\\holder\\src\\rules\\LengthRule.ts": {
    "path": "C:\\workspace\\holder\\src\\rules\\LengthRule.ts",
    "statementMap": {
      "0": {
        "start": { "line": 1, "column": 0 },
        "end": { "line": 1, "column": 30 }
      },
      "1": {
        "start": { "line": 3, "column": 0 },
        "end": { "line": 6, "column": 30 }
      },
      "2": {
        "start": { "line": 6, "column": 10 },
        "end": { "line": 6, "column": 14 }
      },
      "3": {
        "start": { "line": 8, "column": 4 },
        "end": { "line": 18, "column": null }
      },
      "4": {
        "start": { "line": 9, "column": 6 },
        "end": { "line": 11, "column": null }
      },
      "5": {
        "start": { "line": 10, "column": 8 },
        "end": { "line": 10, "column": 20 }
      },
      "6": {
        "start": { "line": 12, "column": 6 },
        "end": { "line": 14, "column": null }
      },
      "7": {
        "start": { "line": 13, "column": 8 },
        "end": { "line": 13, "column": 80 }
      },
      "8": {
        "start": { "line": 15, "column": 6 },
        "end": { "line": 17, "column": 114 }
      },
      "9": {
        "start": { "line": 20, "column": 0 },
        "end": { "line": 20, "column": null }
      },
      "10": {
        "start": { "line": 3, "column": 13 },
        "end": { "line": 3, "column": 23 }
      }
    },
    "fnMap": {
      "0": {
        "name": "(anonymous_0)",
        "decl": {
          "start": { "line": 3, "column": 0 },
          "end": { "line": 3, "column": 13 }
        },
        "loc": {
          "start": { "line": 3, "column": 0 },
          "end": { "line": 20, "column": null }
        }
      },
      "1": {
        "name": "LengthRule",
        "decl": {
          "start": { "line": 7, "column": 2 },
          "end": { "line": 7, "column": 14 }
        },
        "loc": {
          "start": { "line": 7, "column": 50 },
          "end": { "line": 19, "column": 3 }
        }
      },
      "2": {
        "name": "(anonymous_2)",
        "decl": {
          "start": { "line": 8, "column": 10 },
          "end": { "line": 8, "column": 11 }
        },
        "loc": {
          "start": { "line": 8, "column": 24 },
          "end": { "line": 18, "column": 5 }
        }
      }
    },
    "branchMap": {
      "0": {
        "loc": {
          "start": { "line": 8, "column": 4 },
          "end": { "line": 18, "column": 6 }
        },
        "type": "binary-expr",
        "locations": [
          {
            "start": { "line": 8, "column": 4 },
            "end": { "line": 18, "column": 6 }
          },
          {
            "start": { "line": 18, "column": 6 },
            "end": { "line": 18, "column": null }
          }
        ]
      },
      "1": {
        "loc": {
          "start": { "line": 9, "column": 6 },
          "end": { "line": 11, "column": null }
        },
        "type": "if",
        "locations": [
          {
            "start": { "line": 9, "column": 6 },
            "end": { "line": 11, "column": null }
          },
          {
            "start": { "line": 9, "column": 6 },
            "end": { "line": 11, "column": null }
          }
        ]
      },
      "2": {
        "loc": {
          "start": { "line": 12, "column": 6 },
          "end": { "line": 14, "column": null }
        },
        "type": "if",
        "locations": [
          {
            "start": { "line": 12, "column": 6 },
            "end": { "line": 14, "column": null }
          },
          {
            "start": { "line": 12, "column": 6 },
            "end": { "line": 14, "column": null }
          }
        ]
      },
      "3": {
        "loc": {
          "start": { "line": 16, "column": 10 },
          "end": { "line": 16, "column": 14 }
        },
        "type": "cond-expr",
        "locations": [
          {
            "start": { "line": 16, "column": 10 },
            "end": { "line": 16, "column": 14 }
          },
          {
            "start": { "line": 17, "column": 10 },
            "end": { "line": 17, "column": 113 }
          }
        ]
      },
      "4": {
        "loc": {
          "start": { "line": 15, "column": 13 },
          "end": { "line": 15, "column": 38 }
        },
        "type": "binary-expr",
        "locations": [
          {
            "start": { "line": 15, "column": 13 },
            "end": { "line": 15, "column": 38 }
          },
          {
            "start": { "line": 15, "column": 42 },
            "end": { "line": 15, "column": 67 }
          }
        ]
      }
    },
    "s": {
      "0": 9,
      "1": 9,
      "2": 9,
      "3": 4,
      "4": 7,
      "5": 1,
      "6": 6,
      "7": 1,
      "8": 5,
      "9": 9,
      "10": 9
    },
    "f": { "0": 9, "1": 4, "2": 7 },
    "b": { "0": [4, 4], "1": [1, 6], "2": [1, 5], "3": [2, 3], "4": [5, 4] }
  },
  "C:\\workspace\\holder\\src\\rules\\LessThanOrEqualToRule.ts": {
    "path": "C:\\workspace\\holder\\src\\rules\\LessThanOrEqualToRule.ts",
    "statementMap": {
      "0": {
        "start": { "line": 1, "column": 0 },
        "end": { "line": 1, "column": 30 }
      },
      "1": {
        "start": { "line": 3, "column": 0 },
        "end": { "line": 6, "column": 30 }
      },
      "2": {
        "start": { "line": 6, "column": 10 },
        "end": { "line": 6, "column": 14 }
      },
      "3": {
        "start": { "line": 8, "column": 4 },
        "end": { "line": 20, "column": null }
      },
      "4": {
        "start": { "line": 9, "column": 6 },
        "end": { "line": 11, "column": null }
      },
      "5": {
        "start": { "line": 10, "column": 8 },
        "end": { "line": 10, "column": 20 }
      },
      "6": {
        "start": { "line": 12, "column": 6 },
        "end": { "line": 16, "column": null }
      },
      "7": {
        "start": { "line": 13, "column": 8 },
        "end": { "line": 15, "column": 10 }
      },
      "8": {
        "start": { "line": 17, "column": 6 },
        "end": { "line": 19, "column": 78 }
      },
      "9": {
        "start": { "line": 22, "column": 0 },
        "end": { "line": 22, "column": null }
      },
      "10": {
        "start": { "line": 3, "column": 13 },
        "end": { "line": 3, "column": 34 }
      }
    },
    "fnMap": {
      "0": {
        "name": "(anonymous_0)",
        "decl": {
          "start": { "line": 3, "column": 0 },
          "end": { "line": 3, "column": 13 }
        },
        "loc": {
          "start": { "line": 3, "column": 0 },
          "end": { "line": 22, "column": null }
        }
      },
      "1": {
        "name": "LessThanOrEqualToRule",
        "decl": {
          "start": { "line": 7, "column": 2 },
          "end": { "line": 7, "column": 14 }
        },
        "loc": {
          "start": { "line": 7, "column": 31 },
          "end": { "line": 21, "column": 3 }
        }
      },
      "2": {
        "name": "(anonymous_2)",
        "decl": {
          "start": { "line": 8, "column": 10 },
          "end": { "line": 8, "column": 11 }
        },
        "loc": {
          "start": { "line": 8, "column": 24 },
          "end": { "line": 20, "column": 5 }
        }
      }
    },
    "branchMap": {
      "0": {
        "loc": {
          "start": { "line": 8, "column": 4 },
          "end": { "line": 20, "column": 6 }
        },
        "type": "binary-expr",
        "locations": [
          {
            "start": { "line": 8, "column": 4 },
            "end": { "line": 20, "column": 6 }
          },
          {
            "start": { "line": 20, "column": 6 },
            "end": { "line": 20, "column": null }
          }
        ]
      },
      "1": {
        "loc": {
          "start": { "line": 9, "column": 6 },
          "end": { "line": 11, "column": null }
        },
        "type": "if",
        "locations": [
          {
            "start": { "line": 9, "column": 6 },
            "end": { "line": 11, "column": null }
          },
          {
            "start": { "line": 9, "column": 6 },
            "end": { "line": 11, "column": null }
          }
        ]
      },
      "2": {
        "loc": {
          "start": { "line": 12, "column": 6 },
          "end": { "line": 16, "column": null }
        },
        "type": "if",
        "locations": [
          {
            "start": { "line": 12, "column": 6 },
            "end": { "line": 16, "column": null }
          },
          {
            "start": { "line": 12, "column": 6 },
            "end": { "line": 16, "column": null }
          }
        ]
      },
      "3": {
        "loc": {
          "start": { "line": 18, "column": 10 },
          "end": { "line": 18, "column": 14 }
        },
        "type": "cond-expr",
        "locations": [
          {
            "start": { "line": 18, "column": 10 },
            "end": { "line": 18, "column": 14 }
          },
          {
            "start": { "line": 19, "column": 10 },
            "end": { "line": 19, "column": 77 }
          }
        ]
      }
    },
    "s": {
      "0": 9,
      "1": 9,
      "2": 9,
      "3": 2,
      "4": 4,
      "5": 1,
      "6": 3,
      "7": 1,
      "8": 2,
      "9": 9,
      "10": 9
    },
    "f": { "0": 9, "1": 2, "2": 4 },
    "b": { "0": [2, 2], "1": [1, 3], "2": [1, 2], "3": [1, 1] }
  },
  "C:\\workspace\\holder\\src\\rules\\LessThanRule.ts": {
    "path": "C:\\workspace\\holder\\src\\rules\\LessThanRule.ts",
    "statementMap": {
      "0": {
        "start": { "line": 1, "column": 0 },
        "end": { "line": 1, "column": 30 }
      },
      "1": {
        "start": { "line": 3, "column": 0 },
        "end": { "line": 6, "column": 30 }
      },
      "2": {
        "start": { "line": 6, "column": 10 },
        "end": { "line": 6, "column": 14 }
      },
      "3": {
        "start": { "line": 8, "column": 4 },
        "end": { "line": 20, "column": null }
      },
      "4": {
        "start": { "line": 9, "column": 6 },
        "end": { "line": 11, "column": null }
      },
      "5": {
        "start": { "line": 10, "column": 8 },
        "end": { "line": 10, "column": 20 }
      },
      "6": {
        "start": { "line": 12, "column": 6 },
        "end": { "line": 16, "column": null }
      },
      "7": {
        "start": { "line": 13, "column": 8 },
        "end": { "line": 15, "column": 10 }
      },
      "8": {
        "start": { "line": 17, "column": 6 },
        "end": { "line": 19, "column": 66 }
      },
      "9": {
        "start": { "line": 22, "column": 0 },
        "end": { "line": 22, "column": null }
      },
      "10": {
        "start": { "line": 3, "column": 13 },
        "end": { "line": 3, "column": 25 }
      }
    },
    "fnMap": {
      "0": {
        "name": "(anonymous_0)",
        "decl": {
          "start": { "line": 3, "column": 0 },
          "end": { "line": 3, "column": 13 }
        },
        "loc": {
          "start": { "line": 3, "column": 0 },
          "end": { "line": 22, "column": null }
        }
      },
      "1": {
        "name": "LessThanRule",
        "decl": {
          "start": { "line": 7, "column": 2 },
          "end": { "line": 7, "column": 14 }
        },
        "loc": {
          "start": { "line": 7, "column": 31 },
          "end": { "line": 21, "column": 3 }
        }
      },
      "2": {
        "name": "(anonymous_2)",
        "decl": {
          "start": { "line": 8, "column": 10 },
          "end": { "line": 8, "column": 11 }
        },
        "loc": {
          "start": { "line": 8, "column": 24 },
          "end": { "line": 20, "column": 5 }
        }
      }
    },
    "branchMap": {
      "0": {
        "loc": {
          "start": { "line": 8, "column": 4 },
          "end": { "line": 20, "column": 6 }
        },
        "type": "binary-expr",
        "locations": [
          {
            "start": { "line": 8, "column": 4 },
            "end": { "line": 20, "column": 6 }
          },
          {
            "start": { "line": 20, "column": 6 },
            "end": { "line": 20, "column": null }
          }
        ]
      },
      "1": {
        "loc": {
          "start": { "line": 9, "column": 6 },
          "end": { "line": 11, "column": null }
        },
        "type": "if",
        "locations": [
          {
            "start": { "line": 9, "column": 6 },
            "end": { "line": 11, "column": null }
          },
          {
            "start": { "line": 9, "column": 6 },
            "end": { "line": 11, "column": null }
          }
        ]
      },
      "2": {
        "loc": {
          "start": { "line": 12, "column": 6 },
          "end": { "line": 16, "column": null }
        },
        "type": "if",
        "locations": [
          {
            "start": { "line": 12, "column": 6 },
            "end": { "line": 16, "column": null }
          },
          {
            "start": { "line": 12, "column": 6 },
            "end": { "line": 16, "column": null }
          }
        ]
      },
      "3": {
        "loc": {
          "start": { "line": 18, "column": 10 },
          "end": { "line": 18, "column": 14 }
        },
        "type": "cond-expr",
        "locations": [
          {
            "start": { "line": 18, "column": 10 },
            "end": { "line": 18, "column": 14 }
          },
          {
            "start": { "line": 19, "column": 10 },
            "end": { "line": 19, "column": 65 }
          }
        ]
      }
    },
    "s": {
      "0": 9,
      "1": 9,
      "2": 9,
      "3": 2,
      "4": 4,
      "5": 1,
      "6": 3,
      "7": 1,
      "8": 2,
      "9": 9,
      "10": 9
    },
    "f": { "0": 9, "1": 2, "2": 4 },
    "b": { "0": [2, 2], "1": [1, 3], "2": [1, 2], "3": [1, 1] }
  },
  "C:\\workspace\\holder\\src\\rules\\MatchesRule.ts": {
    "path": "C:\\workspace\\holder\\src\\rules\\MatchesRule.ts",
    "statementMap": {
      "0": {
        "start": { "line": 1, "column": 0 },
        "end": { "line": 1, "column": 30 }
      },
      "1": {
        "start": { "line": 3, "column": 0 },
        "end": { "line": 6, "column": 30 }
      },
      "2": {
        "start": { "line": 6, "column": 10 },
        "end": { "line": 6, "column": 14 }
      },
      "3": {
        "start": { "line": 8, "column": 4 },
        "end": { "line": 20, "column": null }
      },
      "4": {
        "start": { "line": 9, "column": 6 },
        "end": { "line": 11, "column": null }
      },
      "5": {
        "start": { "line": 10, "column": 8 },
        "end": { "line": 10, "column": 20 }
      },
      "6": {
        "start": { "line": 12, "column": 6 },
        "end": { "line": 16, "column": null }
      },
      "7": {
        "start": { "line": 13, "column": 8 },
        "end": { "line": 15, "column": 10 }
      },
      "8": {
        "start": { "line": 17, "column": 6 },
        "end": { "line": 19, "column": 54 }
      },
      "9": {
        "start": { "line": 22, "column": 0 },
        "end": { "line": 22, "column": null }
      },
      "10": {
        "start": { "line": 3, "column": 13 },
        "end": { "line": 3, "column": 24 }
      }
    },
    "fnMap": {
      "0": {
        "name": "(anonymous_0)",
        "decl": {
          "start": { "line": 3, "column": 0 },
          "end": { "line": 3, "column": 13 }
        },
        "loc": {
          "start": { "line": 3, "column": 0 },
          "end": { "line": 22, "column": null }
        }
      },
      "1": {
        "name": "MatchesRule",
        "decl": {
          "start": { "line": 7, "column": 2 },
          "end": { "line": 7, "column": 14 }
        },
        "loc": {
          "start": { "line": 7, "column": 29 },
          "end": { "line": 21, "column": 3 }
        }
      },
      "2": {
        "name": "(anonymous_2)",
        "decl": {
          "start": { "line": 8, "column": 10 },
          "end": { "line": 8, "column": 11 }
        },
        "loc": {
          "start": { "line": 8, "column": 24 },
          "end": { "line": 20, "column": 5 }
        }
      }
    },
    "branchMap": {
      "0": {
        "loc": {
          "start": { "line": 8, "column": 4 },
          "end": { "line": 20, "column": 6 }
        },
        "type": "binary-expr",
        "locations": [
          {
            "start": { "line": 8, "column": 4 },
            "end": { "line": 20, "column": 6 }
          },
          {
            "start": { "line": 20, "column": 6 },
            "end": { "line": 20, "column": null }
          }
        ]
      },
      "1": {
        "loc": {
          "start": { "line": 9, "column": 6 },
          "end": { "line": 11, "column": null }
        },
        "type": "if",
        "locations": [
          {
            "start": { "line": 9, "column": 6 },
            "end": { "line": 11, "column": null }
          },
          {
            "start": { "line": 9, "column": 6 },
            "end": { "line": 11, "column": null }
          }
        ]
      },
      "2": {
        "loc": {
          "start": { "line": 12, "column": 6 },
          "end": { "line": 16, "column": null }
        },
        "type": "if",
        "locations": [
          {
            "start": { "line": 12, "column": 6 },
            "end": { "line": 16, "column": null }
          },
          {
            "start": { "line": 12, "column": 6 },
            "end": { "line": 16, "column": null }
          }
        ]
      },
      "3": {
        "loc": {
          "start": { "line": 18, "column": 10 },
          "end": { "line": 18, "column": 14 }
        },
        "type": "cond-expr",
        "locations": [
          {
            "start": { "line": 18, "column": 10 },
            "end": { "line": 18, "column": 14 }
          },
          {
            "start": { "line": 19, "column": 10 },
            "end": { "line": 19, "column": 53 }
          }
        ]
      }
    },
    "s": {
      "0": 9,
      "1": 9,
      "2": 9,
      "3": 2,
      "4": 4,
      "5": 1,
      "6": 3,
      "7": 1,
      "8": 2,
      "9": 9,
      "10": 9
    },
    "f": { "0": 9, "1": 2, "2": 4 },
    "b": { "0": [2, 2], "1": [1, 3], "2": [1, 2], "3": [1, 1] }
  },
  "C:\\workspace\\holder\\src\\rules\\MaxLengthRule.ts": {
    "path": "C:\\workspace\\holder\\src\\rules\\MaxLengthRule.ts",
    "statementMap": {
      "0": {
        "start": { "line": 1, "column": 0 },
        "end": { "line": 1, "column": 30 }
      },
      "1": {
        "start": { "line": 3, "column": 0 },
        "end": { "line": 6, "column": 30 }
      },
      "2": {
        "start": { "line": 6, "column": 10 },
        "end": { "line": 6, "column": 14 }
      },
      "3": {
        "start": { "line": 8, "column": 4 },
        "end": { "line": 20, "column": null }
      },
      "4": {
        "start": { "line": 9, "column": 6 },
        "end": { "line": 11, "column": null }
      },
      "5": {
        "start": { "line": 10, "column": 8 },
        "end": { "line": 10, "column": 20 }
      },
      "6": {
        "start": { "line": 12, "column": 6 },
        "end": { "line": 16, "column": null }
      },
      "7": {
        "start": { "line": 13, "column": 8 },
        "end": { "line": 15, "column": 10 }
      },
      "8": {
        "start": { "line": 17, "column": 6 },
        "end": { "line": 19, "column": 85 }
      },
      "9": {
        "start": { "line": 22, "column": 0 },
        "end": { "line": 22, "column": null }
      },
      "10": {
        "start": { "line": 3, "column": 13 },
        "end": { "line": 3, "column": 26 }
      }
    },
    "fnMap": {
      "0": {
        "name": "(anonymous_0)",
        "decl": {
          "start": { "line": 3, "column": 0 },
          "end": { "line": 3, "column": 13 }
        },
        "loc": {
          "start": { "line": 3, "column": 0 },
          "end": { "line": 22, "column": null }
        }
      },
      "1": {
        "name": "MaxLengthRule",
        "decl": {
          "start": { "line": 7, "column": 2 },
          "end": { "line": 7, "column": 14 }
        },
        "loc": {
          "start": { "line": 7, "column": 31 },
          "end": { "line": 21, "column": 3 }
        }
      },
      "2": {
        "name": "(anonymous_2)",
        "decl": {
          "start": { "line": 8, "column": 10 },
          "end": { "line": 8, "column": 11 }
        },
        "loc": {
          "start": { "line": 8, "column": 24 },
          "end": { "line": 20, "column": 5 }
        }
      }
    },
    "branchMap": {
      "0": {
        "loc": {
          "start": { "line": 8, "column": 4 },
          "end": { "line": 20, "column": 6 }
        },
        "type": "binary-expr",
        "locations": [
          {
            "start": { "line": 8, "column": 4 },
            "end": { "line": 20, "column": 6 }
          },
          {
            "start": { "line": 20, "column": 6 },
            "end": { "line": 20, "column": null }
          }
        ]
      },
      "1": {
        "loc": {
          "start": { "line": 9, "column": 6 },
          "end": { "line": 11, "column": null }
        },
        "type": "if",
        "locations": [
          {
            "start": { "line": 9, "column": 6 },
            "end": { "line": 11, "column": null }
          },
          {
            "start": { "line": 9, "column": 6 },
            "end": { "line": 11, "column": null }
          }
        ]
      },
      "2": {
        "loc": {
          "start": { "line": 12, "column": 6 },
          "end": { "line": 16, "column": null }
        },
        "type": "if",
        "locations": [
          {
            "start": { "line": 12, "column": 6 },
            "end": { "line": 16, "column": null }
          },
          {
            "start": { "line": 12, "column": 6 },
            "end": { "line": 16, "column": null }
          }
        ]
      },
      "3": {
        "loc": {
          "start": { "line": 18, "column": 10 },
          "end": { "line": 18, "column": 14 }
        },
        "type": "cond-expr",
        "locations": [
          {
            "start": { "line": 18, "column": 10 },
            "end": { "line": 18, "column": 14 }
          },
          {
            "start": { "line": 19, "column": 10 },
            "end": { "line": 19, "column": 84 }
          }
        ]
      }
    },
    "s": {
      "0": 9,
      "1": 9,
      "2": 9,
      "3": 2,
      "4": 4,
      "5": 1,
      "6": 3,
      "7": 1,
      "8": 2,
      "9": 9,
      "10": 9
    },
    "f": { "0": 9, "1": 2, "2": 4 },
    "b": { "0": [2, 2], "1": [1, 3], "2": [1, 2], "3": [1, 1] }
  },
  "C:\\workspace\\holder\\src\\rules\\MinLengthRule.ts": {
    "path": "C:\\workspace\\holder\\src\\rules\\MinLengthRule.ts",
    "statementMap": {
      "0": {
        "start": { "line": 1, "column": 0 },
        "end": { "line": 1, "column": 30 }
      },
      "1": {
        "start": { "line": 3, "column": 0 },
        "end": { "line": 6, "column": 30 }
      },
      "2": {
        "start": { "line": 6, "column": 10 },
        "end": { "line": 6, "column": 14 }
      },
      "3": {
        "start": { "line": 8, "column": 4 },
        "end": { "line": 20, "column": null }
      },
      "4": {
        "start": { "line": 9, "column": 6 },
        "end": { "line": 11, "column": null }
      },
      "5": {
        "start": { "line": 10, "column": 8 },
        "end": { "line": 10, "column": 20 }
      },
      "6": {
        "start": { "line": 12, "column": 6 },
        "end": { "line": 16, "column": null }
      },
      "7": {
        "start": { "line": 13, "column": 8 },
        "end": { "line": 15, "column": 10 }
      },
      "8": {
        "start": { "line": 17, "column": 6 },
        "end": { "line": 19, "column": 81 }
      },
      "9": {
        "start": { "line": 22, "column": 0 },
        "end": { "line": 22, "column": null }
      },
      "10": {
        "start": { "line": 3, "column": 13 },
        "end": { "line": 3, "column": 26 }
      }
    },
    "fnMap": {
      "0": {
        "name": "(anonymous_0)",
        "decl": {
          "start": { "line": 3, "column": 0 },
          "end": { "line": 3, "column": 13 }
        },
        "loc": {
          "start": { "line": 3, "column": 0 },
          "end": { "line": 22, "column": null }
        }
      },
      "1": {
        "name": "MinLengthRule",
        "decl": {
          "start": { "line": 7, "column": 2 },
          "end": { "line": 7, "column": 14 }
        },
        "loc": {
          "start": { "line": 7, "column": 31 },
          "end": { "line": 21, "column": 3 }
        }
      },
      "2": {
        "name": "(anonymous_2)",
        "decl": {
          "start": { "line": 8, "column": 10 },
          "end": { "line": 8, "column": 11 }
        },
        "loc": {
          "start": { "line": 8, "column": 24 },
          "end": { "line": 20, "column": 5 }
        }
      }
    },
    "branchMap": {
      "0": {
        "loc": {
          "start": { "line": 8, "column": 4 },
          "end": { "line": 20, "column": 6 }
        },
        "type": "binary-expr",
        "locations": [
          {
            "start": { "line": 8, "column": 4 },
            "end": { "line": 20, "column": 6 }
          },
          {
            "start": { "line": 20, "column": 6 },
            "end": { "line": 20, "column": null }
          }
        ]
      },
      "1": {
        "loc": {
          "start": { "line": 9, "column": 6 },
          "end": { "line": 11, "column": null }
        },
        "type": "if",
        "locations": [
          {
            "start": { "line": 9, "column": 6 },
            "end": { "line": 11, "column": null }
          },
          {
            "start": { "line": 9, "column": 6 },
            "end": { "line": 11, "column": null }
          }
        ]
      },
      "2": {
        "loc": {
          "start": { "line": 12, "column": 6 },
          "end": { "line": 16, "column": null }
        },
        "type": "if",
        "locations": [
          {
            "start": { "line": 12, "column": 6 },
            "end": { "line": 16, "column": null }
          },
          {
            "start": { "line": 12, "column": 6 },
            "end": { "line": 16, "column": null }
          }
        ]
      },
      "3": {
        "loc": {
          "start": { "line": 18, "column": 10 },
          "end": { "line": 18, "column": 14 }
        },
        "type": "cond-expr",
        "locations": [
          {
            "start": { "line": 18, "column": 10 },
            "end": { "line": 18, "column": 14 }
          },
          {
            "start": { "line": 19, "column": 10 },
            "end": { "line": 19, "column": 80 }
          }
        ]
      }
    },
    "s": {
      "0": 9,
      "1": 9,
      "2": 9,
      "3": 2,
      "4": 4,
      "5": 1,
      "6": 3,
      "7": 1,
      "8": 2,
      "9": 9,
      "10": 9
    },
    "f": { "0": 9, "1": 2, "2": 4 },
    "b": { "0": [2, 2], "1": [1, 3], "2": [1, 2], "3": [1, 1] }
  },
  "C:\\workspace\\holder\\src\\rules\\MustRule.ts": {
    "path": "C:\\workspace\\holder\\src\\rules\\MustRule.ts",
    "statementMap": {
      "0": {
        "start": { "line": 1, "column": 0 },
        "end": { "line": 1, "column": 30 }
      },
      "1": {
        "start": { "line": 3, "column": 0 },
        "end": { "line": 3, "column": null }
      },
      "2": {
        "start": { "line": 3, "column": 75 },
        "end": { "line": 3, "column": 79 }
      },
      "3": {
        "start": { "line": 8, "column": 4 },
        "end": { "line": 8, "column": null }
      },
      "4": {
        "start": { "line": 8, "column": 44 },
        "end": { "line": 8, "column": 100 }
      },
      "5": {
        "start": { "line": 10, "column": 0 },
        "end": { "line": 10, "column": null }
      },
      "6": {
        "start": { "line": 3, "column": 13 },
        "end": { "line": 3, "column": 21 }
      }
    },
    "fnMap": {
      "0": {
        "name": "(anonymous_0)",
        "decl": {
          "start": { "line": 3, "column": 0 },
          "end": { "line": 3, "column": 13 }
        },
        "loc": {
          "start": { "line": 3, "column": 0 },
          "end": { "line": 10, "column": null }
        }
      },
      "1": {
        "name": "MustRule",
        "decl": {
          "start": { "line": 7, "column": 2 },
          "end": { "line": 7, "column": 14 }
        },
        "loc": {
          "start": { "line": 7, "column": 66 },
          "end": { "line": 9, "column": 3 }
        }
      },
      "2": {
        "name": "(anonymous_2)",
        "decl": {
          "start": { "line": 8, "column": 10 },
          "end": { "line": 8, "column": 11 }
        },
        "loc": {
          "start": { "line": 8, "column": 39 },
          "end": { "line": 8, "column": 45 }
        }
      }
    },
    "branchMap": {
      "0": {
        "loc": {
          "start": { "line": 8, "column": 4 },
          "end": { "line": 8, "column": 100 }
        },
        "type": "binary-expr",
        "locations": [
          {
            "start": { "line": 8, "column": 4 },
            "end": { "line": 8, "column": 100 }
          },
          {
            "start": { "line": 8, "column": 100 },
            "end": { "line": 8, "column": null }
          }
        ]
      },
      "1": {
        "loc": {
          "start": { "line": 8, "column": 71 },
          "end": { "line": 8, "column": 75 }
        },
        "type": "cond-expr",
        "locations": [
          {
            "start": { "line": 8, "column": 71 },
            "end": { "line": 8, "column": 75 }
          },
          {
            "start": { "line": 8, "column": 78 },
            "end": { "line": 8, "column": 98 }
          }
        ]
      }
    },
    "s": { "0": 9, "1": 9, "2": 9, "3": 9, "4": 14, "5": 9, "6": 9 },
    "f": { "0": 9, "1": 9, "2": 14 },
    "b": { "0": [9, 9], "1": [8, 6] }
  },
  "C:\\workspace\\holder\\src\\rules\\NotEmptyRule.ts": {
    "path": "C:\\workspace\\holder\\src\\rules\\NotEmptyRule.ts",
    "statementMap": {
      "0": {
        "start": { "line": 1, "column": 0 },
        "end": { "line": 1, "column": 30 }
      },
      "1": {
        "start": { "line": 3, "column": 0 },
        "end": { "line": 6, "column": 30 }
      },
      "2": {
        "start": { "line": 6, "column": 10 },
        "end": { "line": 6, "column": 14 }
      },
      "3": {
        "start": { "line": 8, "column": 4 },
        "end": { "line": 18, "column": null }
      },
      "4": {
        "start": { "line": 9, "column": 6 },
        "end": { "line": 16, "column": null }
      },
      "5": {
        "start": { "line": 10, "column": 8 },
        "end": { "line": 12, "column": null }
      },
      "6": {
        "start": { "line": 11, "column": 10 },
        "end": { "line": 11, "column": 22 }
      },
      "7": {
        "start": { "line": 13, "column": 8 },
        "end": { "line": 15, "column": 10 }
      },
      "8": {
        "start": { "line": 17, "column": 6 },
        "end": { "line": 17, "column": 70 }
      },
      "9": {
        "start": { "line": 20, "column": 0 },
        "end": { "line": 20, "column": null }
      },
      "10": {
        "start": { "line": 3, "column": 13 },
        "end": { "line": 3, "column": 25 }
      }
    },
    "fnMap": {
      "0": {
        "name": "(anonymous_0)",
        "decl": {
          "start": { "line": 3, "column": 0 },
          "end": { "line": 3, "column": 13 }
        },
        "loc": {
          "start": { "line": 3, "column": 0 },
          "end": { "line": 20, "column": null }
        }
      },
      "1": {
        "name": "NotEmptyRule",
        "decl": {
          "start": { "line": 7, "column": 2 },
          "end": { "line": 7, "column": null }
        },
        "loc": {
          "start": { "line": 7, "column": 2 },
          "end": { "line": 19, "column": 3 }
        }
      },
      "2": {
        "name": "(anonymous_2)",
        "decl": {
          "start": { "line": 8, "column": 10 },
          "end": { "line": 8, "column": 11 }
        },
        "loc": {
          "start": { "line": 8, "column": 24 },
          "end": { "line": 18, "column": 5 }
        }
      }
    },
    "branchMap": {
      "0": {
        "loc": {
          "start": { "line": 8, "column": 4 },
          "end": { "line": 18, "column": 6 }
        },
        "type": "binary-expr",
        "locations": [
          {
            "start": { "line": 8, "column": 4 },
            "end": { "line": 18, "column": 6 }
          },
          {
            "start": { "line": 18, "column": 6 },
            "end": { "line": 18, "column": null }
          }
        ]
      },
      "1": {
        "loc": {
          "start": { "line": 9, "column": 6 },
          "end": { "line": 16, "column": null }
        },
        "type": "if",
        "locations": [
          {
            "start": { "line": 9, "column": 6 },
            "end": { "line": 16, "column": null }
          },
          {
            "start": { "line": 9, "column": 6 },
            "end": { "line": 16, "column": null }
          }
        ]
      },
      "2": {
        "loc": {
          "start": { "line": 10, "column": 8 },
          "end": { "line": 12, "column": null }
        },
        "type": "if",
        "locations": [
          {
            "start": { "line": 10, "column": 8 },
            "end": { "line": 12, "column": null }
          },
          {
            "start": { "line": 10, "column": 8 },
            "end": { "line": 12, "column": null }
          }
        ]
      },
      "3": {
        "loc": {
          "start": { "line": 17, "column": 39 },
          "end": { "line": 17, "column": 43 }
        },
        "type": "cond-expr",
        "locations": [
          {
            "start": { "line": 17, "column": 39 },
            "end": { "line": 17, "column": 43 }
          },
          {
            "start": { "line": 17, "column": 46 },
            "end": { "line": 17, "column": 69 }
          }
        ]
      }
    },
    "s": {
      "0": 9,
      "1": 9,
      "2": 9,
      "3": 19,
      "4": 26,
      "5": 2,
      "6": 1,
      "7": 1,
      "8": 24,
      "9": 9,
      "10": 9
    },
    "f": { "0": 9, "1": 19, "2": 26 },
    "b": { "0": [19, 19], "1": [2, 24], "2": [1, 1], "3": [19, 5] }
  },
  "C:\\workspace\\holder\\src\\rules\\NotEqualRule.ts": {
    "path": "C:\\workspace\\holder\\src\\rules\\NotEqualRule.ts",
    "statementMap": {
      "0": {
        "start": { "line": 1, "column": 0 },
        "end": { "line": 1, "column": 30 }
      },
      "1": {
        "start": { "line": 3, "column": 0 },
        "end": { "line": 6, "column": 30 }
      },
      "2": {
        "start": { "line": 6, "column": 10 },
        "end": { "line": 6, "column": 14 }
      },
      "3": {
        "start": { "line": 8, "column": 4 },
        "end": { "line": 10, "column": null }
      },
      "4": {
        "start": { "line": 9, "column": 6 },
        "end": { "line": 9, "column": null }
      },
      "5": {
        "start": { "line": 12, "column": 0 },
        "end": { "line": 12, "column": null }
      },
      "6": {
        "start": { "line": 3, "column": 13 },
        "end": { "line": 3, "column": 25 }
      }
    },
    "fnMap": {
      "0": {
        "name": "(anonymous_0)",
        "decl": {
          "start": { "line": 3, "column": 0 },
          "end": { "line": 3, "column": 13 }
        },
        "loc": {
          "start": { "line": 3, "column": 0 },
          "end": { "line": 12, "column": null }
        }
      },
      "1": {
        "name": "NotEqualRule",
        "decl": {
          "start": { "line": 7, "column": 2 },
          "end": { "line": 7, "column": 14 }
        },
        "loc": {
          "start": { "line": 7, "column": 36 },
          "end": { "line": 11, "column": 3 }
        }
      },
      "2": {
        "name": "(anonymous_2)",
        "decl": {
          "start": { "line": 8, "column": 10 },
          "end": { "line": 8, "column": 11 }
        },
        "loc": {
          "start": { "line": 8, "column": 24 },
          "end": { "line": 9, "column": 11 }
        }
      }
    },
    "branchMap": {
      "0": {
        "loc": {
          "start": { "line": 8, "column": 4 },
          "end": { "line": 9, "column": null }
        },
        "type": "binary-expr",
        "locations": [
          {
            "start": { "line": 8, "column": 4 },
            "end": { "line": 9, "column": null }
          },
          {
            "start": { "line": 10, "column": 5 },
            "end": { "line": 10, "column": null }
          }
        ]
      },
      "1": {
        "loc": {
          "start": { "line": 9, "column": 33 },
          "end": { "line": 9, "column": 37 }
        },
        "type": "cond-expr",
        "locations": [
          {
            "start": { "line": 9, "column": 33 },
            "end": { "line": 9, "column": 37 }
          },
          {
            "start": { "line": 9, "column": 40 },
            "end": { "line": 9, "column": 76 }
          }
        ]
      }
    },
    "s": { "0": 9, "1": 9, "2": 9, "3": 1, "4": 2, "5": 9, "6": 9 },
    "f": { "0": 9, "1": 1, "2": 2 },
    "b": { "0": [1, 1], "1": [1, 1] }
  },
  "C:\\workspace\\holder\\src\\rules\\NotNullRule.ts": {
    "path": "C:\\workspace\\holder\\src\\rules\\NotNullRule.ts",
    "statementMap": {
      "0": {
        "start": { "line": 1, "column": 0 },
        "end": { "line": 1, "column": 30 }
      },
      "1": {
        "start": { "line": 3, "column": 0 },
        "end": { "line": 6, "column": 30 }
      },
      "2": {
        "start": { "line": 6, "column": 10 },
        "end": { "line": 6, "column": 14 }
      },
      "3": {
        "start": { "line": 8, "column": 4 },
        "end": { "line": 8, "column": null }
      },
      "4": {
        "start": { "line": 8, "column": 29 },
        "end": { "line": 8, "column": 77 }
      },
      "5": {
        "start": { "line": 10, "column": 0 },
        "end": { "line": 10, "column": null }
      },
      "6": {
        "start": { "line": 3, "column": 13 },
        "end": { "line": 3, "column": 24 }
      }
    },
    "fnMap": {
      "0": {
        "name": "(anonymous_0)",
        "decl": {
          "start": { "line": 3, "column": 0 },
          "end": { "line": 3, "column": 13 }
        },
        "loc": {
          "start": { "line": 3, "column": 0 },
          "end": { "line": 10, "column": null }
        }
      },
      "1": {
        "name": "NotNullRule",
        "decl": {
          "start": { "line": 7, "column": 2 },
          "end": { "line": 7, "column": null }
        },
        "loc": {
          "start": { "line": 7, "column": 2 },
          "end": { "line": 9, "column": 3 }
        }
      },
      "2": {
        "name": "(anonymous_2)",
        "decl": {
          "start": { "line": 8, "column": 10 },
          "end": { "line": 8, "column": 11 }
        },
        "loc": {
          "start": { "line": 8, "column": 24 },
          "end": { "line": 8, "column": 30 }
        }
      }
    },
    "branchMap": {
      "0": {
        "loc": {
          "start": { "line": 8, "column": 4 },
          "end": { "line": 8, "column": 77 }
        },
        "type": "binary-expr",
        "locations": [
          {
            "start": { "line": 8, "column": 4 },
            "end": { "line": 8, "column": 77 }
          },
          {
            "start": { "line": 8, "column": 77 },
            "end": { "line": 8, "column": null }
          }
        ]
      },
      "1": {
        "loc": {
          "start": { "line": 8, "column": 46 },
          "end": { "line": 8, "column": 50 }
        },
        "type": "cond-expr",
        "locations": [
          {
            "start": { "line": 8, "column": 46 },
            "end": { "line": 8, "column": 50 }
          },
          {
            "start": { "line": 8, "column": 53 },
            "end": { "line": 8, "column": 75 }
          }
        ]
      }
    },
    "s": { "0": 9, "1": 9, "2": 9, "3": 6, "4": 16, "5": 9, "6": 9 },
    "f": { "0": 9, "1": 6, "2": 16 },
    "b": { "0": [6, 6], "1": [8, 8] }
  },
  "C:\\workspace\\holder\\src\\rules\\NullRule.ts": {
    "path": "C:\\workspace\\holder\\src\\rules\\NullRule.ts",
    "statementMap": {
      "0": {
        "start": { "line": 1, "column": 0 },
        "end": { "line": 1, "column": 30 }
      },
      "1": {
        "start": { "line": 3, "column": 0 },
        "end": { "line": 3, "column": null }
      },
      "2": {
        "start": { "line": 3, "column": 75 },
        "end": { "line": 3, "column": 79 }
      },
      "3": {
        "start": { "line": 8, "column": 4 },
        "end": { "line": 8, "column": null }
      },
      "4": {
        "start": { "line": 8, "column": 29 },
        "end": { "line": 8, "column": 75 }
      },
      "5": {
        "start": { "line": 10, "column": 0 },
        "end": { "line": 10, "column": null }
      },
      "6": {
        "start": { "line": 3, "column": 13 },
        "end": { "line": 3, "column": 21 }
      }
    },
    "fnMap": {
      "0": {
        "name": "(anonymous_0)",
        "decl": {
          "start": { "line": 3, "column": 0 },
          "end": { "line": 3, "column": 13 }
        },
        "loc": {
          "start": { "line": 3, "column": 0 },
          "end": { "line": 10, "column": null }
        }
      },
      "1": {
        "name": "NullRule",
        "decl": {
          "start": { "line": 7, "column": 2 },
          "end": { "line": 7, "column": null }
        },
        "loc": {
          "start": { "line": 7, "column": 2 },
          "end": { "line": 9, "column": 3 }
        }
      },
      "2": {
        "name": "(anonymous_2)",
        "decl": {
          "start": { "line": 8, "column": 10 },
          "end": { "line": 8, "column": 11 }
        },
        "loc": {
          "start": { "line": 8, "column": 24 },
          "end": { "line": 8, "column": 30 }
        }
      }
    },
    "branchMap": {
      "0": {
        "loc": {
          "start": { "line": 8, "column": 4 },
          "end": { "line": 8, "column": 75 }
        },
        "type": "binary-expr",
        "locations": [
          {
            "start": { "line": 8, "column": 4 },
            "end": { "line": 8, "column": 75 }
          },
          {
            "start": { "line": 8, "column": 75 },
            "end": { "line": 8, "column": null }
          }
        ]
      },
      "1": {
        "loc": {
          "start": { "line": 8, "column": 46 },
          "end": { "line": 8, "column": 50 }
        },
        "type": "cond-expr",
        "locations": [
          {
            "start": { "line": 8, "column": 46 },
            "end": { "line": 8, "column": 50 }
          },
          {
            "start": { "line": 8, "column": 53 },
            "end": { "line": 8, "column": 73 }
          }
        ]
      }
    },
    "s": { "0": 9, "1": 9, "2": 9, "3": 1, "4": 2, "5": 9, "6": 9 },
    "f": { "0": 9, "1": 1, "2": 2 },
    "b": { "0": [1, 1], "1": [1, 1] }
  },
  "C:\\workspace\\holder\\src\\rules\\Rule.ts": {
    "path": "C:\\workspace\\holder\\src\\rules\\Rule.ts",
    "statementMap": {
      "0": {
        "start": { "line": 4, "column": 0 },
        "end": { "line": 4, "column": 13 }
      },
      "1": {
        "start": { "line": 10, "column": 2 },
        "end": { "line": 10, "column": 14 }
      },
      "2": {
        "start": { "line": 14, "column": 9 },
        "end": { "line": 16, "column": 4 }
      },
      "3": {
        "start": { "line": 15, "column": 4 },
        "end": { "line": 15, "column": 49 }
      },
      "4": {
        "start": { "line": 18, "column": 9 },
        "end": { "line": 20, "column": 4 }
      },
      "5": {
        "start": { "line": 19, "column": 4 },
        "end": { "line": 19, "column": 35 }
      },
      "6": {
        "start": { "line": 22, "column": 9 },
        "end": { "line": 24, "column": 4 }
      },
      "7": {
        "start": { "line": 23, "column": 4 },
        "end": { "line": 23, "column": 37 }
      },
      "8": {
        "start": { "line": 26, "column": 9 },
        "end": { "line": 40, "column": 4 }
      },
      "9": {
        "start": { "line": 30, "column": 4 },
        "end": { "line": 32, "column": null }
      },
      "10": {
        "start": { "line": 31, "column": 6 },
        "end": { "line": 31, "column": 18 }
      },
      "11": {
        "start": { "line": 34, "column": 4 },
        "end": { "line": 36, "column": null }
      },
      "12": {
        "start": { "line": 35, "column": 6 },
        "end": { "line": 35, "column": 18 }
      },
      "13": {
        "start": { "line": 38, "column": 24 },
        "end": { "line": 38, "column": 57 }
      },
      "14": {
        "start": { "line": 39, "column": 4 },
        "end": { "line": 39, "column": 79 }
      },
      "15": {
        "start": { "line": 11, "column": 4 },
        "end": { "line": 11, "column": 41 }
      },
      "16": {
        "start": { "line": 41, "column": 0 },
        "end": { "line": 41, "column": null }
      },
      "17": {
        "start": { "line": 4, "column": 13 },
        "end": { "line": 4, "column": 17 }
      }
    },
    "fnMap": {
[...]
        "end": { "line": 166, "column": 43 }
      },
      "109": {
        "start": { "line": 169, "column": 9 },
        "end": { "line": 173, "column": 4 }
      },
      "110": {
        "start": { "line": 170, "column": 25 },
        "end": { "line": 170, "column": 68 }
      },
      "111": {
        "start": { "line": 171, "column": 4 },
        "end": { "line": 171, "column": 32 }
      },
      "112": {
        "start": { "line": 172, "column": 4 },
        "end": { "line": 172, "column": 43 }
      },
      "113": {
        "start": { "line": 175, "column": 9 },
        "end": { "line": 181, "column": 4 }
      },
      "114": {
        "start": { "line": 176, "column": 34 },
        "end": { "line": 177, "column": null }
      },
      "115": {
        "start": { "line": 179, "column": 4 },
        "end": { "line": 179, "column": 41 }
      },
      "116": {
        "start": { "line": 180, "column": 4 },
        "end": { "line": 180, "column": 43 }
      },
      "117": {
        "start": { "line": 183, "column": 9 },
        "end": { "line": 187, "column": 4 }
      },
      "118": {
        "start": { "line": 184, "column": 28 },
        "end": { "line": 184, "column": 74 }
      },
      "119": {
        "start": { "line": 185, "column": 4 },
        "end": { "line": 185, "column": 35 }
      },
      "120": {
        "start": { "line": 186, "column": 4 },
        "end": { "line": 186, "column": 43 }
      },
      "121": {
        "start": { "line": 189, "column": 9 },
        "end": { "line": 196, "column": 4 }
      },
      "122": {
        "start": { "line": 190, "column": 37 },
        "end": { "line": 193, "column": 16 }
      },
      "123": {
        "start": { "line": 194, "column": 4 },
        "end": { "line": 194, "column": 44 }
      },
      "124": {
        "start": { "line": 195, "column": 4 },
        "end": { "line": 195, "column": 43 }
      },
      "125": {
        "start": { "line": 198, "column": 9 },
        "end": { "line": 205, "column": 4 }
      },
      "126": {
        "start": { "line": 199, "column": 33 },
        "end": { "line": 201, "column": null }
      },
      "127": {
        "start": { "line": 203, "column": 4 },
        "end": { "line": 203, "column": 40 }
      },
      "128": {
        "start": { "line": 204, "column": 4 },
        "end": { "line": 204, "column": 43 }
      },
      "129": {
        "start": { "line": 207, "column": 9 },
        "end": { "line": 214, "column": 4 }
      },
      "130": {
        "start": { "line": 208, "column": 33 },
        "end": { "line": 210, "column": null }
      },
      "131": {
        "start": { "line": 212, "column": 4 },
        "end": { "line": 212, "column": 40 }
      },
      "132": {
        "start": { "line": 213, "column": 4 },
        "end": { "line": 213, "column": 43 }
      },
      "133": {
        "start": { "line": 216, "column": 9 },
        "end": { "line": 222, "column": 4 }
      },
      "134": {
        "start": { "line": 217, "column": 26 },
        "end": { "line": 218, "column": null }
      },
      "135": {
        "start": { "line": 220, "column": 4 },
        "end": { "line": 220, "column": 33 }
      },
      "136": {
        "start": { "line": 221, "column": 4 },
        "end": { "line": 221, "column": 43 }
      },
      "137": {
        "start": { "line": 224, "column": 9 },
        "end": { "line": 236, "column": 4 }
      },
      "138": {
        "start": { "line": 225, "column": 4 },
        "end": { "line": 229, "column": null }
      },
      "139": {
        "start": { "line": 226, "column": 6 },
        "end": { "line": 228, "column": 8 }
      },
      "140": {
        "start": { "line": 230, "column": 31 },
        "end": { "line": 232, "column": null }
      },
      "141": {
        "start": { "line": 234, "column": 4 },
        "end": { "line": 234, "column": 38 }
      },
      "142": {
        "start": { "line": 235, "column": 4 },
        "end": { "line": 235, "column": 43 }
      },
      "143": {
        "start": { "line": 238, "column": 9 },
        "end": { "line": 260, "column": 4 }
      },
      "144": {
        "start": { "line": 239, "column": 4 },
        "end": { "line": 259, "column": 6 }
      },
      "145": {
        "start": { "line": 262, "column": 9 },
        "end": { "line": 269, "column": 4 }
      },
      "146": {
        "start": { "line": 263, "column": 4 },
        "end": { "line": 267, "column": null }
      },
      "147": {
        "start": { "line": 271, "column": 10 },
        "end": { "line": 273, "column": 4 }
      },
      "148": {
        "start": { "line": 272, "column": 4 },
        "end": { "line": 272, "column": 45 }
      },
      "149": {
        "start": { "line": 35, "column": 4 },
        "end": { "line": 35, "column": 43 }
      },
      "150": {
        "start": { "line": 274, "column": 0 },
        "end": { "line": 274, "column": null }
      },
      "151": {
        "start": { "line": 26, "column": 13 },
        "end": { "line": 26, "column": 34 }
      }
    },
    "fnMap": {
      "0": {
        "name": "(anonymous_0)",
        "decl": {
          "start": { "line": 26, "column": 0 },
          "end": { "line": 26, "column": 13 }
        },
        "loc": {
          "start": { "line": 26, "column": 0 },
          "end": { "line": 274, "column": null }
        }
      },
      "1": {
        "name": "ValueValidatorBuilder",
        "decl": {
          "start": { "line": 34, "column": 2 },
          "end": { "line": 34, "column": 14 }
        },
        "loc": {
          "start": { "line": 34, "column": 41 },
          "end": { "line": 36, "column": 3 }
        }
      },
      "2": {
        "name": "(anonymous_2)",
        "decl": {
          "start": { "line": 38, "column": 17 },
          "end": { "line": 38, "column": null }
        },
        "loc": {
          "start": { "line": 38, "column": 17 },
          "end": { "line": 49, "column": 3 }
        }
      },
      "3": {
        "name": "(anonymous_3)",
        "decl": {
          "start": { "line": 39, "column": 11 },
          "end": { "line": 39, "column": 12 }
        },
        "loc": {
          "start": { "line": 39, "column": 40 },
          "end": { "line": 48, "column": 5 }
        }
      },
      "4": {
        "name": "(anonymous_4)",
        "decl": {
          "start": { "line": 51, "column": 21 },
          "end": { "line": 51, "column": 22 }
        },
        "loc": {
          "start": { "line": 51, "column": 48 },
          "end": { "line": 54, "column": 3 }
        }
      },
      "5": {
        "name": "(anonymous_5)",
        "decl": {
          "start": { "line": 56, "column": 23 },
          "end": { "line": 56, "column": 24 }
        },
        "loc": {
          "start": { "line": 56, "column": 39 },
          "end": { "line": 65, "column": 3 }
        }
      },
      "6": {
        "name": "(anonymous_6)",
        "decl": {
          "start": { "line": 67, "column": 16 },
          "end": { "line": 67, "column": null }
        },
        "loc": {
          "start": { "line": 71, "column": 62 },
          "end": { "line": 83, "column": 3 }
        }
      },
      "7": {
        "name": "(anonymous_7)",
        "decl": {
          "start": { "line": 85, "column": 18 },
          "end": { "line": 85, "column": null }
        },
        "loc": {
          "start": { "line": 89, "column": 62 },
          "end": { "line": 101, "column": 3 }
        }
      },
      "8": {
        "name": "(anonymous_8)",
        "decl": {
          "start": { "line": 103, "column": 20 },
          "end": { "line": 103, "column": 21 }
        },
        "loc": {
          "start": { "line": 103, "column": 43 },
          "end": { "line": 107, "column": 3 }
        }
      },
      "9": {
        "name": "(anonymous_9)",
        "decl": {
          "start": { "line": 109, "column": 17 },
          "end": { "line": 109, "column": 18 }
        },
        "loc": {
          "start": { "line": 109, "column": 39 },
          "end": { "line": 113, "column": 3 }
        }
      },
      "10": {
        "name": "(anonymous_10)",
        "decl": {
          "start": { "line": 115, "column": 16 },
          "end": { "line": 115, "column": 17 }
        },
        "loc": {
          "start": { "line": 115, "column": 69 },
          "end": { "line": 119, "column": 3 }
        }
      },
      "11": {
        "name": "(anonymous_11)",
        "decl": {
          "start": { "line": 121, "column": 19 },
          "end": { "line": 121, "column": null }
        },
        "loc": {
          "start": { "line": 121, "column": 19 },
          "end": { "line": 125, "column": 3 }
        }
      },
      "12": {
        "name": "(anonymous_12)",
        "decl": {
          "start": { "line": 127, "column": 16 },
          "end": { "line": 127, "column": null }
        },
        "loc": {
          "start": { "line": 127, "column": 16 },
          "end": { "line": 131, "column": 3 }
        }
      },
      "13": {
        "name": "(anonymous_13)",
        "decl": {
          "start": { "line": 133, "column": 20 },
          "end": { "line": 133, "column": null }
        },
        "loc": {
          "start": { "line": 133, "column": 20 },
          "end": { "line": 137, "column": 3 }
        }
      },
      "14": {
        "name": "(anonymous_14)",
        "decl": {
          "start": { "line": 139, "column": 18 },
          "end": { "line": 139, "column": 19 }
        },
        "loc": {
          "start": { "line": 139, "column": 55 },
          "end": { "line": 143, "column": 3 }
        }
      },
      "15": {
        "name": "(anonymous_15)",
        "decl": {
          "start": { "line": 145, "column": 21 },
          "end": { "line": 145, "column": 22 }
        },
        "loc": {
          "start": { "line": 145, "column": 39 },
          "end": { "line": 149, "column": 3 }
        }
      },
      "16": {
        "name": "(anonymous_16)",
        "decl": {
          "start": { "line": 151, "column": 21 },
          "end": { "line": 151, "column": 22 }
        },
        "loc": {
          "start": { "line": 151, "column": 39 },
          "end": { "line": 155, "column": 3 }
        }
      },
      "17": {
        "name": "(anonymous_17)",
        "decl": {
          "start": { "line": 157, "column": 19 },
          "end": { "line": 157, "column": 20 }
        },
        "loc": {
          "start": { "line": 157, "column": 35 },
          "end": { "line": 161, "column": 3 }
        }
      },
      "18": {
        "name": "(anonymous_18)",
        "decl": {
          "start": { "line": 163, "column": 24 },
          "end": { "line": 163, "column": null }
        },
        "loc": {
          "start": { "line": 163, "column": 24 },
          "end": { "line": 167, "column": 3 }
        }
      },
      "19": {
        "name": "(anonymous_19)",
        "decl": {
          "start": { "line": 169, "column": 20 },
          "end": { "line": 169, "column": 21 }
        },
        "loc": {
          "start": { "line": 169, "column": 38 },
          "end": { "line": 173, "column": 3 }
        }
      },
      "20": {
        "name": "(anonymous_20)",
        "decl": {
          "start": { "line": 175, "column": 29 },
          "end": { "line": 175, "column": 30 }
        },
        "loc": {
          "start": { "line": 175, "column": 47 },
          "end": { "line": 181, "column": 3 }
        }
      },
      "21": {
        "name": "(anonymous_21)",
        "decl": {
          "start": { "line": 183, "column": 23 },
          "end": { "line": 183, "column": 24 }
        },
        "loc": {
          "start": { "line": 183, "column": 41 },
          "end": { "line": 187, "column": 3 }
        }
      },
      "22": {
        "name": "(anonymous_22)",
        "decl": {
          "start": { "line": 189, "column": 32 },
          "end": { "line": 189, "column": 33 }
        },
        "loc": {
          "start": { "line": 189, "column": 50 },
          "end": { "line": 196, "column": 3 }
        }
      },
      "23": {
        "name": "(anonymous_23)",
        "decl": {
          "start": { "line": 198, "column": 28 },
          "end": { "line": 198, "column": 29 }
        },
        "loc": {
          "start": { "line": 198, "column": 67 },
          "end": { "line": 205, "column": 3 }
        }
      },
      "24": {
        "name": "(anonymous_24)",
        "decl": {
          "start": { "line": 207, "column": 28 },
          "end": { "line": 207, "column": 29 }
        },
        "loc": {
          "start": { "line": 207, "column": 67 },
          "end": { "line": 214, "column": 3 }
        }
      },
      "25": {
        "name": "(anonymous_25)",
        "decl": {
          "start": { "line": 216, "column": 24 },
          "end": { "line": 216, "column": 25 }
        },
        "loc": {
          "start": { "line": 216, "column": 68 },
          "end": { "line": 222, "column": 3 }
        }
      },
      "26": {
        "name": "(anonymous_26)",
        "decl": {
          "start": { "line": 224, "column": 26 },
          "end": { "line": 224, "column": 27 }
        },
        "loc": {
          "start": { "line": 224, "column": 59 },
          "end": { "line": 236, "column": 3 }
        }
      },
      "27": {
        "name": "(anonymous_27)",
        "decl": {
          "start": { "line": 238, "column": 23 },
          "end": { "line": 238, "column": null }
        },
        "loc": {
          "start": { "line": 238, "column": 23 },
          "end": { "line": 260, "column": 3 }
        }
      },
      "28": {
        "name": "(anonymous_28)",
        "decl": {
          "start": { "line": 262, "column": 36 },
          "end": { "line": 262, "column": null }
        },
        "loc": {
          "start": { "line": 262, "column": 36 },
          "end": { "line": 269, "column": 3 }
        }
      },
      "29": {
        "name": "(anonymous_29)",
        "decl": {
          "start": { "line": 271, "column": 26 },
          "end": { "line": 271, "column": null }
        },
        "loc": {
          "start": { "line": 271, "column": 26 },
          "end": { "line": 273, "column": 3 }
        }
      }
    },
    "branchMap": {
      "0": {
        "loc": {
          "start": { "line": 42, "column": 8 },
          "end": { "line": 44, "column": null }
        },
        "type": "if",
        "locations": [
          {
            "start": { "line": 42, "column": 8 },
            "end": { "line": 44, "column": null }
          },
          {
            "start": { "line": 42, "column": 8 },
            "end": { "line": 44, "column": null }
          }
        ]
      },
      "1": {
        "loc": {
          "start": { "line": 69, "column": 4 },
          "end": { "line": 71, "column": null }
        },
        "type": "if",
        "locations": [
          {
            "start": { "line": 69, "column": 4 },
            "end": { "line": 71, "column": null }
          },
          {
            "start": { "line": 69, "column": 4 },
            "end": { "line": 71, "column": null }
          }
        ]
      },
      "2": {
        "loc": {
          "start": { "line": 73, "column": 4 },
          "end": { "line": 80, "column": null }
        },
        "type": "if",
        "locations": [
          {
            "start": { "line": 73, "column": 4 },
            "end": { "line": 80, "column": null }
          },
          {
            "start": { "line": 73, "column": 4 },
            "end": { "line": 80, "column": null }
          }
        ]
      },
      "3": {
        "loc": {
          "start": { "line": 87, "column": 4 },
          "end": { "line": 89, "column": null }
        },
        "type": "if",
        "locations": [
          {
            "start": { "line": 87, "column": 4 },
            "end": { "line": 89, "column": null }
          },
          {
            "start": { "line": 87, "column": 4 },
            "end": { "line": 89, "column": null }
          }
        ]
      },
      "4": {
        "loc": {
          "start": { "line": 91, "column": 4 },
          "end": { "line": 98, "column": null }
        },
        "type": "if",
        "locations": [
          {
            "start": { "line": 91, "column": 4 },
            "end": { "line": 98, "column": null }
          },
          {
            "start": { "line": 91, "column": 4 },
            "end": { "line": 98, "column": null }
          }
        ]
      },
      "5": {
        "loc": {
          "start": { "line": 225, "column": 4 },
          "end": { "line": 229, "column": null }
        },
        "type": "if",
        "locations": [
          {
            "start": { "line": 225, "column": 4 },
            "end": { "line": 229, "column": null }
          },
          {
            "start": { "line": 225, "column": 4 },
            "end": { "line": 229, "column": null }
          }
        ]
      }
    },
    "s": {
      "0": 9,
      "1": 9,
      "2": 9,
      "3": 9,
      "4": 9,
      "5": 9,
      "6": 9,
      "7": 9,
      "8": 9,
      "9": 9,
      "10": 9,
      "11": 9,
      "12": 9,
      "13": 9,
      "14": 9,
      "15": 9,
      "16": 9,
      "17": 9,
      "18": 9,
      "19": 9,
      "20": 9,
      "21": 76,
      "22": 76,
      "23": 76,
      "24": 133,
      "25": 142,
      "26": 142,
      "27": 142,
      "28": 155,
      "29": 155,
      "30": 142,
      "31": 50,
      "32": 79,
      "33": 76,
      "34": 84,
      "35": 84,
      "36": 76,
      "37": 14,
      "38": 14,
      "39": 14,
      "40": 14,
      "41": 76,
      "42": 12,
      "43": 7,
      "44": 6,
      "45": 6,
      "46": 6,
      "47": 9,
      "48": 9,
      "49": 1,
      "50": 1,
      "51": 7,
      "52": 7,
      "53": 76,
      "54": 6,
      "55": 4,
      "56": 3,
      "57": 3,
      "58": 3,
      "59": 5,
      "60": 5,
      "61": 1,
      "62": 1,
      "63": 4,
      "64": 4,
      "65": 76,
      "66": 1,
      "67": 1,
      "68": 1,
      "69": 76,
      "70": 1,
      "71": 1,
      "72": 1,
      "73": 76,
      "74": 9,
      "75": 9,
      "76": 9,
      "77": 76,
      "78": 6,
      "79": 6,
      "80": 6,
      "81": 76,
      "82": 1,
      "83": 1,
      "84": 1,
      "85": 76,
      "86": 19,
      "87": 19,
      "88": 19,
      "89": 76,
      "90": 4,
      "91": 4,
      "92": 4,
      "93": 76,
      "94": 2,
      "95": 2,
      "96": 2,
      "97": 76,
      "98": 2,
      "99": 2,
      "100": 2,
      "101": 76,
      "102": 2,
      "103": 2,
      "104": 2,
      "105": 76,
      "106": 2,
      "107": 2,
      "108": 2,
      "109": 76,
      "110": 2,
      "111": 2,
      "112": 2,
      "113": 76,
      "114": 2,
      "115": 2,
      "116": 2,
      "117": 76,
      "118": 4,
      "119": 4,
      "120": 4,
      "121": 76,
      "122": 3,
      "123": 3,
      "124": 3,
      "125": 76,
      "126": 2,
      "127": 2,
      "128": 2,
      "129": 76,
      "130": 8,
      "131": 8,
      "132": 8,
      "133": 76,
      "134": 12,
      "135": 12,
      "136": 12,
      "137": 76,
      "138": 3,
      "139": 1,
      "140": 2,
      "141": 2,
      "142": 2,
      "143": 76,
      "144": 185,
      "145": 76,
      "146": 84,
      "147": 76,
      "148": 16,
      "149": 76,
      "150": 9,
      "151": 9
    },
    "f": {
      "0": 9,
      "1": 76,
      "2": 133,
      "3": 142,
      "4": 84,
      "5": 14,
      "6": 7,
      "7": 4,
      "8": 1,
      "9": 1,
      "10": 9,
      "11": 6,
      "12": 1,
      "13": 19,
      "14": 4,
      "15": 2,
      "16": 2,
      "17": 2,
      "18": 2,
      "19": 2,
      "20": 2,
      "21": 4,
      "22": 3,
      "23": 2,
      "24": 8,
      "25": 12,
      "26": 3,
      "27": 185,
      "28": 84,
      "29": 16
    },
    "b": {
      "0": [50, 92],
      "1": [5, 2],
      "2": [6, 1],
      "3": [2, 2],
      "4": [3, 1],
      "5": [1, 2]
    }
  }
}
