{"C:\\workspace\\fluentvalidation-ts\\src\\index.ts": {"path":"C:\\workspace\\fluentvalidation-ts\\src\\index.ts","statementMap":{"0":{"start":{"line":2,"column":0},"end":{"line":2,"column":89}},"1":{"start":{"line":4,"column":0},"end":{"line":4,"column":59}},"2":{"start":{"line":5,"column":0},"end":{"line":5,"column":79}},"3":{"start":{"line":22,"column":0},"end":{"line":22,"column":22}},"4":{"start":{"line":23,"column":10},"end":{"line":25,"column":9}},"5":{"start":{"line":27,"column":10},"end":{"line":29,"column":4}},"6":{"start":{"line":28,"column":4},"end":{"line":28,"column":14}},"7":{"start":{"line":31,"column":10},"end":{"line":55,"column":4}},"8":{"start":{"line":32,"column":4},"end":{"line":54,"column":6}},"9":{"start":{"line":33,"column":47},"end":{"line":33,"column":49}},"10":{"start":{"line":35,"column":6},"end":{"line":51,"column":null}},"11":{"start":{"line":35,"column":33},"end":{"line":35,"column":39}},"12":{"start":{"line":35,"column":33},"end":{"line":36,"column":null}},"13":{"start":{"line":35,"column":29},"end":{"line":35,"column":33}},"14":{"start":{"line":38,"column":39},"end":{"line":39,"column":77}},"15":{"start":{"line":41,"column":8},"end":{"line":50,"column":null}},"16":{"start":{"line":41,"column":44},"end":{"line":41,"column":67}},"17":{"start":{"line":41,"column":40},"end":{"line":41,"column":44}},"18":{"start":{"line":42,"column":33},"end":{"line":42,"column":62}},"19":{"start":{"line":43,"column":25},"end":{"line":45,"column":null}},"20":{"start":{"line":47,"column":10},"end":{"line":49,"column":null}},"21":{"start":{"line":48,"column":12},"end":{"line":48,"column":58}},"22":{"start":{"line":53,"column":6},"end":{"line":53,"column":20}},"23":{"start":{"line":57,"column":9},"end":{"line":59,"column":4}},"24":{"start":{"line":58,"column":4},"end":{"line":58,"column":33}},"25":{"start":{"line":61,"column":12},"end":{"line":82,"column":4}},"26":{"start":{"line":67,"column":34},"end":{"line":68,"column":null}},"27":{"start":{"line":71,"column":4},"end":{"line":72,"column":68}},"28":{"start":{"line":74,"column":4},"end":{"line":76,"column":6}},"29":{"start":{"line":78,"column":4},"end":{"line":81,"column":6}},"30":{"start":{"line":84,"column":12},"end":{"line":116,"column":4}},"31":{"start":{"line":102,"column":39},"end":{"line":104,"column":null}},"32":{"start":{"line":107,"column":4},"end":{"line":109,"column":null}},"33":{"start":{"line":108,"column":6},"end":{"line":108,"column":67}},"34":{"start":{"line":111,"column":4},"end":{"line":113,"column":6}},"35":{"start":{"line":115,"column":4},"end":{"line":115,"column":59}},"36":{"start":{"line":117,"column":0},"end":{"line":117,"column":null}},"37":{"start":{"line":22,"column":22},"end":{"line":22,"column":31}}},"fnMap":{"0":{"name":"(anonymous_0)","decl":{"start":{"line":22,"column":0},"end":{"line":22,"column":22}},"loc":{"start":{"line":22,"column":0},"end":{"line":117,"column":null}}},"1":{"name":"(anonymous_2)","decl":{"start":{"line":27,"column":67},"end":{"line":27,"column":null}},"loc":{"start":{"line":27,"column":67},"end":{"line":29,"column":3}}},"2":{"name":"(anonymous_3)","decl":{"start":{"line":31,"column":28},"end":{"line":31,"column":null}},"loc":{"start":{"line":31,"column":28},"end":{"line":55,"column":3}}},"3":{"name":"(anonymous_4)","decl":{"start":{"line":32,"column":21},"end":{"line":32,"column":22}},"loc":{"start":{"line":32,"column":35},"end":{"line":54,"column":5}}},"4":{"name":"(anonymous_5)","decl":{"start":{"line":57,"column":20},"end":{"line":57,"column":21}},"loc":{"start":{"line":57,"column":34},"end":{"line":59,"column":3}}},"5":{"name":"(anonymous_6)","decl":{"start":{"line":61,"column":22},"end":{"line":61,"column":null}},"loc":{"start":{"line":65,"column":31},"end":{"line":82,"column":3}}},"6":{"name":"(anonymous_7)","decl":{"start":{"line":84,"column":26},"end":{"line":84,"column":null}},"loc":{"start":{"line":98,"column":13},"end":{"line":116,"column":3}}}},"branchMap":{"0":{"loc":{"start":{"line":47,"column":10},"end":{"line":49,"column":null}},"type":"if","locations":[{"start":{"line":47,"column":10},"end":{"line":49,"column":null}},{"start":{"line":47,"column":10},"end":{"line":49,"column":null}}]},"1":{"loc":{"start":{"line":72,"column":6},"end":{"line":72,"column":61}},"type":"binary-expr","locations":[{"start":{"line":72,"column":6},"end":{"line":72,"column":61}},{"start":{"line":72,"column":65},"end":{"line":72,"column":67}}]},"2":{"loc":{"start":{"line":107,"column":4},"end":{"line":109,"column":null}},"type":"if","locations":[{"start":{"line":107,"column":4},"end":{"line":109,"column":null}},{"start":{"line":107,"column":4},"end":{"line":109,"column":null}}]}},"s":{"0":9,"1":9,"2":9,"3":72,"4":63,"5":63,"6":1,"7":63,"8":121,"9":140,"10":140,"11":140,"12":140,"13":163,"14":163,"15":163,"16":326,"17":168,"18":168,"19":168,"20":155,"21":68,"22":127,"23":63,"24":141,"25":63,"26":77,"27":77,"28":77,"29":77,"30":63,"31":7,"32":7,"33":6,"34":7,"35":7,"36":9,"37":9},"f":{"0":72,"1":1,"2":121,"3":140,"4":141,"5":77,"6":7},"b":{"0":[68,87],"1":[77,77],"2":[6,1]}}
,"C:\\workspace\\fluentvalidation-ts\\src\\rules\\EmailAddressRule.ts": {"path":"C:\\workspace\\fluentvalidation-ts\\src\\rules\\EmailAddressRule.ts","statementMap":{"0":{"start":{"line":1,"column":0},"end":{"line":1,"column":30}},"1":{"start":{"line":3,"column":28},"end":{"line":3,"column":99}},"2":{"start":{"line":5,"column":0},"end":{"line":5,"column":74}},"3":{"start":{"line":5,"column":54},"end":{"line":5,"column":58}},"4":{"start":{"line":7,"column":4},"end":{"line":19,"column":null}},"5":{"start":{"line":8,"column":6},"end":{"line":10,"column":null}},"6":{"start":{"line":9,"column":8},"end":{"line":9,"column":20}},"7":{"start":{"line":11,"column":6},"end":{"line":15,"column":null}},"8":{"start":{"line":12,"column":8},"end":{"line":14,"column":10}},"9":{"start":{"line":16,"column":6},"end":{"line":18,"column":38}},"10":{"start":{"line":21,"column":0},"end":{"line":21,"column":null}},"11":{"start":{"line":5,"column":13},"end":{"line":5,"column":29}}},"fnMap":{"0":{"name":"(anonymous_0)","decl":{"start":{"line":5,"column":0},"end":{"line":5,"column":13}},"loc":{"start":{"line":5,"column":0},"end":{"line":21,"column":null}}},"1":{"name":"EmailAddressRule","decl":{"start":{"line":6,"column":2},"end":{"line":6,"column":null}},"loc":{"start":{"line":6,"column":2},"end":{"line":20,"column":3}}},"2":{"name":"(anonymous_2)","decl":{"start":{"line":7,"column":10},"end":{"line":7,"column":11}},"loc":{"start":{"line":7,"column":24},"end":{"line":19,"column":5}}}},"branchMap":{"0":{"loc":{"start":{"line":7,"column":4},"end":{"line":19,"column":6}},"type":"binary-expr","locations":[{"start":{"line":7,"column":4},"end":{"line":19,"column":6}},{"start":{"line":19,"column":6},"end":{"line":19,"column":null}}]},"1":{"loc":{"start":{"line":8,"column":6},"end":{"line":10,"column":null}},"type":"if","locations":[{"start":{"line":8,"column":6},"end":{"line":10,"column":null}},{"start":{"line":8,"column":6},"end":{"line":10,"column":null}}]},"2":{"loc":{"start":{"line":11,"column":6},"end":{"line":15,"column":null}},"type":"if","locations":[{"start":{"line":11,"column":6},"end":{"line":15,"column":null}},{"start":{"line":11,"column":6},"end":{"line":15,"column":null}}]},"3":{"loc":{"start":{"line":17,"column":10},"end":{"line":17,"column":14}},"type":"cond-expr","locations":[{"start":{"line":17,"column":10},"end":{"line":17,"column":14}},{"start":{"line":18,"column":10},"end":{"line":18,"column":37}}]}},"s":{"0":9,"1":9,"2":9,"3":9,"4":2,"5":4,"6":1,"7":3,"8":1,"9":2,"10":9,"11":9},"f":{"0":9,"1":2,"2":4},"b":{"0":[2,2],"1":[1,3],"2":[1,2],"3":[1,1]}}
,"C:\\workspace\\fluentvalidation-ts\\src\\rules\\EqualRule.ts": {"path":"C:\\workspace\\fluentvalidation-ts\\src\\rules\\EqualRule.ts","statementMap":{"0":{"start":{"line":1,"column":0},"end":{"line":1,"column":30}},"1":{"start":{"line":3,"column":0},"end":{"line":3,"column":67}},"2":{"start":{"line":3,"column":47},"end":{"line":3,"column":51}},"3":{"start":{"line":5,"column":4},"end":{"line":7,"column":null}},"4":{"start":{"line":6,"column":6},"end":{"line":6,"column":null}},"5":{"start":{"line":9,"column":0},"end":{"line":9,"column":null}},"6":{"start":{"line":3,"column":13},"end":{"line":3,"column":22}}},"fnMap":{"0":{"name":"(anonymous_0)","decl":{"start":{"line":3,"column":0},"end":{"line":3,"column":13}},"loc":{"start":{"line":3,"column":0},"end":{"line":9,"column":null}}},"1":{"name":"EqualRule","decl":{"start":{"line":4,"column":2},"end":{"line":4,"column":14}},"loc":{"start":{"line":4,"column":35},"end":{"line":8,"column":3}}},"2":{"name":"(anonymous_2)","decl":{"start":{"line":5,"column":10},"end":{"line":5,"column":11}},"loc":{"start":{"line":5,"column":24},"end":{"line":6,"column":11}}}},"branchMap":{"0":{"loc":{"start":{"line":5,"column":4},"end":{"line":6,"column":null}},"type":"binary-expr","locations":[{"start":{"line":5,"column":4},"end":{"line":6,"column":null}},{"start":{"line":7,"column":5},"end":{"line":7,"column":null}}]},"1":{"loc":{"start":{"line":6,"column":32},"end":{"line":6,"column":36}},"type":"cond-expr","locations":[{"start":{"line":6,"column":32},"end":{"line":6,"column":36}},{"start":{"line":6,"column":39},"end":{"line":6,"column":70}}]}},"s":{"0":9,"1":9,"2":9,"3":1,"4":2,"5":9,"6":9},"f":{"0":9,"1":1,"2":2},"b":{"0":[1,1],"1":[1,1]}}
,"C:\\workspace\\fluentvalidation-ts\\src\\rules\\ExclusiveBetweenRule.ts": {"path":"C:\\workspace\\fluentvalidation-ts\\src\\rules\\ExclusiveBetweenRule.ts","statementMap":{"0":{"start":{"line":1,"column":0},"end":{"line":1,"column":30}},"1":{"start":{"line":3,"column":0},"end":{"line":3,"column":78}},"2":{"start":{"line":3,"column":58},"end":{"line":3,"column":62}},"3":{"start":{"line":5,"column":4},"end":{"line":17,"column":null}},"4":{"start":{"line":6,"column":6},"end":{"line":8,"column":null}},"5":{"start":{"line":7,"column":8},"end":{"line":7,"column":20}},"6":{"start":{"line":9,"column":6},"end":{"line":13,"column":null}},"7":{"start":{"line":10,"column":8},"end":{"line":12,"column":10}},"8":{"start":{"line":14,"column":6},"end":{"line":16,"column":112}},"9":{"start":{"line":19,"column":0},"end":{"line":19,"column":null}},"10":{"start":{"line":3,"column":13},"end":{"line":3,"column":33}}},"fnMap":{"0":{"name":"(anonymous_0)","decl":{"start":{"line":3,"column":0},"end":{"line":3,"column":13}},"loc":{"start":{"line":3,"column":0},"end":{"line":19,"column":null}}},"1":{"name":"ExclusiveBetweenRule","decl":{"start":{"line":4,"column":2},"end":{"line":4,"column":14}},"loc":{"start":{"line":4,"column":52},"end":{"line":18,"column":3}}},"2":{"name":"(anonymous_2)","decl":{"start":{"line":5,"column":10},"end":{"line":5,"column":11}},"loc":{"start":{"line":5,"column":24},"end":{"line":17,"column":5}}}},"branchMap":{"0":{"loc":{"start":{"line":5,"column":4},"end":{"line":17,"column":6}},"type":"binary-expr","locations":[{"start":{"line":5,"column":4},"end":{"line":17,"column":6}},{"start":{"line":17,"column":6},"end":{"line":17,"column":null}}]},"1":{"loc":{"start":{"line":6,"column":6},"end":{"line":8,"column":null}},"type":"if","locations":[{"start":{"line":6,"column":6},"end":{"line":8,"column":null}},{"start":{"line":6,"column":6},"end":{"line":8,"column":null}}]},"2":{"loc":{"start":{"line":9,"column":6},"end":{"line":13,"column":null}},"type":"if","locations":[{"start":{"line":9,"column":6},"end":{"line":13,"column":null}},{"start":{"line":9,"column":6},"end":{"line":13,"column":null}}]},"3":{"loc":{"start":{"line":15,"column":10},"end":{"line":15,"column":14}},"type":"cond-expr","locations":[{"start":{"line":15,"column":10},"end":{"line":15,"column":14}},{"start":{"line":16,"column":10},"end":{"line":16,"column":111}}]},"4":{"loc":{"start":{"line":14,"column":13},"end":{"line":14,"column":31}},"type":"binary-expr","locations":[{"start":{"line":14,"column":13},"end":{"line":14,"column":31}},{"start":{"line":14,"column":35},"end":{"line":14,"column":53}}]}},"s":{"0":9,"1":9,"2":9,"3":2,"4":5,"5":1,"6":4,"7":1,"8":3,"9":9,"10":9},"f":{"0":9,"1":2,"2":5},"b":{"0":[2,2],"1":[1,4],"2":[1,3],"3":[1,2],"4":[3,2]}}
,"C:\\workspace\\fluentvalidation-ts\\src\\rules\\GreaterThanOrEqualToRule.ts": {"path":"C:\\workspace\\fluentvalidation-ts\\src\\rules\\GreaterThanOrEqualToRule.ts","statementMap":{"0":{"start":{"line":1,"column":0},"end":{"line":1,"column":30}},"1":{"start":{"line":3,"column":0},"end":{"line":3,"column":null}},"2":{"start":{"line":3,"column":62},"end":{"line":3,"column":66}},"3":{"start":{"line":8,"column":4},"end":{"line":20,"column":null}},"4":{"start":{"line":9,"column":6},"end":{"line":11,"column":null}},"5":{"start":{"line":10,"column":8},"end":{"line":10,"column":20}},"6":{"start":{"line":12,"column":6},"end":{"line":16,"column":null}},"7":{"start":{"line":13,"column":8},"end":{"line":15,"column":10}},"8":{"start":{"line":17,"column":6},"end":{"line":19,"column":81}},"9":{"start":{"line":22,"column":0},"end":{"line":22,"column":null}},"10":{"start":{"line":3,"column":13},"end":{"line":3,"column":37}}},"fnMap":{"0":{"name":"(anonymous_0)","decl":{"start":{"line":3,"column":0},"end":{"line":3,"column":13}},"loc":{"start":{"line":3,"column":0},"end":{"line":22,"column":null}}},"1":{"name":"GreaterThanOrEqualToRule","decl":{"start":{"line":7,"column":2},"end":{"line":7,"column":14}},"loc":{"start":{"line":7,"column":31},"end":{"line":21,"column":3}}},"2":{"name":"(anonymous_2)","decl":{"start":{"line":8,"column":10},"end":{"line":8,"column":11}},"loc":{"start":{"line":8,"column":24},"end":{"line":20,"column":5}}}},"branchMap":{"0":{"loc":{"start":{"line":8,"column":4},"end":{"line":20,"column":6}},"type":"binary-expr","locations":[{"start":{"line":8,"column":4},"end":{"line":20,"column":6}},{"start":{"line":20,"column":6},"end":{"line":20,"column":null}}]},"1":{"loc":{"start":{"line":9,"column":6},"end":{"line":11,"column":null}},"type":"if","locations":[{"start":{"line":9,"column":6},"end":{"line":11,"column":null}},{"start":{"line":9,"column":6},"end":{"line":11,"column":null}}]},"2":{"loc":{"start":{"line":12,"column":6},"end":{"line":16,"column":null}},"type":"if","locations":[{"start":{"line":12,"column":6},"end":{"line":16,"column":null}},{"start":{"line":12,"column":6},"end":{"line":16,"column":null}}]},"3":{"loc":{"start":{"line":18,"column":10},"end":{"line":18,"column":14}},"type":"cond-expr","locations":[{"start":{"line":18,"column":10},"end":{"line":18,"column":14}},{"start":{"line":19,"column":10},"end":{"line":19,"column":80}}]}},"s":{"0":9,"1":9,"2":9,"3":3,"4":5,"5":1,"6":4,"7":1,"8":3,"9":9,"10":9},"f":{"0":9,"1":3,"2":5},"b":{"0":[3,3],"1":[1,4],"2":[1,3],"3":[2,1]}}
,"C:\\workspace\\fluentvalidation-ts\\src\\rules\\GreaterThanRule.ts": {"path":"C:\\workspace\\fluentvalidation-ts\\src\\rules\\GreaterThanRule.ts","statementMap":{"0":{"start":{"line":1,"column":0},"end":{"line":1,"column":30}},"1":{"start":{"line":3,"column":0},"end":{"line":3,"column":73}},"2":{"start":{"line":3,"column":53},"end":{"line":3,"column":57}},"3":{"start":{"line":5,"column":4},"end":{"line":17,"column":null}},"4":{"start":{"line":6,"column":6},"end":{"line":8,"column":null}},"5":{"start":{"line":7,"column":8},"end":{"line":7,"column":20}},"6":{"start":{"line":9,"column":6},"end":{"line":13,"column":null}},"7":{"start":{"line":10,"column":8},"end":{"line":12,"column":10}},"8":{"start":{"line":14,"column":6},"end":{"line":16,"column":69}},"9":{"start":{"line":19,"column":0},"end":{"line":19,"column":null}},"10":{"start":{"line":3,"column":13},"end":{"line":3,"column":28}}},"fnMap":{"0":{"name":"(anonymous_0)","decl":{"start":{"line":3,"column":0},"end":{"line":3,"column":13}},"loc":{"start":{"line":3,"column":0},"end":{"line":19,"column":null}}},"1":{"name":"GreaterThanRule","decl":{"start":{"line":4,"column":2},"end":{"line":4,"column":14}},"loc":{"start":{"line":4,"column":31},"end":{"line":18,"column":3}}},"2":{"name":"(anonymous_2)","decl":{"start":{"line":5,"column":10},"end":{"line":5,"column":11}},"loc":{"start":{"line":5,"column":24},"end":{"line":17,"column":5}}}},"branchMap":{"0":{"loc":{"start":{"line":5,"column":4},"end":{"line":17,"column":6}},"type":"binary-expr","locations":[{"start":{"line":5,"column":4},"end":{"line":17,"column":6}},{"start":{"line":17,"column":6},"end":{"line":17,"column":null}}]},"1":{"loc":{"start":{"line":6,"column":6},"end":{"line":8,"column":null}},"type":"if","locations":[{"start":{"line":6,"column":6},"end":{"line":8,"column":null}},{"start":{"line":6,"column":6},"end":{"line":8,"column":null}}]},"2":{"loc":{"start":{"line":9,"column":6},"end":{"line":13,"column":null}},"type":"if","locations":[{"start":{"line":9,"column":6},"end":{"line":13,"column":null}},{"start":{"line":9,"column":6},"end":{"line":13,"column":null}}]},"3":{"loc":{"start":{"line":15,"column":10},"end":{"line":15,"column":14}},"type":"cond-expr","locations":[{"start":{"line":15,"column":10},"end":{"line":15,"column":14}},{"start":{"line":16,"column":10},"end":{"line":16,"column":68}}]}},"s":{"0":9,"1":9,"2":9,"3":4,"4":6,"5":1,"6":5,"7":1,"8":4,"9":9,"10":9},"f":{"0":9,"1":4,"2":6},"b":{"0":[4,4],"1":[1,5],"2":[1,4],"3":[3,1]}}
,"C:\\workspace\\fluentvalidation-ts\\src\\rules\\InclusiveBetweenRule.ts": {"path":"C:\\workspace\\fluentvalidation-ts\\src\\rules\\InclusiveBetweenRule.ts","statementMap":{"0":{"start":{"line":1,"column":0},"end":{"line":1,"column":30}},"1":{"start":{"line":3,"column":0},"end":{"line":3,"column":78}},"2":{"start":{"line":3,"column":58},"end":{"line":3,"column":62}},"3":{"start":{"line":5,"column":4},"end":{"line":17,"column":null}},"4":{"start":{"line":6,"column":6},"end":{"line":8,"column":null}},"5":{"start":{"line":7,"column":8},"end":{"line":7,"column":20}},"6":{"start":{"line":9,"column":6},"end":{"line":13,"column":null}},"7":{"start":{"line":10,"column":8},"end":{"line":12,"column":10}},"8":{"start":{"line":14,"column":6},"end":{"line":16,"column":112}},"9":{"start":{"line":19,"column":0},"end":{"line":19,"column":null}},"10":{"start":{"line":3,"column":13},"end":{"line":3,"column":33}}},"fnMap":{"0":{"name":"(anonymous_0)","decl":{"start":{"line":3,"column":0},"end":{"line":3,"column":13}},"loc":{"start":{"line":3,"column":0},"end":{"line":19,"column":null}}},"1":{"name":"InclusiveBetweenRule","decl":{"start":{"line":4,"column":2},"end":{"line":4,"column":14}},"loc":{"start":{"line":4,"column":52},"end":{"line":18,"column":3}}},"2":{"name":"(anonymous_2)","decl":{"start":{"line":5,"column":10},"end":{"line":5,"column":11}},"loc":{"start":{"line":5,"column":24},"end":{"line":17,"column":5}}}},"branchMap":{"0":{"loc":{"start":{"line":5,"column":4},"end":{"line":17,"column":6}},"type":"binary-expr","locations":[{"start":{"line":5,"column":4},"end":{"line":17,"column":6}},{"start":{"line":17,"column":6},"end":{"line":17,"column":null}}]},"1":{"loc":{"start":{"line":6,"column":6},"end":{"line":8,"column":null}},"type":"if","locations":[{"start":{"line":6,"column":6},"end":{"line":8,"column":null}},{"start":{"line":6,"column":6},"end":{"line":8,"column":null}}]},"2":{"loc":{"start":{"line":9,"column":6},"end":{"line":13,"column":null}},"type":"if","locations":[{"start":{"line":9,"column":6},"end":{"line":13,"column":null}},{"start":{"line":9,"column":6},"end":{"line":13,"column":null}}]},"3":{"loc":{"start":{"line":15,"column":10},"end":{"line":15,"column":14}},"type":"cond-expr","locations":[{"start":{"line":15,"column":10},"end":{"line":15,"column":14}},{"start":{"line":16,"column":10},"end":{"line":16,"column":111}}]},"4":{"loc":{"start":{"line":14,"column":13},"end":{"line":14,"column":32}},"type":"binary-expr","locations":[{"start":{"line":14,"column":13},"end":{"line":14,"column":32}},{"start":{"line":14,"column":36},"end":{"line":14,"column":55}}]}},"s":{"0":9,"1":9,"2":9,"3":9,"4":22,"5":1,"6":21,"7":1,"8":20,"9":9,"10":9},"f":{"0":9,"1":9,"2":22},"b":{"0":[9,9],"1":[1,21],"2":[1,20],"3":[13,7],"4":[20,16]}}
,"C:\\workspace\\fluentvalidation-ts\\src\\rules\\LengthRule.ts": {"path":"C:\\workspace\\fluentvalidation-ts\\src\\rules\\LengthRule.ts","statementMap":{"0":{"start":{"line":1,"column":0},"end":{"line":1,"column":30}},"1":{"start":{"line":3,"column":0},"end":{"line":3,"column":68}},"2":{"start":{"line":3,"column":48},"end":{"line":3,"column":52}},"3":{"start":{"line":5,"column":4},"end":{"line":15,"column":null}},"4":{"start":{"line":6,"column":6},"end":{"line":8,"column":null}},"5":{"start":{"line":7,"column":8},"end":{"line":7,"column":20}},"6":{"start":{"line":9,"column":6},"end":{"line":11,"column":null}},"7":{"start":{"line":10,"column":8},"end":{"line":10,"column":80}},"8":{"start":{"line":12,"column":6},"end":{"line":14,"column":114}},"9":{"start":{"line":17,"column":0},"end":{"line":17,"column":null}},"10":{"start":{"line":3,"column":13},"end":{"line":3,"column":23}}},"fnMap":{"0":{"name":"(anonymous_0)","decl":{"start":{"line":3,"column":0},"end":{"line":3,"column":13}},"loc":{"start":{"line":3,"column":0},"end":{"line":17,"column":null}}},"1":{"name":"LengthRule","decl":{"start":{"line":4,"column":2},"end":{"line":4,"column":14}},"loc":{"start":{"line":4,"column":50},"end":{"line":16,"column":3}}},"2":{"name":"(anonymous_2)","decl":{"start":{"line":5,"column":10},"end":{"line":5,"column":11}},"loc":{"start":{"line":5,"column":24},"end":{"line":15,"column":5}}}},"branchMap":{"0":{"loc":{"start":{"line":5,"column":4},"end":{"line":15,"column":6}},"type":"binary-expr","locations":[{"start":{"line":5,"column":4},"end":{"line":15,"column":6}},{"start":{"line":15,"column":6},"end":{"line":15,"column":null}}]},"1":{"loc":{"start":{"line":6,"column":6},"end":{"line":8,"column":null}},"type":"if","locations":[{"start":{"line":6,"column":6},"end":{"line":8,"column":null}},{"start":{"line":6,"column":6},"end":{"line":8,"column":null}}]},"2":{"loc":{"start":{"line":9,"column":6},"end":{"line":11,"column":null}},"type":"if","locations":[{"start":{"line":9,"column":6},"end":{"line":11,"column":null}},{"start":{"line":9,"column":6},"end":{"line":11,"column":null}}]},"3":{"loc":{"start":{"line":13,"column":10},"end":{"line":13,"column":14}},"type":"cond-expr","locations":[{"start":{"line":13,"column":10},"end":{"line":13,"column":14}},{"start":{"line":14,"column":10},"end":{"line":14,"column":113}}]},"4":{"loc":{"start":{"line":12,"column":13},"end":{"line":12,"column":38}},"type":"binary-expr","locations":[{"start":{"line":12,"column":13},"end":{"line":12,"column":38}},{"start":{"line":12,"column":42},"end":{"line":12,"column":67}}]}},"s":{"0":9,"1":9,"2":9,"3":4,"4":7,"5":1,"6":6,"7":1,"8":5,"9":9,"10":9},"f":{"0":9,"1":4,"2":7},"b":{"0":[4,4],"1":[1,6],"2":[1,5],"3":[2,3],"4":[5,4]}}
,"C:\\workspace\\fluentvalidation-ts\\src\\rules\\LessThanOrEqualToRule.ts": {"path":"C:\\workspace\\fluentvalidation-ts\\src\\rules\\LessThanOrEqualToRule.ts","statementMap":{"0":{"start":{"line":1,"column":0},"end":{"line":1,"column":30}},"1":{"start":{"line":3,"column":0},"end":{"line":3,"column":null}},"2":{"start":{"line":3,"column":59},"end":{"line":3,"column":63}},"3":{"start":{"line":8,"column":4},"end":{"line":20,"column":null}},"4":{"start":{"line":9,"column":6},"end":{"line":11,"column":null}},"5":{"start":{"line":10,"column":8},"end":{"line":10,"column":20}},"6":{"start":{"line":12,"column":6},"end":{"line":16,"column":null}},"7":{"start":{"line":13,"column":8},"end":{"line":15,"column":10}},"8":{"start":{"line":17,"column":6},"end":{"line":19,"column":78}},"9":{"start":{"line":22,"column":0},"end":{"line":22,"column":null}},"10":{"start":{"line":3,"column":13},"end":{"line":3,"column":34}}},"fnMap":{"0":{"name":"(anonymous_0)","decl":{"start":{"line":3,"column":0},"end":{"line":3,"column":13}},"loc":{"start":{"line":3,"column":0},"end":{"line":22,"column":null}}},"1":{"name":"LessThanOrEqualToRule","decl":{"start":{"line":7,"column":2},"end":{"line":7,"column":14}},"loc":{"start":{"line":7,"column":31},"end":{"line":21,"column":3}}},"2":{"name":"(anonymous_2)","decl":{"start":{"line":8,"column":10},"end":{"line":8,"column":11}},"loc":{"start":{"line":8,"column":24},"end":{"line":20,"column":5}}}},"branchMap":{"0":{"loc":{"start":{"line":8,"column":4},"end":{"line":20,"column":6}},"type":"binary-expr","locations":[{"start":{"line":8,"column":4},"end":{"line":20,"column":6}},{"start":{"line":20,"column":6},"end":{"line":20,"column":null}}]},"1":{"loc":{"start":{"line":9,"column":6},"end":{"line":11,"column":null}},"type":"if","locations":[{"start":{"line":9,"column":6},"end":{"line":11,"column":null}},{"start":{"line":9,"column":6},"end":{"line":11,"column":null}}]},"2":{"loc":{"start":{"line":12,"column":6},"end":{"line":16,"column":null}},"type":"if","locations":[{"start":{"line":12,"column":6},"end":{"line":16,"column":null}},{"start":{"line":12,"column":6},"end":{"line":16,"column":null}}]},"3":{"loc":{"start":{"line":18,"column":10},"end":{"line":18,"column":14}},"type":"cond-expr","locations":[{"start":{"line":18,"column":10},"end":{"line":18,"column":14}},{"start":{"line":19,"column":10},"end":{"line":19,"column":77}}]}},"s":{"0":9,"1":9,"2":9,"3":2,"4":4,"5":1,"6":3,"7":1,"8":2,"9":9,"10":9},"f":{"0":9,"1":2,"2":4},"b":{"0":[2,2],"1":[1,3],"2":[1,2],"3":[1,1]}}
,"C:\\workspace\\fluentvalidation-ts\\src\\rules\\LessThanRule.ts": {"path":"C:\\workspace\\fluentvalidation-ts\\src\\rules\\LessThanRule.ts","statementMap":{"0":{"start":{"line":1,"column":0},"end":{"line":1,"column":30}},"1":{"start":{"line":3,"column":0},"end":{"line":3,"column":70}},"2":{"start":{"line":3,"column":50},"end":{"line":3,"column":54}},"3":{"start":{"line":5,"column":4},"end":{"line":17,"column":null}},"4":{"start":{"line":6,"column":6},"end":{"line":8,"column":null}},"5":{"start":{"line":7,"column":8},"end":{"line":7,"column":20}},"6":{"start":{"line":9,"column":6},"end":{"line":13,"column":null}},"7":{"start":{"line":10,"column":8},"end":{"line":12,"column":10}},"8":{"start":{"line":14,"column":6},"end":{"line":16,"column":66}},"9":{"start":{"line":19,"column":0},"end":{"line":19,"column":null}},"10":{"start":{"line":3,"column":13},"end":{"line":3,"column":25}}},"fnMap":{"0":{"name":"(anonymous_0)","decl":{"start":{"line":3,"column":0},"end":{"line":3,"column":13}},"loc":{"start":{"line":3,"column":0},"end":{"line":19,"column":null}}},"1":{"name":"LessThanRule","decl":{"start":{"line":4,"column":2},"end":{"line":4,"column":14}},"loc":{"start":{"line":4,"column":31},"end":{"line":18,"column":3}}},"2":{"name":"(anonymous_2)","decl":{"start":{"line":5,"column":10},"end":{"line":5,"column":11}},"loc":{"start":{"line":5,"column":24},"end":{"line":17,"column":5}}}},"branchMap":{"0":{"loc":{"start":{"line":5,"column":4},"end":{"line":17,"column":6}},"type":"binary-expr","locations":[{"start":{"line":5,"column":4},"end":{"line":17,"column":6}},{"start":{"line":17,"column":6},"end":{"line":17,"column":null}}]},"1":{"loc":{"start":{"line":6,"column":6},"end":{"line":8,"column":null}},"type":"if","locations":[{"start":{"line":6,"column":6},"end":{"line":8,"column":null}},{"start":{"line":6,"column":6},"end":{"line":8,"column":null}}]},"2":{"loc":{"start":{"line":9,"column":6},"end":{"line":13,"column":null}},"type":"if","locations":[{"start":{"line":9,"column":6},"end":{"line":13,"column":null}},{"start":{"line":9,"column":6},"end":{"line":13,"column":null}}]},"3":{"loc":{"start":{"line":15,"column":10},"end":{"line":15,"column":14}},"type":"cond-expr","locations":[{"start":{"line":15,"column":10},"end":{"line":15,"column":14}},{"start":{"line":16,"column":10},"end":{"line":16,"column":65}}]}},"s":{"0":9,"1":9,"2":9,"3":2,"4":4,"5":1,"6":3,"7":1,"8":2,"9":9,"10":9},"f":{"0":9,"1":2,"2":4},"b":{"0":[2,2],"1":[1,3],"2":[1,2],"3":[1,1]}}
,"C:\\workspace\\fluentvalidation-ts\\src\\rules\\MatchesRule.ts": {"path":"C:\\workspace\\fluentvalidation-ts\\src\\rules\\MatchesRule.ts","statementMap":{"0":{"start":{"line":1,"column":0},"end":{"line":1,"column":30}},"1":{"start":{"line":3,"column":0},"end":{"line":3,"column":69}},"2":{"start":{"line":3,"column":49},"end":{"line":3,"column":53}},"3":{"start":{"line":5,"column":4},"end":{"line":17,"column":null}},"4":{"start":{"line":6,"column":6},"end":{"line":8,"column":null}},"5":{"start":{"line":7,"column":8},"end":{"line":7,"column":20}},"6":{"start":{"line":9,"column":6},"end":{"line":13,"column":null}},"7":{"start":{"line":10,"column":8},"end":{"line":12,"column":10}},"8":{"start":{"line":14,"column":6},"end":{"line":16,"column":54}},"9":{"start":{"line":19,"column":0},"end":{"line":19,"column":null}},"10":{"start":{"line":3,"column":13},"end":{"line":3,"column":24}}},"fnMap":{"0":{"name":"(anonymous_0)","decl":{"start":{"line":3,"column":0},"end":{"line":3,"column":13}},"loc":{"start":{"line":3,"column":0},"end":{"line":19,"column":null}}},"1":{"name":"MatchesRule","decl":{"start":{"line":4,"column":2},"end":{"line":4,"column":14}},"loc":{"start":{"line":4,"column":29},"end":{"line":18,"column":3}}},"2":{"name":"(anonymous_2)","decl":{"start":{"line":5,"column":10},"end":{"line":5,"column":11}},"loc":{"start":{"line":5,"column":24},"end":{"line":17,"column":5}}}},"branchMap":{"0":{"loc":{"start":{"line":5,"column":4},"end":{"line":17,"column":6}},"type":"binary-expr","locations":[{"start":{"line":5,"column":4},"end":{"line":17,"column":6}},{"start":{"line":17,"column":6},"end":{"line":17,"column":null}}]},"1":{"loc":{"start":{"line":6,"column":6},"end":{"line":8,"column":null}},"type":"if","locations":[{"start":{"line":6,"column":6},"end":{"line":8,"column":null}},{"start":{"line":6,"column":6},"end":{"line":8,"column":null}}]},"2":{"loc":{"start":{"line":9,"column":6},"end":{"line":13,"column":null}},"type":"if","locations":[{"start":{"line":9,"column":6},"end":{"line":13,"column":null}},{"start":{"line":9,"column":6},"end":{"line":13,"column":null}}]},"3":{"loc":{"start":{"line":15,"column":10},"end":{"line":15,"column":14}},"type":"cond-expr","locations":[{"start":{"line":15,"column":10},"end":{"line":15,"column":14}},{"start":{"line":16,"column":10},"end":{"line":16,"column":53}}]}},"s":{"0":9,"1":9,"2":9,"3":2,"4":4,"5":1,"6":3,"7":1,"8":2,"9":9,"10":9},"f":{"0":9,"1":2,"2":4},"b":{"0":[2,2],"1":[1,3],"2":[1,2],"3":[1,1]}}
,"C:\\workspace\\fluentvalidation-ts\\src\\rules\\MaxLengthRule.ts": {"path":"C:\\workspace\\fluentvalidation-ts\\src\\rules\\MaxLengthRule.ts","statementMap":{"0":{"start":{"line":1,"column":0},"end":{"line":1,"column":30}},"1":{"start":{"line":3,"column":0},"end":{"line":3,"column":71}},"2":{"start":{"line":3,"column":51},"end":{"line":3,"column":55}},"3":{"start":{"line":5,"column":4},"end":{"line":17,"column":null}},"4":{"start":{"line":6,"column":6},"end":{"line":8,"column":null}},"5":{"start":{"line":7,"column":8},"end":{"line":7,"column":20}},"6":{"start":{"line":9,"column":6},"end":{"line":13,"column":null}},"7":{"start":{"line":10,"column":8},"end":{"line":12,"column":10}},"8":{"start":{"line":14,"column":6},"end":{"line":16,"column":85}},"9":{"start":{"line":19,"column":0},"end":{"line":19,"column":null}},"10":{"start":{"line":3,"column":13},"end":{"line":3,"column":26}}},"fnMap":{"0":{"name":"(anonymous_0)","decl":{"start":{"line":3,"column":0},"end":{"line":3,"column":13}},"loc":{"start":{"line":3,"column":0},"end":{"line":19,"column":null}}},"1":{"name":"MaxLengthRule","decl":{"start":{"line":4,"column":2},"end":{"line":4,"column":14}},"loc":{"start":{"line":4,"column":31},"end":{"line":18,"column":3}}},"2":{"name":"(anonymous_2)","decl":{"start":{"line":5,"column":10},"end":{"line":5,"column":11}},"loc":{"start":{"line":5,"column":24},"end":{"line":17,"column":5}}}},"branchMap":{"0":{"loc":{"start":{"line":5,"column":4},"end":{"line":17,"column":6}},"type":"binary-expr","locations":[{"start":{"line":5,"column":4},"end":{"line":17,"column":6}},{"start":{"line":17,"column":6},"end":{"line":17,"column":null}}]},"1":{"loc":{"start":{"line":6,"column":6},"end":{"line":8,"column":null}},"type":"if","locations":[{"start":{"line":6,"column":6},"end":{"line":8,"column":null}},{"start":{"line":6,"column":6},"end":{"line":8,"column":null}}]},"2":{"loc":{"start":{"line":9,"column":6},"end":{"line":13,"column":null}},"type":"if","locations":[{"start":{"line":9,"column":6},"end":{"line":13,"column":null}},{"start":{"line":9,"column":6},"end":{"line":13,"column":null}}]},"3":{"loc":{"start":{"line":15,"column":10},"end":{"line":15,"column":14}},"type":"cond-expr","locations":[{"start":{"line":15,"column":10},"end":{"line":15,"column":14}},{"start":{"line":16,"column":10},"end":{"line":16,"column":84}}]}},"s":{"0":9,"1":9,"2":9,"3":2,"4":4,"5":1,"6":3,"7":1,"8":2,"9":9,"10":9},"f":{"0":9,"1":2,"2":4},"b":{"0":[2,2],"1":[1,3],"2":[1,2],"3":[1,1]}}
,"C:\\workspace\\fluentvalidation-ts\\src\\rules\\MinLengthRule.ts": {"path":"C:\\workspace\\fluentvalidation-ts\\src\\rules\\MinLengthRule.ts","statementMap":{"0":{"start":{"line":1,"column":0},"end":{"line":1,"column":30}},"1":{"start":{"line":3,"column":0},"end":{"line":3,"column":71}},"2":{"start":{"line":3,"column":51},"end":{"line":3,"column":55}},"3":{"start":{"line":5,"column":4},"end":{"line":17,"column":null}},"4":{"start":{"line":6,"column":6},"end":{"line":8,"column":null}},"5":{"start":{"line":7,"column":8},"end":{"line":7,"column":20}},"6":{"start":{"line":9,"column":6},"end":{"line":13,"column":null}},"7":{"start":{"line":10,"column":8},"end":{"line":12,"column":10}},"8":{"start":{"line":14,"column":6},"end":{"line":16,"column":81}},"9":{"start":{"line":19,"column":0},"end":{"line":19,"column":null}},"10":{"start":{"line":3,"column":13},"end":{"line":3,"column":26}}},"fnMap":{"0":{"name":"(anonymous_0)","decl":{"start":{"line":3,"column":0},"end":{"line":3,"column":13}},"loc":{"start":{"line":3,"column":0},"end":{"line":19,"column":null}}},"1":{"name":"MinLengthRule","decl":{"start":{"line":4,"column":2},"end":{"line":4,"column":14}},"loc":{"start":{"line":4,"column":31},"end":{"line":18,"column":3}}},"2":{"name":"(anonymous_2)","decl":{"start":{"line":5,"column":10},"end":{"line":5,"column":11}},"loc":{"start":{"line":5,"column":24},"end":{"line":17,"column":5}}}},"branchMap":{"0":{"loc":{"start":{"line":5,"column":4},"end":{"line":17,"column":6}},"type":"binary-expr","locations":[{"start":{"line":5,"column":4},"end":{"line":17,"column":6}},{"start":{"line":17,"column":6},"end":{"line":17,"column":null}}]},"1":{"loc":{"start":{"line":6,"column":6},"end":{"line":8,"column":null}},"type":"if","locations":[{"start":{"line":6,"column":6},"end":{"line":8,"column":null}},{"start":{"line":6,"column":6},"end":{"line":8,"column":null}}]},"2":{"loc":{"start":{"line":9,"column":6},"end":{"line":13,"column":null}},"type":"if","locations":[{"start":{"line":9,"column":6},"end":{"line":13,"column":null}},{"start":{"line":9,"column":6},"end":{"line":13,"column":null}}]},"3":{"loc":{"start":{"line":15,"column":10},"end":{"line":15,"column":14}},"type":"cond-expr","locations":[{"start":{"line":15,"column":10},"end":{"line":15,"column":14}},{"start":{"line":16,"column":10},"end":{"line":16,"column":80}}]}},"s":{"0":9,"1":9,"2":9,"3":2,"4":4,"5":1,"6":3,"7":1,"8":2,"9":9,"10":9},"f":{"0":9,"1":2,"2":4},"b":{"0":[2,2],"1":[1,3],"2":[1,2],"3":[1,1]}}
,"C:\\workspace\\fluentvalidation-ts\\src\\rules\\MustRule.ts": {"path":"C:\\workspace\\fluentvalidation-ts\\src\\rules\\MustRule.ts","statementMap":{"0":{"start":{"line":1,"column":0},"end":{"line":1,"column":30}},"1":{"start":{"line":21,"column":0},"end":{"line":21,"column":66}},"2":{"start":{"line":21,"column":46},"end":{"line":21,"column":50}},"3":{"start":{"line":23,"column":4},"end":{"line":54,"column":null}},"4":{"start":{"line":24,"column":6},"end":{"line":41,"column":null}},"5":{"start":{"line":25,"column":8},"end":{"line":39,"column":null}},"6":{"start":{"line":25,"column":37},"end":{"line":25,"column":47}},"7":{"start":{"line":25,"column":33},"end":{"line":25,"column":37}},"8":{"start":{"line":26,"column":10},"end":{"line":38,"column":null}},"9":{"start":{"line":27,"column":28},"end":{"line":27,"column":56}},"10":{"start":{"line":28,"column":12},"end":{"line":30,"column":null}},"11":{"start":{"line":29,"column":14},"end":{"line":29,"column":42}},"12":{"start":{"line":32,"column":28},"end":{"line":32,"column":66}},"13":{"start":{"line":33,"column":12},"end":{"line":37,"column":null}},"14":{"start":{"line":34,"column":14},"end":{"line":36,"column":41}},"15":{"start":{"line":40,"column":8},"end":{"line":40,"column":20}},"16":{"start":{"line":43,"column":6},"end":{"line":45,"column":null}},"17":{"start":{"line":44,"column":8},"end":{"line":44,"column":70}},"18":{"start":{"line":47,"column":14},"end":{"line":47,"column":23}},"19":{"start":{"line":47,"column":25},"end":{"line":47,"column":32}},"20":{"start":{"line":49,"column":6},"end":{"line":53,"column":18}},"21":{"start":{"line":56,"column":0},"end":{"line":56,"column":null}},"22":{"start":{"line":21,"column":13},"end":{"line":21,"column":21}}},"fnMap":{"0":{"name":"(anonymous_0)","decl":{"start":{"line":21,"column":0},"end":{"line":21,"column":13}},"loc":{"start":{"line":21,"column":0},"end":{"line":56,"column":null}}},"1":{"name":"MustRule","decl":{"start":{"line":22,"column":2},"end":{"line":22,"column":14}},"loc":{"start":{"line":22,"column":60},"end":{"line":55,"column":3}}},"2":{"name":"(anonymous_2)","decl":{"start":{"line":23,"column":10},"end":{"line":23,"column":11}},"loc":{"start":{"line":23,"column":39},"end":{"line":54,"column":5}}}},"branchMap":{"0":{"loc":{"start":{"line":23,"column":4},"end":{"line":54,"column":6}},"type":"binary-expr","locations":[{"start":{"line":23,"column":4},"end":{"line":54,"column":6}},{"start":{"line":54,"column":6},"end":{"line":54,"column":null}}]},"1":{"loc":{"start":{"line":24,"column":6},"end":{"line":41,"column":null}},"type":"if","locations":[{"start":{"line":24,"column":6},"end":{"line":41,"column":null}},{"start":{"line":24,"column":6},"end":{"line":41,"column":null}}]},"2":{"loc":{"start":{"line":26,"column":10},"end":{"line":38,"column":null}},"type":"if","locations":[{"start":{"line":26,"column":10},"end":{"line":38,"column":null}},{"start":{"line":26,"column":10},"end":{"line":38,"column":null}}]},"3":{"loc":{"start":{"line":28,"column":12},"end":{"line":30,"column":null}},"type":"if","locations":[{"start":{"line":28,"column":12},"end":{"line":30,"column":null}},{"start":{"line":28,"column":12},"end":{"line":30,"column":null}}]},"4":{"loc":{"start":{"line":33,"column":12},"end":{"line":37,"column":null}},"type":"if","locations":[{"start":{"line":33,"column":12},"end":{"line":37,"column":null}},{"start":{"line":33,"column":12},"end":{"line":37,"column":null}}]},"5":{"loc":{"start":{"line":35,"column":18},"end":{"line":35,"column":54}},"type":"cond-expr","locations":[{"start":{"line":35,"column":18},"end":{"line":35,"column":54}},{"start":{"line":36,"column":18},"end":{"line":36,"column":40}}]},"6":{"loc":{"start":{"line":43,"column":6},"end":{"line":45,"column":null}},"type":"if","locations":[{"start":{"line":43,"column":6},"end":{"line":45,"column":null}},{"start":{"line":43,"column":6},"end":{"line":45,"column":null}}]},"7":{"loc":{"start":{"line":44,"column":42},"end":{"line":44,"column":46}},"type":"cond-expr","locations":[{"start":{"line":44,"column":42},"end":{"line":44,"column":46}},{"start":{"line":44,"column":49},"end":{"line":44,"column":69}}]},"8":{"loc":{"start":{"line":50,"column":10},"end":{"line":50,"column":14}},"type":"cond-expr","locations":[{"start":{"line":50,"column":10},"end":{"line":50,"column":14}},{"start":{"line":51,"column":10},"end":{"line":53,"column":17}}]},"9":{"loc":{"start":{"line":52,"column":10},"end":{"line":52,"column":31}},"type":"cond-expr","locations":[{"start":{"line":52,"column":10},"end":{"line":52,"column":31}},{"start":{"line":53,"column":10},"end":{"line":53,"column":17}}]}},"s":{"0":9,"1":9,"2":9,"3":15,"4":28,"5":4,"6":8,"7":9,"8":9,"9":4,"10":4,"11":1,"12":5,"13":5,"14":2,"15":1,"16":24,"17":15,"18":9,"19":9,"20":9,"21":9,"22":9},"f":{"0":9,"1":15,"2":28},"b":{"0":[15,15],"1":[4,24],"2":[4,5],"3":[1,3],"4":[2,3],"5":[1,1],"6":[15,9],"7":[9,6],"8":[2,7],"9":[1,6]}}
,"C:\\workspace\\fluentvalidation-ts\\src\\rules\\NotEmptyRule.ts": {"path":"C:\\workspace\\fluentvalidation-ts\\src\\rules\\NotEmptyRule.ts","statementMap":{"0":{"start":{"line":1,"column":0},"end":{"line":1,"column":30}},"1":{"start":{"line":3,"column":0},"end":{"line":3,"column":70}},"2":{"start":{"line":3,"column":50},"end":{"line":3,"column":54}},"3":{"start":{"line":5,"column":4},"end":{"line":15,"column":null}},"4":{"start":{"line":6,"column":6},"end":{"line":13,"column":null}},"5":{"start":{"line":7,"column":8},"end":{"line":9,"column":null}},"6":{"start":{"line":8,"column":10},"end":{"line":8,"column":22}},"7":{"start":{"line":10,"column":8},"end":{"line":12,"column":10}},"8":{"start":{"line":14,"column":6},"end":{"line":14,"column":70}},"9":{"start":{"line":17,"column":0},"end":{"line":17,"column":null}},"10":{"start":{"line":3,"column":13},"end":{"line":3,"column":25}}},"fnMap":{"0":{"name":"(anonymous_0)","decl":{"start":{"line":3,"column":0},"end":{"line":3,"column":13}},"loc":{"start":{"line":3,"column":0},"end":{"line":17,"column":null}}},"1":{"name":"NotEmptyRule","decl":{"start":{"line":4,"column":2},"end":{"line":4,"column":null}},"loc":{"start":{"line":4,"column":2},"end":{"line":16,"column":3}}},"2":{"name":"(anonymous_2)","decl":{"start":{"line":5,"column":10},"end":{"line":5,"column":11}},"loc":{"start":{"line":5,"column":24},"end":{"line":15,"column":5}}}},"branchMap":{"0":{"loc":{"start":{"line":5,"column":4},"end":{"line":15,"column":6}},"type":"binary-expr","locations":[{"start":{"line":5,"column":4},"end":{"line":15,"column":6}},{"start":{"line":15,"column":6},"end":{"line":15,"column":null}}]},"1":{"loc":{"start":{"line":6,"column":6},"end":{"line":13,"column":null}},"type":"if","locations":[{"start":{"line":6,"column":6},"end":{"line":13,"column":null}},{"start":{"line":6,"column":6},"end":{"line":13,"column":null}}]},"2":{"loc":{"start":{"line":7,"column":8},"end":{"line":9,"column":null}},"type":"if","locations":[{"start":{"line":7,"column":8},"end":{"line":9,"column":null}},{"start":{"line":7,"column":8},"end":{"line":9,"column":null}}]},"3":{"loc":{"start":{"line":14,"column":39},"end":{"line":14,"column":43}},"type":"cond-expr","locations":[{"start":{"line":14,"column":39},"end":{"line":14,"column":43}},{"start":{"line":14,"column":46},"end":{"line":14,"column":69}}]}},"s":{"0":9,"1":9,"2":9,"3":19,"4":26,"5":2,"6":1,"7":1,"8":24,"9":9,"10":9},"f":{"0":9,"1":19,"2":26},"b":{"0":[19,19],"1":[2,24],"2":[1,1],"3":[19,5]}}
,"C:\\workspace\\fluentvalidation-ts\\src\\rules\\NotEqualRule.ts": {"path":"C:\\workspace\\fluentvalidation-ts\\src\\rules\\NotEqualRule.ts","statementMap":{"0":{"start":{"line":1,"column":0},"end":{"line":1,"column":30}},"1":{"start":{"line":3,"column":0},"end":{"line":3,"column":70}},"2":{"start":{"line":3,"column":50},"end":{"line":3,"column":54}},"3":{"start":{"line":5,"column":4},"end":{"line":7,"column":null}},"4":{"start":{"line":6,"column":6},"end":{"line":6,"column":null}},"5":{"start":{"line":9,"column":0},"end":{"line":9,"column":null}},"6":{"start":{"line":3,"column":13},"end":{"line":3,"column":25}}},"fnMap":{"0":{"name":"(anonymous_0)","decl":{"start":{"line":3,"column":0},"end":{"line":3,"column":13}},"loc":{"start":{"line":3,"column":0},"end":{"line":9,"column":null}}},"1":{"name":"NotEqualRule","decl":{"start":{"line":4,"column":2},"end":{"line":4,"column":14}},"loc":{"start":{"line":4,"column":36},"end":{"line":8,"column":3}}},"2":{"name":"(anonymous_2)","decl":{"start":{"line":5,"column":10},"end":{"line":5,"column":11}},"loc":{"start":{"line":5,"column":24},"end":{"line":6,"column":11}}}},"branchMap":{"0":{"loc":{"start":{"line":5,"column":4},"end":{"line":6,"column":null}},"type":"binary-expr","locations":[{"start":{"line":5,"column":4},"end":{"line":6,"column":null}},{"start":{"line":7,"column":5},"end":{"line":7,"column":null}}]},"1":{"loc":{"start":{"line":6,"column":33},"end":{"line":6,"column":37}},"type":"cond-expr","locations":[{"start":{"line":6,"column":33},"end":{"line":6,"column":37}},{"start":{"line":6,"column":40},"end":{"line":6,"column":76}}]}},"s":{"0":9,"1":9,"2":9,"3":1,"4":2,"5":9,"6":9},"f":{"0":9,"1":1,"2":2},"b":{"0":[1,1],"1":[1,1]}}
,"C:\\workspace\\fluentvalidation-ts\\src\\rules\\NotNullRule.ts": {"path":"C:\\workspace\\fluentvalidation-ts\\src\\rules\\NotNullRule.ts","statementMap":{"0":{"start":{"line":1,"column":0},"end":{"line":1,"column":30}},"1":{"start":{"line":3,"column":0},"end":{"line":3,"column":69}},"2":{"start":{"line":3,"column":49},"end":{"line":3,"column":53}},"3":{"start":{"line":5,"column":4},"end":{"line":5,"column":null}},"4":{"start":{"line":5,"column":29},"end":{"line":5,"column":77}},"5":{"start":{"line":7,"column":0},"end":{"line":7,"column":null}},"6":{"start":{"line":3,"column":13},"end":{"line":3,"column":24}}},"fnMap":{"0":{"name":"(anonymous_0)","decl":{"start":{"line":3,"column":0},"end":{"line":3,"column":13}},"loc":{"start":{"line":3,"column":0},"end":{"line":7,"column":null}}},"1":{"name":"NotNullRule","decl":{"start":{"line":4,"column":2},"end":{"line":4,"column":null}},"loc":{"start":{"line":4,"column":2},"end":{"line":6,"column":3}}},"2":{"name":"(anonymous_2)","decl":{"start":{"line":5,"column":10},"end":{"line":5,"column":11}},"loc":{"start":{"line":5,"column":24},"end":{"line":5,"column":30}}}},"branchMap":{"0":{"loc":{"start":{"line":5,"column":4},"end":{"line":5,"column":77}},"type":"binary-expr","locations":[{"start":{"line":5,"column":4},"end":{"line":5,"column":77}},{"start":{"line":5,"column":77},"end":{"line":5,"column":null}}]},"1":{"loc":{"start":{"line":5,"column":46},"end":{"line":5,"column":50}},"type":"cond-expr","locations":[{"start":{"line":5,"column":46},"end":{"line":5,"column":50}},{"start":{"line":5,"column":53},"end":{"line":5,"column":75}}]}},"s":{"0":9,"1":9,"2":9,"3":6,"4":16,"5":9,"6":9},"f":{"0":9,"1":6,"2":16},"b":{"0":[6,6],"1":[8,8]}}
,"C:\\workspace\\fluentvalidation-ts\\src\\rules\\NullRule.ts": {"path":"C:\\workspace\\fluentvalidation-ts\\src\\rules\\NullRule.ts","statementMap":{"0":{"start":{"line":1,"column":0},"end":{"line":1,"column":30}},"1":{"start":{"line":3,"column":0},"end":{"line":3,"column":66}},"2":{"start":{"line":3,"column":46},"end":{"line":3,"column":50}},"3":{"start":{"line":5,"column":4},"end":{"line":5,"column":null}},"4":{"start":{"line":5,"column":29},"end":{"line":5,"column":75}},"5":{"start":{"line":7,"column":0},"end":{"line":7,"column":null}},"6":{"start":{"line":3,"column":13},"end":{"line":3,"column":21}}},"fnMap":{"0":{"name":"(anonymous_0)","decl":{"start":{"line":3,"column":0},"end":{"line":3,"column":13}},"loc":{"start":{"line":3,"column":0},"end":{"line":7,"column":null}}},"1":{"name":"NullRule","decl":{"start":{"line":4,"column":2},"end":{"line":4,"column":null}},"loc":{"start":{"line":4,"column":2},"end":{"line":6,"column":3}}},"2":{"name":"(anonymous_2)","decl":{"start":{"line":5,"column":10},"end":{"line":5,"column":11}},"loc":{"start":{"line":5,"column":24},"end":{"line":5,"column":30}}}},"branchMap":{"0":{"loc":{"start":{"line":5,"column":4},"end":{"line":5,"column":75}},"type":"binary-expr","locations":[{"start":{"line":5,"column":4},"end":{"line":5,"column":75}},{"start":{"line":5,"column":75},"end":{"line":5,"column":null}}]},"1":{"loc":{"start":{"line":5,"column":46},"end":{"line":5,"column":50}},"type":"cond-expr","locations":[{"start":{"line":5,"column":46},"end":{"line":5,"column":50}},{"start":{"line":5,"column":53},"end":{"line":5,"column":73}}]}},"s":{"0":9,"1":9,"2":9,"3":1,"4":2,"5":9,"6":9},"f":{"0":9,"1":1,"2":2},"b":{"0":[1,1],"1":[1,1]}}
,"C:\\workspace\\fluentvalidation-ts\\src\\rules\\Rule.ts": {"path":"C:\\workspace\\fluentvalidation-ts\\src\\rules\\Rule.ts","statementMap":{"0":{"start":{"line":4,"column":0},"end":{"line":4,"column":13}},"1":{"start":{"line":10,"column":2},"end":{"line":10,"column":14}},"2":{"start":{"line":14,"column":9},"end":{"line":16,"column":4}},"3":{"start":{"line":15,"column":4},"end":{"line":15,"column":49}},"4":{"start":{"line":18,"column":9},"end":{"line":20,"column":4}},"5":{"start":{"line":19,"column":4},"end":{"line":19,"column":35}},"6":{"start":{"line":22,"column":9},"end":{"line":24,"column":4}},"7":{"start":{"line":23,"column":4},"end":{"line":23,"column":37}},"8":{"start":{"line":26,"column":9},"end":{"line":40,"column":4}},"9":{"start":{"line":30,"column":4},"end":{"line":32,"column":null}},"10":{"start":{"line":31,"column":6},"end":{"line":31,"column":18}},"11":{"start":{"line":34,"column":4},"end":{"line":36,"column":null}},"12":{"start":{"line":35,"column":6},"end":{"line":35,"column":18}},"13":{"start":{"line":38,"column":24},"end":{"line":38,"column":57}},"14":{"start":{"line":39,"column":4},"end":{"line":39,"column":79}},"15":{"start":{"line":11,"column":4},"end":{"line":11,"column":41}},"16":{"start":{"line":41,"column":0},"end":{"line":41,"column":null}},"17":{"start":{"line":4,"column":13},"end":{"line":4,"column":17}}},"fnMap":{"0":{"name":"(anonymous_0)","decl":{"start":{"line":4,"column":0},"end":{"line":4,"column":13}},"loc":{"start":{"line":4,"column":0},"end":{"line":41,"column":null}}},"1":{"name":"Rule","decl":{"start":{"line":10,"column":2},"end":{"line":10,"column":14}},"loc":{"start":{"line":10,"column":60},"end":{"line":12,"column":3}}},"2":{"name":"(anonymous_2)","decl":{"start":{"line":14,"column":33},"end":{"line":14,"column":34}},"loc":{"start":{"line":14,"column":60},"end":{"line":16,"column":3}}},"3":{"name":"(anonymous_3)","decl":{"start":{"line":18,"column":28},"end":{"line":18,"column":29}},"loc":{"start":{"line":18,"column":66},"end":{"line":20,"column":3}}},"4":{"name":"(anonymous_4)","decl":{"start":{"line":22,"column":30},"end":{"line":22,"column":31}},"loc":{"start":{"line":22,"column":68},"end":{"line":24,"column":3}}},"5":{"name":"(anonymous_5)","decl":{"start":{"line":26,"column":20},"end":{"line":26,"column":null}},"loc":{"start":{"line":28,"column":17},"end":{"line":40,"column":3}}}},"branchMap":{"0":{"loc":{"start":{"line":30,"column":4},"end":{"line":32,"column":null}},"type":"if","locations":[{"start":{"line":30,"column":4},"end":{"line":32,"column":null}},{"start":{"line":30,"column":4},"end":{"line":32,"column":null}}]},"1":{"loc":{"start":{"line":30,"column":8},"end":{"line":30,"column":34}},"type":"binary-expr","locations":[{"start":{"line":30,"column":8},"end":{"line":30,"column":34}},{"start":{"line":30,"column":38},"end":{"line":30,"column":64}}]},"2":{"loc":{"start":{"line":34,"column":4},"end":{"line":36,"column":null}},"type":"if","locations":[{"start":{"line":34,"column":4},"end":{"line":36,"column":null}},{"start":{"line":34,"column":4},"end":{"line":36,"column":null}}]},"3":{"loc":{"start":{"line":34,"column":8},"end":{"line":34,"column":36}},"type":"binary-expr","locations":[{"start":{"line":34,"column":8},"end":{"line":34,"column":36}},{"start":{"line":34,"column":40},"end":{"line":34,"column":67}}]},"4":{"loc":{"start":{"line":39,"column":33},"end":{"line":39,"column":71}},"type":"cond-expr","locations":[{"start":{"line":39,"column":33},"end":{"line":39,"column":71}},{"start":{"line":39,"column":74},"end":{"line":39,"column":78}}]},"5":{"loc":{"start":{"line":39,"column":33},"end":{"line":39,"column":56}},"type":"binary-expr","locations":[{"start":{"line":39,"column":33},"end":{"line":39,"column":56}},{"start":{"line":39,"column":60},"end":{"line":39,"column":71}}]}},"s":{"0":9,"1":92,"2":92,"3":17,"4":92,"5":10,"6":92,"7":7,"8":92,"9":194,"10":6,"11":188,"12":10,"13":178,"14":165,"15":92,"16":9,"17":9},"f":{"0":9,"1":92,"2":17,"3":10,"4":7,"5":194},"b":{"0":[6,188],"1":[194,15],"2":[10,178],"3":[188,20],"4":[72,93],"5":[72,58]}}
,"C:\\workspace\\fluentvalidation-ts\\src\\rules\\ScalePrecisionRule.ts": {"path":"C:\\workspace\\fluentvalidation-ts\\src\\rules\\ScalePrecisionRule.ts","statementMap":{"0":{"start":{"line":1,"column":0},"end":{"line":1,"column":30}},"1":{"start":{"line":3,"column":0},"end":{"line":3,"column":76}},"2":{"start":{"line":3,"column":56},"end":{"line":3,"column":60}},"3":{"start":{"line":5,"column":4},"end":{"line":19,"column":null}},"4":{"start":{"line":6,"column":6},"end":{"line":8,"column":null}},"5":{"start":{"line":7,"column":8},"end":{"line":7,"column":20}},"6":{"start":{"line":9,"column":6},"end":{"line":13,"column":null}},"7":{"start":{"line":10,"column":8},"end":{"line":12,"column":10}},"8":{"start":{"line":14,"column":20},"end":{"line":14,"column":57}},"9":{"start":{"line":15,"column":6},"end":{"line":17,"column":null}},"10":{"start":{"line":16,"column":8},"end":{"line":16,"column":112}},"11":{"start":{"line":18,"column":6},"end":{"line":18,"column":18}},"12":{"start":{"line":21,"column":0},"end":{"line":21,"column":null}},"13":{"start":{"line":3,"column":13},"end":{"line":3,"column":31}},"14":{"start":{"line":23,"column":28},"end":{"line":24,"column":6}},"15":{"start":{"line":24,"column":2},"end":{"line":26,"column":4}}},"fnMap":{"0":{"name":"(anonymous_0)","decl":{"start":{"line":3,"column":0},"end":{"line":3,"column":13}},"loc":{"start":{"line":3,"column":0},"end":{"line":21,"column":null}}},"1":{"name":"ScalePrecisionRule","decl":{"start":{"line":4,"column":2},"end":{"line":4,"column":14}},"loc":{"start":{"line":4,"column":46},"end":{"line":20,"column":3}}},"2":{"name":"(anonymous_2)","decl":{"start":{"line":5,"column":10},"end":{"line":5,"column":11}},"loc":{"start":{"line":5,"column":24},"end":{"line":19,"column":5}}},"3":{"name":"(anonymous_3)","decl":{"start":{"line":23,"column":28},"end":{"line":23,"column":29}},"loc":{"start":{"line":23,"column":61},"end":{"line":24,"column":6}}}},"branchMap":{"0":{"loc":{"start":{"line":5,"column":4},"end":{"line":19,"column":6}},"type":"binary-expr","locations":[{"start":{"line":5,"column":4},"end":{"line":19,"column":6}},{"start":{"line":19,"column":6},"end":{"line":19,"column":null}}]},"1":{"loc":{"start":{"line":6,"column":6},"end":{"line":8,"column":null}},"type":"if","locations":[{"start":{"line":6,"column":6},"end":{"line":8,"column":null}},{"start":{"line":6,"column":6},"end":{"line":8,"column":null}}]},"2":{"loc":{"start":{"line":9,"column":6},"end":{"line":13,"column":null}},"type":"if","locations":[{"start":{"line":9,"column":6},"end":{"line":13,"column":null}},{"start":{"line":9,"column":6},"end":{"line":13,"column":null}}]},"3":{"loc":{"start":{"line":15,"column":6},"end":{"line":17,"column":null}},"type":"if","locations":[{"start":{"line":15,"column":6},"end":{"line":17,"column":null}},{"start":{"line":15,"column":6},"end":{"line":17,"column":null}}]}},"s":{"0":9,"1":9,"2":9,"3":3,"4":22,"5":1,"6":21,"7":1,"8":20,"9":20,"10":10,"11":10,"12":9,"13":9,"14":9,"15":20},"f":{"0":9,"1":3,"2":22,"3":20},"b":{"0":[3,3],"1":[1,21],"2":[1,20],"3":[10,10]}}
,"C:\\workspace\\fluentvalidation-ts\\src\\rules\\ValidatorRule.ts": {"path":"C:\\workspace\\fluentvalidation-ts\\src\\rules\\ValidatorRule.ts","statementMap":{"0":{"start":{"line":3,"column":0},"end":{"line":3,"column":30}},"1":{"start":{"line":5,"column":0},"end":{"line":5,"column":71}},"2":{"start":{"line":5,"column":51},"end":{"line":5,"column":55}},"3":{"start":{"line":7,"column":4},"end":{"line":13,"column":null}},"4":{"start":{"line":8,"column":6},"end":{"line":12,"column":null}},"5":{"start":{"line":15,"column":0},"end":{"line":15,"column":null}},"6":{"start":{"line":5,"column":13},"end":{"line":5,"column":26}}},"fnMap":{"0":{"name":"(anonymous_0)","decl":{"start":{"line":5,"column":0},"end":{"line":5,"column":13}},"loc":{"start":{"line":5,"column":0},"end":{"line":15,"column":null}}},"1":{"name":"ValidatorRule","decl":{"start":{"line":6,"column":2},"end":{"line":6,"column":14}},"loc":{"start":{"line":6,"column":70},"end":{"line":14,"column":3}}},"2":{"name":"(anonymous_2)","decl":{"start":{"line":7,"column":10},"end":{"line":7,"column":11}},"loc":{"start":{"line":7,"column":39},"end":{"line":8,"column":11}}}},"branchMap":{"0":{"loc":{"start":{"line":7,"column":4},"end":{"line":12,"column":null}},"type":"binary-expr","locations":[{"start":{"line":7,"column":4},"end":{"line":12,"column":null}},{"start":{"line":13,"column":5},"end":{"line":13,"column":null}}]},"1":{"loc":{"start":{"line":9,"column":10},"end":{"line":9,"column":14}},"type":"cond-expr","locations":[{"start":{"line":9,"column":10},"end":{"line":9,"column":14}},{"start":{"line":10,"column":11},"end":{"line":10,"column":null}}]}},"s":{"0":9,"1":9,"2":9,"3":12,"4":11,"5":9,"6":9},"f":{"0":9,"1":12,"2":11},"b":{"0":[12,12],"1":[1,10]}}
,"C:\\workspace\\fluentvalidation-ts\\src\\valueValidator\\ArrayValueValidatorBuilder.ts": {"path":"C:\\workspace\\fluentvalidation-ts\\src\\valueValidator\\ArrayValueValidatorBuilder.ts","statementMap":{"0":{"start":{"line":3,"column":0},"end":{"line":3,"column":44}},"1":{"start":{"line":4,"column":0},"end":{"line":4,"column":64}},"2":{"start":{"line":6,"column":0},"end":{"line":6,"column":13}},"3":{"start":{"line":19,"column":2},"end":{"line":19,"column":14}},"4":{"start":{"line":28,"column":9},"end":{"line":43,"column":4}},"5":{"start":{"line":29,"column":4},"end":{"line":42,"column":6}},"6":{"start":{"line":30,"column":6},"end":{"line":32,"column":null}},"7":{"start":{"line":31,"column":8},"end":{"line":31,"column":20}},"8":{"start":{"line":34,"column":29},"end":{"line":34,"column":67}},"9":{"start":{"line":36,"column":21},"end":{"line":39,"column":41}},"10":{"start":{"line":37,"column":28},"end":{"line":37,"column":58}},"11":{"start":{"line":38,"column":8},"end":{"line":38,"column":58}},"12":{"start":{"line":41,"column":6},"end":{"line":41,"column":46}},"13":{"start":{"line":45,"column":9},"end":{"line":45,"column":74}},"14":{"start":{"line":45,"column":29},"end":{"line":45,"column":74}},"15":{"start":{"line":20,"column":4},"end":{"line":23,"column":23}},"16":{"start":{"line":25,"column":4},"end":{"line":25,"column":37}},"17":{"start":{"line":46,"column":0},"end":{"line":46,"column":null}},"18":{"start":{"line":6,"column":13},"end":{"line":6,"column":39}}},"fnMap":{"0":{"name":"(anonymous_0)","decl":{"start":{"line":6,"column":0},"end":{"line":6,"column":13}},"loc":{"start":{"line":6,"column":0},"end":{"line":46,"column":null}}},"1":{"name":"ArrayValueValidatorBuilder","decl":{"start":{"line":19,"column":2},"end":{"line":19,"column":14}},"loc":{"start":{"line":19,"column":63},"end":{"line":26,"column":3}}},"2":{"name":"(anonymous_2)","decl":{"start":{"line":28,"column":17},"end":{"line":28,"column":null}},"loc":{"start":{"line":28,"column":17},"end":{"line":43,"column":3}}},"3":{"name":"(anonymous_3)","decl":{"start":{"line":29,"column":11},"end":{"line":29,"column":12}},"loc":{"start":{"line":29,"column":40},"end":{"line":42,"column":5}}},"4":{"name":"(anonymous_4)","decl":{"start":{"line":36,"column":31},"end":{"line":36,"column":38}},"loc":{"start":{"line":36,"column":38},"end":{"line":39,"column":7}}},"5":{"name":"(anonymous_5)","decl":{"start":{"line":45,"column":23},"end":{"line":45,"column":29}},"loc":{"start":{"line":45,"column":23},"end":{"line":45,"column":33}}}},"branchMap":{"0":{"loc":{"start":{"line":30,"column":6},"end":{"line":32,"column":null}},"type":"if","locations":[{"start":{"line":30,"column":6},"end":{"line":32,"column":null}},{"start":{"line":30,"column":6},"end":{"line":32,"column":null}}]},"1":{"loc":{"start":{"line":38,"column":39},"end":{"line":38,"column":50}},"type":"cond-expr","locations":[{"start":{"line":38,"column":39},"end":{"line":38,"column":50}},{"start":{"line":38,"column":53},"end":{"line":38,"column":57}}]},"2":{"loc":{"start":{"line":41,"column":32},"end":{"line":41,"column":38}},"type":"cond-expr","locations":[{"start":{"line":41,"column":32},"end":{"line":41,"column":38}},{"start":{"line":41,"column":41},"end":{"line":41,"column":45}}]}},"s":{"0":9,"1":9,"2":9,"3":7,"4":7,"5":12,"6":12,"7":2,"8":10,"9":10,"10":25,"11":25,"12":10,"13":7,"14":7,"15":7,"16":7,"17":9,"18":9},"f":{"0":9,"1":7,"2":12,"3":12,"4":25,"5":7},"b":{"0":[2,10],"1":[5,20],"2":[4,6]}}
,"C:\\workspace\\fluentvalidation-ts\\src\\valueValidator\\ValueValidator.ts": {"path":"C:\\workspace\\fluentvalidation-ts\\src\\valueValidator\\ValueValidator.ts","statementMap":{"0":{"start":{"line":6,"column":13},"end":{"line":25,"column":2}},"1":{"start":{"line":9,"column":2},"end":{"line":11,"column":null}},"2":{"start":{"line":10,"column":4},"end":{"line":10,"column":17}},"3":{"start":{"line":13,"column":2},"end":{"line":18,"column":null}},"4":{"start":{"line":14,"column":4},"end":{"line":17,"column":6}},"5":{"start":{"line":15,"column":49},"end":{"line":15,"column":70}},"6":{"start":{"line":20,"column":2},"end":{"line":22,"column":null}},"7":{"start":{"line":21,"column":4},"end":{"line":21,"column":67}},"8":{"start":{"line":24,"column":2},"end":{"line":24,"column":39}}},"fnMap":{"0":{"name":"(anonymous_0)","decl":{"start":{"line":6,"column":24},"end":{"line":6,"column":null}},"loc":{"start":{"line":7,"column":54},"end":{"line":25,"column":1}}},"1":{"name":"(anonymous_1)","decl":{"start":{"line":15,"column":35},"end":{"line":15,"column":45}},"loc":{"start":{"line":15,"column":45},"end":{"line":15,"column":57}}}},"branchMap":{"0":{"loc":{"start":{"line":9,"column":2},"end":{"line":11,"column":null}},"type":"if","locations":[{"start":{"line":9,"column":2},"end":{"line":11,"column":null}},{"start":{"line":9,"column":2},"end":{"line":11,"column":null}}]},"1":{"loc":{"start":{"line":13,"column":2},"end":{"line":18,"column":null}},"type":"if","locations":[{"start":{"line":13,"column":2},"end":{"line":18,"column":null}},{"start":{"line":13,"column":2},"end":{"line":18,"column":null}}]},"2":{"loc":{"start":{"line":20,"column":2},"end":{"line":22,"column":null}},"type":"if","locations":[{"start":{"line":20,"column":2},"end":{"line":22,"column":null}},{"start":{"line":20,"column":2},"end":{"line":22,"column":null}}]}},"s":{"0":9,"1":408,"2":243,"3":165,"4":14,"5":37,"6":151,"7":21,"8":130},"f":{"0":408,"1":37},"b":{"0":[243,165],"1":[14,151],"2":[21,130]}}
,"C:\\workspace\\fluentvalidation-ts\\src\\valueValidator\\ValueValidatorBuilder.ts": {"path":"C:\\workspace\\fluentvalidation-ts\\src\\valueValidator\\ValueValidatorBuilder.ts","statementMap":{"0":{"start":{"line":3,"column":0},"end":{"line":3,"column":61}},"1":{"start":{"line":4,"column":0},"end":{"line":4,"column":47}},"2":{"start":{"line":5,"column":0},"end":{"line":5,"column":69}},"3":{"start":{"line":6,"column":0},"end":{"line":6,"column":77}},"4":{"start":{"line":7,"column":0},"end":{"line":7,"column":59}},"5":{"start":{"line":8,"column":0},"end":{"line":8,"column":69}},"6":{"start":{"line":9,"column":0},"end":{"line":9,"column":49}},"7":{"start":{"line":10,"column":0},"end":{"line":10,"column":71}},"8":{"start":{"line":11,"column":0},"end":{"line":11,"column":53}},"9":{"start":{"line":12,"column":0},"end":{"line":12,"column":51}},"10":{"start":{"line":13,"column":0},"end":{"line":13,"column":55}},"11":{"start":{"line":14,"column":0},"end":{"line":14,"column":55}},"12":{"start":{"line":15,"column":0},"end":{"line":15,"column":45}},"13":{"start":{"line":16,"column":0},"end":{"line":16,"column":53}},"14":{"start":{"line":17,"column":0},"end":{"line":17,"column":53}},"15":{"start":{"line":18,"column":0},"end":{"line":18,"column":51}},"16":{"start":{"line":19,"column":0},"end":{"line":19,"column":45}},"17":{"start":{"line":21,"column":0},"end":{"line":21,"column":65}},"18":{"start":{"line":22,"column":0},"end":{"line":22,"column":55}},"19":{"start":{"line":25,"column":0},"end":{"line":25,"column":44}},"20":{"start":{"line":27,"column":0},"end":{"line":27,"column":13}},"21":{"start":{"line":31,"column":2},"end":{"line":31,"column":14}},"22":{"start":{"line":28,"column":10},"end":{"line":28,"column":50}},"23":{"start":{"line":35,"column":9},"end":{"line":46,"column":4}},"24":{"start":{"line":36,"column":4},"end":{"line":45,"column":6}},"25":{"start":{"line":37,"column":6},"end":{"line":42,"column":null}},"26":{"start":{"line":37,"column":25},"end":{"line":37,"column":29}},"27":{"start":{"line":37,"column":25},"end":{"line":37,"column":35}},"28":{"start":{"line":37,"column":21},"end":{"line":37,"column":25}},"29":{"start":{"line":38,"column":33},"end":{"line":38,"column":60}},"30":{"start":{"line":39,"column":8},"end":{"line":41,"column":null}},"31":{"start":{"line":40,"column":10},"end":{"line":40,"column":34}},"32":{"start":{"line":44,"column":6},"end":{"line":44,"column":18}},"33":{"start":{"line":48,"column":10},"end":{"line":51,"column":4}},"34":{"start":{"line":49,"column":4},"end":{"line":49,"column":26}},"35":{"start":{"line":50,"column":4},"end":{"line":50,"column":27}},"36":{"start":{"line":53,"column":9},"end":{"line":62,"column":4}},"37":{"start":{"line":54,"column":23},"end":{"line":54,"column":43}},"38":{"start":{"line":55,"column":4},"end":{"line":55,"column":46}},"39":{"start":{"line":56,"column":4},"end":{"line":56,"column":27}},"40":{"start":{"line":57,"column":4},"end":{"line":60,"column":null}},"41":{"start":{"line":64,"column":9},"end":{"line":80,"column":4}},"42":{"start":{"line":66,"column":4},"end":{"line":68,"column":null}},"43":{"start":{"line":70,"column":4},"end":{"line":77,"column":null}},"44":{"start":{"line":71,"column":6},"end":{"line":73,"column":null}},"45":{"start":{"line":71,"column":25},"end":{"line":71,"column":29}},"46":{"start":{"line":71,"column":25},"end":{"line":71,"column":35}},"47":{"start":{"line":71,"column":21},"end":{"line":71,"column":25}},"48":{"start":{"line":72,"column":8},"end":{"line":72,"column":41}},"49":{"start":{"line":75,"column":25},"end":{"line":75,"column":45}},"50":{"start":{"line":76,"column":6},"end":{"line":76,"column":45}},"51":{"start":{"line":78,"column":4},"end":{"line":78,"column":27}},"52":{"start":{"line":79,"column":4},"end":{"line":79,"column":30}},"53":{"start":{"line":82,"column":9},"end":{"line":98,"column":4}},"54":{"start":{"line":84,"column":4},"end":{"line":86,"column":null}},"55":{"start":{"line":88,"column":4},"end":{"line":95,"column":null}},"56":{"start":{"line":89,"column":6},"end":{"line":91,"column":null}},"57":{"start":{"line":89,"column":25},"end":{"line":89,"column":29}},"58":{"start":{"line":89,"column":25},"end":{"line":89,"column":35}},"59":{"start":{"line":89,"column":21},"end":{"line":89,"column":25}},"60":{"start":{"line":90,"column":8},"end":{"line":90,"column":43}},"61":{"start":{"line":93,"column":25},"end":{"line":93,"column":45}},"62":{"start":{"line":94,"column":6},"end":{"line":94,"column":47}},"63":{"start":{"line":96,"column":4},"end":{"line":96,"column":27}},"64":{"start":{"line":97,"column":4},"end":{"line":97,"column":30}},"65":{"start":{"line":100,"column":9},"end":{"line":104,"column":4}},"66":{"start":{"line":101,"column":25},"end":{"line":101,"column":73}},"67":{"start":{"line":102,"column":4},"end":{"line":102,"column":32}},"68":{"start":{"line":103,"column":4},"end":{"line":103,"column":43}},"69":{"start":{"line":106,"column":9},"end":{"line":110,"column":4}},"70":{"start":{"line":107,"column":22},"end":{"line":107,"column":66}},"71":{"start":{"line":108,"column":4},"end":{"line":108,"column":29}},"72":{"start":{"line":109,"column":4},"end":{"line":109,"column":43}},"73":{"start":{"line":112,"column":9},"end":{"line":116,"column":4}},"74":{"start":{"line":113,"column":21},"end":{"line":113,"column":61}},"75":{"start":{"line":114,"column":4},"end":{"line":114,"column":28}},"76":{"start":{"line":115,"column":4},"end":{"line":115,"column":43}},"77":{"start":{"line":118,"column":9},"end":{"line":122,"column":4}},"78":{"start":{"line":119,"column":24},"end":{"line":119,"column":57}},"79":{"start":{"line":120,"column":4},"end":{"line":120,"column":31}},"80":{"start":{"line":121,"column":4},"end":{"line":121,"column":43}},"81":{"start":{"line":124,"column":9},"end":{"line":128,"column":4}},"82":{"start":{"line":125,"column":21},"end":{"line":125,"column":51}},"83":{"start":{"line":126,"column":4},"end":{"line":126,"column":28}},"84":{"start":{"line":127,"column":4},"end":{"line":127,"column":43}},"85":{"start":{"line":130,"column":9},"end":{"line":134,"column":4}},"86":{"start":{"line":131,"column":25},"end":{"line":131,"column":59}},"87":{"start":{"line":132,"column":4},"end":{"line":132,"column":32}},"88":{"start":{"line":133,"column":4},"end":{"line":133,"column":43}},"89":{"start":{"line":136,"column":9},"end":{"line":140,"column":4}},"90":{"start":{"line":137,"column":23},"end":{"line":137,"column":75}},"91":{"start":{"line":138,"column":4},"end":{"line":138,"column":30}},"92":{"start":{"line":139,"column":4},"end":{"line":139,"column":43}},"93":{"start":{"line":142,"column":9},"end":{"line":146,"column":4}},"94":{"start":{"line":143,"column":26},"end":{"line":143,"column":70}},"95":{"start":{"line":144,"column":4},"end":{"line":144,"column":33}},"96":{"start":{"line":145,"column":4},"end":{"line":145,"column":43}},"97":{"start":{"line":148,"column":9},"end":{"line":152,"column":4}},"98":{"start":{"line":149,"column":26},"end":{"line":149,"column":70}},"99":{"start":{"line":150,"column":4},"end":{"line":150,"column":33}},"100":{"start":{"line":151,"column":4},"end":{"line":151,"column":43}},"101":{"start":{"line":154,"column":9},"end":{"line":158,"column":4}},"102":{"start":{"line":155,"column":24},"end":{"line":155,"column":64}},"103":{"start":{"line":156,"column":4},"end":{"line":156,"column":31}},"104":{"start":{"line":157,"column":4},"end":{"line":157,"column":43}},"105":{"start":{"line":160,"column":9},"end":{"line":164,"column":4}},"106":{"start":{"line":161,"column":29},"end":{"line":161,"column":67}},"107":{"start":{"line":162,"column":4},"end":{"line":162,"column":36}},"108":{"start":{"line":163,"column":4},"end":{"line":163,"column":43}},"109":{"start":{"line":166,"column":9},"end":{"line":170,"column":4}},"110":{"start":{"line":167,"column":25},"end":{"line":167,"column":68}},"111":{"start":{"line":168,"column":4},"end":{"line":168,"column":32}},"112":{"start":{"line":169,"column":4},"end":{"line":169,"column":43}},"113":{"start":{"line":172,"column":9},"end":{"line":178,"column":4}},"114":{"start":{"line":173,"column":34},"end":{"line":174,"column":null}},"115":{"start":{"line":176,"column":4},"end":{"line":176,"column":41}},"116":{"start":{"line":177,"column":4},"end":{"line":177,"column":43}},"117":{"start":{"line":180,"column":9},"end":{"line":184,"column":4}},"118":{"start":{"line":181,"column":28},"end":{"line":181,"column":74}},"119":{"start":{"line":182,"column":4},"end":{"line":182,"column":35}},"120":{"start":{"line":183,"column":4},"end":{"line":183,"column":43}},"121":{"start":{"line":186,"column":9},"end":{"line":193,"column":4}},"122":{"start":{"line":187,"column":37},"end":{"line":190,"column":16}},"123":{"start":{"line":191,"column":4},"end":{"line":191,"column":44}},"124":{"start":{"line":192,"column":4},"end":{"line":192,"column":43}},"125":{"start":{"line":195,"column":9},"end":{"line":202,"column":4}},"126":{"start":{"line":196,"column":33},"end":{"line":198,"column":null}},"127":{"start":{"line":200,"column":4},"end":{"line":200,"column":40}},"128":{"start":{"line":201,"column":4},"end":{"line":201,"column":43}},"129":{"start":{"line":204,"column":9},"end":{"line":211,"column":4}},"130":{"start":{"line":205,"column":33},"end":{"line":207,"column":null}},"131":{"start":{"line":209,"column":4},"end":{"line":209,"column":40}},"132":{"start":{"line":210,"column":4},"end":{"line":210,"column":43}},"133":{"start":{"line":213,"column":9},"end":{"line":221,"column":4}},"134":{"start":{"line":216,"column":26},"end":{"line":217,"column":null}},"135":{"start":{"line":219,"column":4},"end":{"line":219,"column":33}},"136":{"start":{"line":220,"column":4},"end":{"line":220,"column":43}},"137":{"start":{"line":223,"column":9},"end":{"line":235,"column":4}},"138":{"start":{"line":224,"column":4},"end":{"line":228,"column":null}},"139":{"start":{"line":225,"column":6},"end":{"line":227,"column":8}},"140":{"start":{"line":229,"column":31},"end":{"line":231,"column":null}},"141":{"start":{"line":233,"column":4},"end":{"line":233,"column":38}},"142":{"start":{"line":234,"column":4},"end":{"line":234,"column":43}},"143":{"start":{"line":237,"column":9},"end":{"line":259,"column":4}},"144":{"start":{"line":238,"column":4},"end":{"line":258,"column":6}},"145":{"start":{"line":261,"column":9},"end":{"line":268,"column":4}},"146":{"start":{"line":262,"column":4},"end":{"line":266,"column":null}},"147":{"start":{"line":270,"column":10},"end":{"line":272,"column":4}},"148":{"start":{"line":271,"column":4},"end":{"line":271,"column":45}},"149":{"start":{"line":32,"column":4},"end":{"line":32,"column":43}},"150":{"start":{"line":273,"column":0},"end":{"line":273,"column":null}},"151":{"start":{"line":27,"column":13},"end":{"line":27,"column":34}}},"fnMap":{"0":{"name":"(anonymous_0)","decl":{"start":{"line":27,"column":0},"end":{"line":27,"column":13}},"loc":{"start":{"line":27,"column":0},"end":{"line":273,"column":null}}},"1":{"name":"ValueValidatorBuilder","decl":{"start":{"line":31,"column":2},"end":{"line":31,"column":14}},"loc":{"start":{"line":31,"column":41},"end":{"line":33,"column":3}}},"2":{"name":"(anonymous_2)","decl":{"start":{"line":35,"column":17},"end":{"line":35,"column":null}},"loc":{"start":{"line":35,"column":17},"end":{"line":46,"column":3}}},"3":{"name":"(anonymous_3)","decl":{"start":{"line":36,"column":11},"end":{"line":36,"column":12}},"loc":{"start":{"line":36,"column":40},"end":{"line":45,"column":5}}},"4":{"name":"(anonymous_4)","decl":{"start":{"line":48,"column":21},"end":{"line":48,"column":22}},"loc":{"start":{"line":48,"column":48},"end":{"line":51,"column":3}}},"5":{"name":"(anonymous_5)","decl":{"start":{"line":53,"column":23},"end":{"line":53,"column":24}},"loc":{"start":{"line":53,"column":39},"end":{"line":62,"column":3}}},"6":{"name":"(anonymous_6)","decl":{"start":{"line":64,"column":16},"end":{"line":64,"column":null}},"loc":{"start":{"line":68,"column":62},"end":{"line":80,"column":3}}},"7":{"name":"(anonymous_7)","decl":{"start":{"line":82,"column":18},"end":{"line":82,"column":null}},"loc":{"start":{"line":86,"column":62},"end":{"line":98,"column":3}}},"8":{"name":"(anonymous_8)","decl":{"start":{"line":100,"column":20},"end":{"line":100,"column":21}},"loc":{"start":{"line":100,"column":43},"end":{"line":104,"column":3}}},"9":{"name":"(anonymous_9)","decl":{"start":{"line":106,"column":17},"end":{"line":106,"column":18}},"loc":{"start":{"line":106,"column":39},"end":{"line":110,"column":3}}},"10":{"name":"(anonymous_10)","decl":{"start":{"line":112,"column":16},"end":{"line":112,"column":17}},"loc":{"start":{"line":112,"column":63},"end":{"line":116,"column":3}}},"11":{"name":"(anonymous_11)","decl":{"start":{"line":118,"column":19},"end":{"line":118,"column":null}},"loc":{"start":{"line":118,"column":19},"end":{"line":122,"column":3}}},"12":{"name":"(anonymous_12)","decl":{"start":{"line":124,"column":16},"end":{"line":124,"column":null}},"loc":{"start":{"line":124,"column":16},"end":{"line":128,"column":3}}},"13":{"name":"(anonymous_13)","decl":{"start":{"line":130,"column":20},"end":{"line":130,"column":null}},"loc":{"start":{"line":130,"column":20},"end":{"line":134,"column":3}}},"14":{"name":"(anonymous_14)","decl":{"start":{"line":136,"column":18},"end":{"line":136,"column":19}},"loc":{"start":{"line":136,"column":55},"end":{"line":140,"column":3}}},"15":{"name":"(anonymous_15)","decl":{"start":{"line":142,"column":21},"end":{"line":142,"column":22}},"loc":{"start":{"line":142,"column":39},"end":{"line":146,"column":3}}},"16":{"name":"(anonymous_16)","decl":{"start":{"line":148,"column":21},"end":{"line":148,"column":22}},"loc":{"start":{"line":148,"column":39},"end":{"line":152,"column":3}}},"17":{"name":"(anonymous_17)","decl":{"start":{"line":154,"column":19},"end":{"line":154,"column":20}},"loc":{"start":{"line":154,"column":35},"end":{"line":158,"column":3}}},"18":{"name":"(anonymous_18)","decl":{"start":{"line":160,"column":24},"end":{"line":160,"column":null}},"loc":{"start":{"line":160,"column":24},"end":{"line":164,"column":3}}},"19":{"name":"(anonymous_19)","decl":{"start":{"line":166,"column":20},"end":{"line":166,"column":21}},"loc":{"start":{"line":166,"column":38},"end":{"line":170,"column":3}}},"20":{"name":"(anonymous_20)","decl":{"start":{"line":172,"column":29},"end":{"line":172,"column":30}},"loc":{"start":{"line":172,"column":47},"end":{"line":178,"column":3}}},"21":{"name":"(anonymous_21)","decl":{"start":{"line":180,"column":23},"end":{"line":180,"column":24}},"loc":{"start":{"line":180,"column":41},"end":{"line":184,"column":3}}},"22":{"name":"(anonymous_22)","decl":{"start":{"line":186,"column":32},"end":{"line":186,"column":33}},"loc":{"start":{"line":186,"column":50},"end":{"line":193,"column":3}}},"23":{"name":"(anonymous_23)","decl":{"start":{"line":195,"column":28},"end":{"line":195,"column":29}},"loc":{"start":{"line":195,"column":67},"end":{"line":202,"column":3}}},"24":{"name":"(anonymous_24)","decl":{"start":{"line":204,"column":28},"end":{"line":204,"column":29}},"loc":{"start":{"line":204,"column":67},"end":{"line":211,"column":3}}},"25":{"name":"(anonymous_25)","decl":{"start":{"line":213,"column":24},"end":{"line":213,"column":null}},"loc":{"start":{"line":214,"column":60},"end":{"line":221,"column":3}}},"26":{"name":"(anonymous_26)","decl":{"start":{"line":223,"column":26},"end":{"line":223,"column":27}},"loc":{"start":{"line":223,"column":59},"end":{"line":235,"column":3}}},"27":{"name":"(anonymous_27)","decl":{"start":{"line":237,"column":23},"end":{"line":237,"column":null}},"loc":{"start":{"line":237,"column":23},"end":{"line":259,"column":3}}},"28":{"name":"(anonymous_28)","decl":{"start":{"line":261,"column":36},"end":{"line":261,"column":null}},"loc":{"start":{"line":261,"column":36},"end":{"line":268,"column":3}}},"29":{"name":"(anonymous_29)","decl":{"start":{"line":270,"column":26},"end":{"line":270,"column":null}},"loc":{"start":{"line":270,"column":26},"end":{"line":272,"column":3}}}},"branchMap":{"0":{"loc":{"start":{"line":39,"column":8},"end":{"line":41,"column":null}},"type":"if","locations":[{"start":{"line":39,"column":8},"end":{"line":41,"column":null}},{"start":{"line":39,"column":8},"end":{"line":41,"column":null}}]},"1":{"loc":{"start":{"line":66,"column":4},"end":{"line":68,"column":null}},"type":"if","locations":[{"start":{"line":66,"column":4},"end":{"line":68,"column":null}},{"start":{"line":66,"column":4},"end":{"line":68,"column":null}}]},"2":{"loc":{"start":{"line":70,"column":4},"end":{"line":77,"column":null}},"type":"if","locations":[{"start":{"line":70,"column":4},"end":{"line":77,"column":null}},{"start":{"line":70,"column":4},"end":{"line":77,"column":null}}]},"3":{"loc":{"start":{"line":84,"column":4},"end":{"line":86,"column":null}},"type":"if","locations":[{"start":{"line":84,"column":4},"end":{"line":86,"column":null}},{"start":{"line":84,"column":4},"end":{"line":86,"column":null}}]},"4":{"loc":{"start":{"line":88,"column":4},"end":{"line":95,"column":null}},"type":"if","locations":[{"start":{"line":88,"column":4},"end":{"line":95,"column":null}},{"start":{"line":88,"column":4},"end":{"line":95,"column":null}}]},"5":{"loc":{"start":{"line":224,"column":4},"end":{"line":228,"column":null}},"type":"if","locations":[{"start":{"line":224,"column":4},"end":{"line":228,"column":null}},{"start":{"line":224,"column":4},"end":{"line":228,"column":null}}]}},"s":{"0":9,"1":9,"2":9,"3":9,"4":9,"5":9,"6":9,"7":9,"8":9,"9":9,"10":9,"11":9,"12":9,"13":9,"14":9,"15":9,"16":9,"17":9,"18":9,"19":9,"20":9,"21":84,"22":84,"23":84,"24":166,"25":181,"26":181,"27":181,"28":194,"29":194,"30":181,"31":69,"32":99,"33":84,"34":92,"35":92,"36":84,"37":17,"38":17,"39":17,"40":17,"41":84,"42":12,"43":7,"44":6,"45":6,"46":6,"47":9,"48":9,"49":1,"50":1,"51":7,"52":7,"53":84,"54":8,"55":5,"56":4,"57":4,"58":4,"59":6,"60":6,"61":1,"62":1,"63":5,"64":5,"65":84,"66":1,"67":1,"68":1,"69":84,"70":1,"71":1,"72":1,"73":84,"74":15,"75":15,"76":15,"77":84,"78":6,"79":6,"80":6,"81":84,"82":1,"83":1,"84":1,"85":84,"86":19,"87":19,"88":19,"89":84,"90":4,"91":4,"92":4,"93":84,"94":2,"95":2,"96":2,"97":84,"98":2,"99":2,"100":2,"101":84,"102":2,"103":2,"104":2,"105":84,"106":2,"107":2,"108":2,"109":84,"110":2,"111":2,"112":2,"113":84,"114":2,"115":2,"116":2,"117":84,"118":4,"119":4,"120":4,"121":84,"122":3,"123":3,"124":3,"125":84,"126":2,"127":2,"128":2,"129":84,"130":9,"131":9,"132":9,"133":84,"134":12,"135":12,"136":12,"137":84,"138":4,"139":1,"140":3,"141":3,"142":3,"143":84,"144":205,"145":84,"146":92,"147":84,"148":19,"149":84,"150":9,"151":9},"f":{"0":9,"1":84,"2":166,"3":181,"4":92,"5":17,"6":7,"7":5,"8":1,"9":1,"10":15,"11":6,"12":1,"13":19,"14":4,"15":2,"16":2,"17":2,"18":2,"19":2,"20":2,"21":4,"22":3,"23":2,"24":9,"25":12,"26":4,"27":205,"28":92,"29":19},"b":{"0":[69,112],"1":[5,2],"2":[6,1],"3":[3,2],"4":[4,1],"5":[1,3]}}
}
