TN:
SF:C:\workspace\holder\src\index.ts
FN:22,(anonymous_0)
FN:27,(anonymous_2)
FN:31,(anonymous_3)
FN:32,(anonymous_4)
FN:57,(anonymous_5)
FN:61,(anonymous_6)
FN:86,(anonymous_7)
FNF:7
FNH:7
FNDA:65,(anonymous_0)
FNDA:1,(anonymous_2)
FNDA:109,(anonymous_3)
FNDA:110,(anonymous_4)
FNDA:111,(anonymous_5)
FNDA:70,(anonymous_6)
FNDA:6,(anonymous_7)
DA:2,9
DA:4,9
DA:5,9
DA:22,65
DA:23,56
DA:27,56
DA:28,1
DA:31,56
DA:32,109
DA:33,110
DA:35,130
DA:38,130
DA:41,260
DA:42,135
DA:43,135
DA:47,122
DA:48,49
DA:53,97
DA:57,56
DA:58,111
DA:61,56
DA:67,70
DA:73,70
DA:76,70
DA:80,70
DA:86,56
DA:104,6
DA:108,6
DA:109,5
DA:112,6
DA:116,6
DA:118,9
LF:32
LH:32
BRDA:47,0,0,49
BRDA:47,0,1,73
BRDA:74,1,0,70
BRDA:74,1,1,70
BRDA:108,2,0,5
BRDA:108,2,1,1
BRF:6
BRH:6
end_of_record
TN:
SF:C:\workspace\holder\src\rules\EmailAddressRule.ts
FN:5,(anonymous_0)
FN:9,EmailAddressRule
FN:10,(anonymous_2)
FNF:3
FNH:3
FNDA:9,(anonymous_0)
FNDA:2,EmailAddressRule
FNDA:4,(anonymous_2)
DA:1,9
DA:3,9
DA:5,9
DA:8,9
DA:10,2
DA:11,4
DA:12,1
DA:14,3
DA:15,1
DA:19,2
DA:24,9
LF:11
LH:11
BRDA:10,0,0,2
BRDA:10,0,1,2
BRDA:11,1,0,1
BRDA:11,1,1,3
BRDA:14,2,0,1
BRDA:14,2,1,2
BRDA:20,3,0,1
BRDA:20,3,1,1
BRF:8
BRH:8
end_of_record
TN:
SF:C:\workspace\holder\src\rules\EqualRule.ts
FN:3,(anonymous_0)
FN:7,EqualRule
FN:8,(anonymous_2)
FNF:3
FNH:3
FNDA:9,(anonymous_0)
FNDA:1,EqualRule
FNDA:2,(anonymous_2)
DA:1,9
DA:3,9
DA:6,9
DA:8,1
DA:9,2
DA:12,9
LF:6
LH:6
BRDA:8,0,0,1
BRDA:8,0,1,1
BRDA:9,1,0,1
BRDA:9,1,1,1
BRF:4
BRH:4
end_of_record
TN:
SF:C:\workspace\holder\src\rules\ExclusiveBetweenRule.ts
FN:3,(anonymous_0)
FN:7,ExclusiveBetweenRule
FN:8,(anonymous_2)
FNF:3
FNH:3
FNDA:9,(anonymous_0)
FNDA:2,ExclusiveBetweenRule
FNDA:5,(anonymous_2)
DA:1,9
DA:3,9
DA:6,9
DA:8,2
DA:9,5
DA:10,1
DA:12,4
DA:13,1
DA:17,3
DA:22,9
LF:10
LH:10
BRDA:8,0,0,2
BRDA:8,0,1,2
BRDA:9,1,0,1
BRDA:9,1,1,4
BRDA:12,2,0,1
BRDA:12,2,1,3
BRDA:18,3,0,1
BRDA:18,3,1,2
BRDA:17,4,0,3
BRDA:17,4,1,2
BRF:10
BRH:10
end_of_record
TN:
SF:C:\workspace\holder\src\rules\GreaterThanOrEqualToRule.ts
FN:3,(anonymous_0)
FN:7,GreaterThanOrEqualToRule
FN:8,(anonymous_2)
FNF:3
FNH:3
FNDA:9,(anonymous_0)
FNDA:3,GreaterThanOrEqualToRule
FNDA:5,(anonymous_2)
DA:1,9
DA:3,9
DA:6,9
DA:8,3
DA:9,5
DA:10,1
DA:12,4
DA:13,1
DA:17,3
DA:22,9
LF:10
LH:10
BRDA:8,0,0,3
BRDA:8,0,1,3
BRDA:9,1,0,1
BRDA:9,1,1,4
BRDA:12,2,0,1
BRDA:12,2,1,3
BRDA:18,3,0,2
BRDA:18,3,1,1
BRF:8
BRH:8
end_of_record
TN:
SF:C:\workspace\holder\src\rules\GreaterThanRule.ts
FN:3,(anonymous_0)
FN:7,GreaterThanRule
FN:8,(anonymous_2)
FNF:3
FNH:3
FNDA:9,(anonymous_0)
FNDA:4,GreaterThanRule
FNDA:6,(anonymous_2)
DA:1,9
DA:3,9
DA:6,9
DA:8,4
DA:9,6
DA:10,1
DA:12,5
DA:13,1
DA:17,4
DA:22,9
LF:10
LH:10
BRDA:8,0,0,4
BRDA:8,0,1,4
BRDA:9,1,0,1
BRDA:9,1,1,5
BRDA:12,2,0,1
BRDA:12,2,1,4
BRDA:18,3,0,3
BRDA:18,3,1,1
BRF:8
BRH:8
end_of_record
TN:
SF:C:\workspace\holder\src\rules\InclusiveBetweenRule.ts
FN:3,(anonymous_0)
FN:7,InclusiveBetweenRule
FN:8,(anonymous_2)
FNF:3
FNH:3
FNDA:9,(anonymous_0)
FNDA:8,InclusiveBetweenRule
FNDA:18,(anonymous_2)
DA:1,9
DA:3,9
DA:6,9
DA:8,8
DA:9,18
DA:10,1
DA:12,17
DA:13,1
DA:17,16
DA:22,9
LF:10
LH:10
BRDA:8,0,0,8
BRDA:8,0,1,8
BRDA:9,1,0,1
BRDA:9,1,1,17
BRDA:12,2,0,1
BRDA:12,2,1,16
BRDA:18,3,0,10
BRDA:18,3,1,6
BRDA:17,4,0,16
BRDA:17,4,1,13
BRF:10
BRH:10
end_of_record
TN:
SF:C:\workspace\holder\src\rules\LengthRule.ts
FN:3,(anonymous_0)
FN:7,LengthRule
FN:8,(anonymous_2)
FNF:3
FNH:3
FNDA:9,(anonymous_0)
FNDA:4,LengthRule
FNDA:7,(anonymous_2)
DA:1,9
DA:3,9
DA:6,9
DA:8,4
DA:9,7
DA:10,1
DA:12,6
DA:13,1
DA:15,5
DA:20,9
LF:10
LH:10
BRDA:8,0,0,4
BRDA:8,0,1,4
BRDA:9,1,0,1
BRDA:9,1,1,6
BRDA:12,2,0,1
BRDA:12,2,1,5
BRDA:16,3,0,2
BRDA:16,3,1,3
BRDA:15,4,0,5
BRDA:15,4,1,4
BRF:10
BRH:10
end_of_record
TN:
SF:C:\workspace\holder\src\rules\LessThanOrEqualToRule.ts
FN:3,(anonymous_0)
FN:7,LessThanOrEqualToRule
FN:8,(anonymous_2)
FNF:3
FNH:3
FNDA:9,(anonymous_0)
FNDA:2,LessThanOrEqualToRule
FNDA:4,(anonymous_2)
DA:1,9
DA:3,9
DA:6,9
DA:8,2
DA:9,4
DA:10,1
DA:12,3
DA:13,1
DA:17,2
DA:22,9
LF:10
LH:10
BRDA:8,0,0,2
BRDA:8,0,1,2
BRDA:9,1,0,1
BRDA:9,1,1,3
BRDA:12,2,0,1
BRDA:12,2,1,2
BRDA:18,3,0,1
BRDA:18,3,1,1
BRF:8
BRH:8
end_of_record
TN:
SF:C:\workspace\holder\src\rules\LessThanRule.ts
FN:3,(anonymous_0)
FN:7,LessThanRule
FN:8,(anonymous_2)
FNF:3
FNH:3
FNDA:9,(anonymous_0)
FNDA:2,LessThanRule
FNDA:4,(anonymous_2)
DA:1,9
DA:3,9
DA:6,9
DA:8,2
DA:9,4
DA:10,1
DA:12,3
DA:13,1
DA:17,2
DA:22,9
LF:10
LH:10
BRDA:8,0,0,2
BRDA:8,0,1,2
BRDA:9,1,0,1
BRDA:9,1,1,3
BRDA:12,2,0,1
BRDA:12,2,1,2
BRDA:18,3,0,1
BRDA:18,3,1,1
BRF:8
BRH:8
end_of_record
TN:
SF:C:\workspace\holder\src\rules\MatchesRule.ts
FN:3,(anonymous_0)
FN:7,MatchesRule
FN:8,(anonymous_2)
FNF:3
FNH:3
FNDA:9,(anonymous_0)
FNDA:2,MatchesRule
FNDA:4,(anonymous_2)
DA:1,9
DA:3,9
DA:6,9
DA:8,2
DA:9,4
DA:10,1
DA:12,3
DA:13,1
DA:17,2
DA:22,9
LF:10
LH:10
BRDA:8,0,0,2
BRDA:8,0,1,2
BRDA:9,1,0,1
BRDA:9,1,1,3
BRDA:12,2,0,1
BRDA:12,2,1,2
BRDA:18,3,0,1
BRDA:18,3,1,1
BRF:8
BRH:8
end_of_record
TN:
SF:C:\workspace\holder\src\rules\MaxLengthRule.ts
FN:3,(anonymous_0)
FN:7,MaxLengthRule
FN:8,(anonymous_2)
FNF:3
FNH:3
FNDA:9,(anonymous_0)
FNDA:2,MaxLengthRule
FNDA:4,(anonymous_2)
DA:1,9
DA:3,9
DA:6,9
DA:8,2
DA:9,4
DA:10,1
DA:12,3
DA:13,1
DA:17,2
DA:22,9
LF:10
LH:10
BRDA:8,0,0,2
BRDA:8,0,1,2
BRDA:9,1,0,1
BRDA:9,1,1,3
BRDA:12,2,0,1
BRDA:12,2,1,2
BRDA:18,3,0,1
BRDA:18,3,1,1
BRF:8
BRH:8
end_of_record
TN:
SF:C:\workspace\holder\src\rules\MinLengthRule.ts
FN:3,(anonymous_0)
FN:7,MinLengthRule
FN:8,(anonymous_2)
FNF:3
FNH:3
FNDA:9,(anonymous_0)
FNDA:2,MinLengthRule
FNDA:4,(anonymous_2)
DA:1,9
DA:3,9
DA:6,9
DA:8,2
DA:9,4
DA:10,1
DA:12,3
DA:13,1
DA:17,2
DA:22,9
LF:10
LH:10
BRDA:8,0,0,2
BRDA:8,0,1,2
BRDA:9,1,0,1
BRDA:9,1,1,3
BRDA:12,2,0,1
BRDA:12,2,1,2
BRDA:18,3,0,1
BRDA:18,3,1,1
BRF:8
BRH:8
end_of_record
TN:
SF:C:\workspace\holder\src\rules\MustRule.ts
FN:3,(anonymous_0)
FN:7,MustRule
FN:8,(anonymous_2)
FNF:3
FNH:3
FNDA:9,(anonymous_0)
FNDA:9,MustRule
FNDA:14,(anonymous_2)
DA:1,9
DA:3,9
DA:8,14
DA:10,9
LF:4
LH:4
BRDA:8,0,0,9
BRDA:8,0,1,9
BRDA:8,1,0,8
BRDA:8,1,1,6
BRF:4
BRH:4
end_of_record
TN:
SF:C:\workspace\holder\src\rules\NotEmptyRule.ts
FN:3,(anonymous_0)
FN:7,NotEmptyRule
FN:8,(anonymous_2)
FNF:3
FNH:3
FNDA:9,(anonymous_0)
FNDA:19,NotEmptyRule
FNDA:26,(anonymous_2)
DA:1,9
DA:3,9
DA:6,9
DA:8,19
DA:9,26
DA:10,2
DA:11,1
DA:13,1
DA:17,24
DA:20,9
LF:10
LH:10
BRDA:8,0,0,19
BRDA:8,0,1,19
BRDA:9,1,0,2
BRDA:9,1,1,24
BRDA:10,2,0,1
BRDA:10,2,1,1
BRDA:17,3,0,19
BRDA:17,3,1,5
BRF:8
BRH:8
end_of_record
TN:
SF:C:\workspace\holder\src\rules\NotEqualRule.ts
FN:3,(anonymous_0)
FN:7,NotEqualRule
FN:8,(anonymous_2)
FNF:3
FNH:3
FNDA:9,(anonymous_0)
FNDA:1,NotEqualRule
FNDA:2,(anonymous_2)
DA:1,9
DA:3,9
DA:6,9
DA:8,1
DA:9,2
DA:12,9
LF:6
LH:6
BRDA:8,0,0,1
BRDA:8,0,1,1
BRDA:9,1,0,1
BRDA:9,1,1,1
BRF:4
BRH:4
end_of_record
TN:
SF:C:\workspace\holder\src\rules\NotNullRule.ts
FN:3,(anonymous_0)
FN:7,NotNullRule
FN:8,(anonymous_2)
FNF:3
FNH:3
FNDA:9,(anonymous_0)
FNDA:6,NotNullRule
FNDA:16,(anonymous_2)
DA:1,9
DA:3,9
DA:6,9
DA:8,16
DA:10,9
LF:5
LH:5
BRDA:8,0,0,6
BRDA:8,0,1,6
BRDA:8,1,0,8
BRDA:8,1,1,8
BRF:4
BRH:4
end_of_record
TN:
SF:C:\workspace\holder\src\rules\NullRule.ts
FN:3,(anonymous_0)
FN:7,NullRule
FN:8,(anonymous_2)
FNF:3
FNH:3
FNDA:9,(anonymous_0)
FNDA:1,NullRule
FNDA:2,(anonymous_2)
DA:1,9
DA:3,9
DA:8,2
DA:10,9
LF:4
LH:4
BRDA:8,0,0,1
BRDA:8,0,1,1
BRDA:8,1,0,1
BRDA:8,1,1,1
BRF:4
BRH:4
end_of_record
TN:
SF:C:\workspace\holder\src\rules\Rule.ts
FN:4,(anonymous_0)
FN:10,Rule
FN:14,(anonymous_2)
FN:18,(anonymous_3)
FN:22,(anonymous_4)
FN:26,(anonymous_5)
FNF:6
FNH:6
FNDA:9,(anonymous_0)
FNDA:84,Rule
FNDA:14,(anonymous_2)
FNDA:10,(anonymous_3)
FNDA:6,(anonymous_4)
FNDA:155,(anonymous_5)
DA:4,9
DA:10,84
DA:11,84
DA:14,84
DA:15,14
DA:18,84
DA:19,10
DA:22,84
DA:23,6
DA:26,84
DA:30,155
DA:31,6
DA:34,149
DA:35,6
DA:38,143
DA:39,130
DA:41,9
LF:17
LH:17
BRDA:30,0,0,6
BRDA:30,0,1,149
BRDA:30,1,0,155
BRDA:30,1,1,15
BRDA:34,2,0,6
BRDA:34,2,1,143
BRDA:34,3,0,149
BRDA:34,3,1,12
BRDA:39,4,0,53
BRDA:39,4,1,77
BRDA:39,5,0,53
BRDA:39,5,1,44
BRF:12
BRH:12
end_of_record
TN:
SF:C:\workspace\holder\src\rules\ScalePrecisionRule.ts
FN:3,(anonymous_0)
FN:7,ScalePrecisionRule
FN:8,(anonymous_2)
FNF:3
FNH:3
FNDA:9,(anonymous_0)
FNDA:2,ScalePrecisionRule
FNDA:5,(anonymous_2)
DA:1,9
DA:3,9
DA:6,9
DA:8,2
DA:9,5
DA:10,1
DA:12,4
DA:13,1
DA:17,3
DA:18,3
DA:19,2
DA:21,1
DA:24,9
LF:13
LH:13
BRDA:8,0,0,2
BRDA:8,0,1,2
BRDA:9,1,0,1
BRDA:9,1,1,4
BRDA:12,2,0,1
BRDA:12,2,1,3
BRDA:18,3,0,2
BRDA:18,3,1,1
BRDA:18,4,0,3
BRDA:18,4,1,2
BRF:10
BRH:10
end_of_record
TN:
SF:C:\workspace\holder\src\rules\ValidatorRule.ts
FN:5,(anonymous_0)
FN:9,ValidatorRule
FN:10,(anonymous_2)
FNF:3
FNH:3
FNDA:9,(anonymous_0)
FNDA:12,ValidatorRule
FNDA:11,(anonymous_2)
DA:3,9
DA:5,9
DA:8,9
DA:10,12
DA:11,11
DA:15,9
LF:6
LH:6
BRDA:10,0,0,12
BRDA:10,0,1,12
BRDA:12,1,0,1
BRDA:12,1,1,10
BRF:4
BRH:4
end_of_record
TN:
SF:C:\workspace\holder\src\valueValidator\ArrayValueValidatorBuilder.ts
FN:6,(anonymous_0)
FN:18,ArrayValueValidatorBuilder
FN:26,(anonymous_2)
FN:27,(anonymous_3)
FN:46,(anonymous_4)
FNF:5
FNH:5
FNDA:9,(anonymous_0)
FNDA:6,ArrayValueValidatorBuilder
FNDA:10,(anonymous_2)
FNDA:10,(anonymous_3)
FNDA:6,(anonymous_4)
DA:3,9
DA:4,9
DA:6,9
DA:18,6
DA:19,6
DA:26,6
DA:27,10
DA:28,10
DA:29,2
DA:32,8
DA:33,8
DA:35,8
DA:36,17
DA:37,17
DA:38,4
DA:42,8
DA:46,6
DA:47,9
LF:18
LH:18
BRDA:28,0,0,2
BRDA:28,0,1,8
BRDA:37,1,0,4
BRDA:37,1,1,13
BRDA:42,2,0,3
BRDA:42,2,1,5
BRF:6
BRH:6
end_of_record
TN:
SF:C:\workspace\holder\src\valueValidator\ValueValidator.ts
FN:5,(anonymous_0)
FNF:1
FNH:1
FNDA:289,(anonymous_0)
DA:5,9
DA:8,289
DA:9,175
DA:12,114
DA:13,28
DA:16,86
LF:6
LH:6
BRDA:8,0,0,175
BRDA:8,0,1,114
BRDA:12,1,0,28
BRDA:12,1,1,86
BRF:4
BRH:4
end_of_record
TN:
SF:C:\workspace\holder\src\valueValidator\ValueValidatorBuilder.ts
FN:26,(anonymous_0)
FN:34,ValueValidatorBuilder
FN:38,(anonymous_2)
FN:39,(anonymous_3)
FN:51,(anonymous_4)
FN:56,(anonymous_5)
FN:67,(anonymous_6)
FN:85,(anonymous_7)
FN:103,(anonymous_8)
FN:109,(anonymous_9)
FN:115,(anonymous_10)
FN:121,(anonymous_11)
FN:127,(anonymous_12)
FN:133,(anonymous_13)
FN:139,(anonymous_14)
FN:145,(anonymous_15)
FN:151,(anonymous_16)
FN:157,(anonymous_17)
FN:163,(anonymous_18)
FN:169,(anonymous_19)
FN:175,(anonymous_20)
FN:183,(anonymous_21)
FN:189,(anonymous_22)
FN:198,(anonymous_23)
FN:207,(anonymous_24)
FN:216,(anonymous_25)
FN:224,(anonymous_26)
FN:238,(anonymous_27)
FN:262,(anonymous_28)
FN:271,(anonymous_29)
FNF:30
FNH:30
FNDA:9,(anonymous_0)
FNDA:76,ValueValidatorBuilder
FNDA:133,(anonymous_2)
FNDA:142,(anonymous_3)
FNDA:84,(anonymous_4)
FNDA:14,(anonymous_5)
FNDA:7,(anonymous_6)
FNDA:4,(anonymous_7)
FNDA:1,(anonymous_8)
FNDA:1,(anonymous_9)
FNDA:9,(anonymous_10)
FNDA:6,(anonymous_11)
FNDA:1,(anonymous_12)
FNDA:19,(anonymous_13)
FNDA:4,(anonymous_14)
FNDA:2,(anonymous_15)
FNDA:2,(anonymous_16)
FNDA:2,(anonymous_17)
FNDA:2,(anonymous_18)
FNDA:2,(anonymous_19)
FNDA:2,(anonymous_20)
FNDA:4,(anonymous_21)
FNDA:3,(anonymous_22)
FNDA:2,(anonymous_23)
FNDA:8,(anonymous_24)
FNDA:12,(anonymous_25)
FNDA:3,(anonymous_26)
FNDA:185,(anonymous_27)
FNDA:84,(anonymous_28)
FNDA:16,(anonymous_29)
DA:2,9
DA:3,9
DA:4,9
DA:5,9
DA:6,9
DA:7,9
DA:8,9
DA:9,9
DA:10,9
DA:11,9
DA:12,9
DA:13,9
DA:14,9
DA:15,9
DA:16,9
DA:17,9
DA:18,9
DA:20,9
DA:21,9
DA:24,9
DA:26,9
DA:31,76
DA:34,76
DA:35,76
DA:38,76
DA:39,133
DA:40,155
DA:41,155
DA:42,142
DA:43,50
DA:47,79
DA:51,76
DA:52,84
DA:53,84
DA:56,76
DA:57,14
DA:58,14
DA:59,14
DA:60,14
DA:67,76
DA:69,12
DA:73,7
DA:74,9
DA:75,9
DA:78,1
DA:79,1
DA:81,7
DA:82,7
DA:85,76
DA:87,6
DA:91,4
DA:92,5
DA:93,5
DA:96,1
DA:97,1
DA:99,4
DA:100,4
DA:103,76
DA:104,1
DA:105,1
DA:106,1
DA:109,76
DA:110,1
DA:111,1
DA:112,1
DA:115,76
DA:116,9
DA:117,9
DA:118,9
DA:121,76
DA:122,6
DA:123,6
DA:124,6
DA:127,76
DA:128,1
DA:129,1
DA:130,1
DA:133,76
DA:134,19
DA:135,19
DA:136,19
DA:139,76
DA:140,4
DA:141,4
DA:142,4
DA:145,76
DA:146,2
DA:147,2
DA:148,2
DA:151,76
DA:152,2
DA:153,2
DA:154,2
DA:157,76
DA:158,2
DA:159,2
DA:160,2
DA:163,76
DA:164,2
DA:165,2
DA:166,2
DA:169,76
DA:170,2
DA:171,2
DA:172,2
DA:175,76
DA:176,2
DA:179,2
DA:180,2
DA:183,76
DA:184,4
DA:185,4
DA:186,4
DA:189,76
DA:190,3
DA:194,3
DA:195,3
DA:198,76
DA:199,2
DA:203,2
DA:204,2
DA:207,76
DA:208,8
DA:212,8
DA:213,8
DA:216,76
DA:217,12
DA:220,12
DA:221,12
DA:224,76
DA:225,3
DA:226,1
DA:230,2
DA:234,2
DA:235,2
DA:238,76
DA:239,185
DA:262,76
DA:263,84
DA:271,76
DA:272,16
DA:274,9
LF:142
LH:142
BRDA:42,0,0,50
BRDA:42,0,1,92
BRDA:69,1,0,5
BRDA:69,1,1,2
BRDA:73,2,0,6
BRDA:73,2,1,1
BRDA:87,3,0,2
BRDA:87,3,1,2
BRDA:91,4,0,3
BRDA:91,4,1,1
BRDA:225,5,0,1
BRDA:225,5,1,2
BRF:12
BRH:12
end_of_record
