TN:
SF:C:\workspace\fluentvalidation-ts\src\index.ts
FN:22,(anonymous_0)
FN:27,(anonymous_2)
FN:31,(anonymous_3)
FN:32,(anonymous_4)
FN:57,(anonymous_5)
FN:61,(anonymous_6)
FN:84,(anonymous_7)
FNF:7
FNH:7
FNDA:71,(anonymous_0)
FNDA:1,(anonymous_2)
FNDA:120,(anonymous_3)
FNDA:123,(anonymous_4)
FNDA:124,(anonymous_5)
FNDA:76,(anonymous_6)
FNDA:7,(anonymous_7)
DA:2,9
DA:4,9
DA:5,9
DA:22,71
DA:23,62
DA:27,62
DA:28,1
DA:31,62
DA:32,120
DA:33,123
DA:35,146
DA:38,146
DA:41,292
DA:42,151
DA:43,151
DA:47,138
DA:48,60
DA:53,110
DA:57,62
DA:58,124
DA:61,62
DA:67,76
DA:71,76
DA:74,76
DA:78,76
DA:84,62
DA:102,7
DA:107,7
DA:108,6
DA:111,7
DA:115,7
DA:117,9
LF:32
LH:32
BRDA:47,0,0,60
BRDA:47,0,1,78
BRDA:72,1,0,76
BRDA:72,1,1,76
BRDA:107,2,0,6
BRDA:107,2,1,1
BRF:6
BRH:6
end_of_record
TN:
SF:C:\workspace\fluentvalidation-ts\src\rules\EmailAddressRule.ts
FN:5,(anonymous_0)
FN:6,EmailAddressRule
FN:7,(anonymous_2)
FNF:3
FNH:3
FNDA:9,(anonymous_0)
FNDA:2,EmailAddressRule
FNDA:4,(anonymous_2)
DA:1,9
DA:3,9
DA:5,9
DA:7,2
DA:8,4
DA:9,1
DA:11,3
DA:12,1
DA:16,2
DA:21,9
LF:10
LH:10
BRDA:7,0,0,2
BRDA:7,0,1,2
BRDA:8,1,0,1
BRDA:8,1,1,3
BRDA:11,2,0,1
BRDA:11,2,1,2
BRDA:17,3,0,1
BRDA:17,3,1,1
BRF:8
BRH:8
end_of_record
TN:
SF:C:\workspace\fluentvalidation-ts\src\rules\EqualRule.ts
FN:3,(anonymous_0)
FN:4,EqualRule
FN:5,(anonymous_2)
FNF:3
FNH:3
FNDA:9,(anonymous_0)
FNDA:1,EqualRule
FNDA:2,(anonymous_2)
DA:1,9
DA:3,9
DA:5,1
DA:6,2
DA:9,9
LF:5
LH:5
BRDA:5,0,0,1
BRDA:5,0,1,1
BRDA:6,1,0,1
BRDA:6,1,1,1
BRF:4
BRH:4
end_of_record
TN:
SF:C:\workspace\fluentvalidation-ts\src\rules\ExclusiveBetweenRule.ts
FN:3,(anonymous_0)
FN:4,ExclusiveBetweenRule
FN:5,(anonymous_2)
FNF:3
FNH:3
FNDA:9,(anonymous_0)
FNDA:2,ExclusiveBetweenRule
FNDA:5,(anonymous_2)
DA:1,9
DA:3,9
DA:5,2
DA:6,5
DA:7,1
DA:9,4
DA:10,1
DA:14,3
DA:19,9
LF:9
LH:9
BRDA:5,0,0,2
BRDA:5,0,1,2
BRDA:6,1,0,1
BRDA:6,1,1,4
BRDA:9,2,0,1
BRDA:9,2,1,3
BRDA:15,3,0,1
BRDA:15,3,1,2
BRDA:14,4,0,3
BRDA:14,4,1,2
BRF:10
BRH:10
end_of_record
TN:
SF:C:\workspace\fluentvalidation-ts\src\rules\GreaterThanOrEqualToRule.ts
FN:3,(anonymous_0)
FN:7,GreaterThanOrEqualToRule
FN:8,(anonymous_2)
FNF:3
FNH:3
FNDA:9,(anonymous_0)
FNDA:3,GreaterThanOrEqualToRule
FNDA:5,(anonymous_2)
DA:1,9
DA:3,9
DA:8,3
DA:9,5
DA:10,1
DA:12,4
DA:13,1
DA:17,3
DA:22,9
LF:9
LH:9
BRDA:8,0,0,3
BRDA:8,0,1,3
BRDA:9,1,0,1
BRDA:9,1,1,4
BRDA:12,2,0,1
BRDA:12,2,1,3
BRDA:18,3,0,2
BRDA:18,3,1,1
BRF:8
BRH:8
end_of_record
TN:
SF:C:\workspace\fluentvalidation-ts\src\rules\GreaterThanRule.ts
FN:3,(anonymous_0)
FN:4,GreaterThanRule
FN:5,(anonymous_2)
FNF:3
FNH:3
FNDA:9,(anonymous_0)
FNDA:4,GreaterThanRule
FNDA:6,(anonymous_2)
DA:1,9
DA:3,9
DA:5,4
DA:6,6
DA:7,1
DA:9,5
DA:10,1
DA:14,4
DA:19,9
LF:9
LH:9
BRDA:5,0,0,4
BRDA:5,0,1,4
BRDA:6,1,0,1
BRDA:6,1,1,5
BRDA:9,2,0,1
BRDA:9,2,1,4
BRDA:15,3,0,3
BRDA:15,3,1,1
BRF:8
BRH:8
end_of_record
TN:
SF:C:\workspace\fluentvalidation-ts\src\rules\InclusiveBetweenRule.ts
FN:3,(anonymous_0)
FN:4,InclusiveBetweenRule
FN:5,(anonymous_2)
FNF:3
FNH:3
FNDA:9,(anonymous_0)
FNDA:9,InclusiveBetweenRule
FNDA:22,(anonymous_2)
DA:1,9
DA:3,9
DA:5,9
DA:6,22
DA:7,1
DA:9,21
DA:10,1
DA:14,20
DA:19,9
LF:9
LH:9
BRDA:5,0,0,9
BRDA:5,0,1,9
BRDA:6,1,0,1
BRDA:6,1,1,21
BRDA:9,2,0,1
BRDA:9,2,1,20
BRDA:15,3,0,13
BRDA:15,3,1,7
BRDA:14,4,0,20
BRDA:14,4,1,16
BRF:10
BRH:10
end_of_record
TN:
SF:C:\workspace\fluentvalidation-ts\src\rules\LengthRule.ts
FN:3,(anonymous_0)
FN:4,LengthRule
FN:5,(anonymous_2)
FNF:3
FNH:3
FNDA:9,(anonymous_0)
FNDA:4,LengthRule
FNDA:7,(anonymous_2)
DA:1,9
DA:3,9
DA:5,4
DA:6,7
DA:7,1
DA:9,6
DA:10,1
DA:12,5
DA:17,9
LF:9
LH:9
BRDA:5,0,0,4
BRDA:5,0,1,4
BRDA:6,1,0,1
BRDA:6,1,1,6
BRDA:9,2,0,1
BRDA:9,2,1,5
BRDA:13,3,0,2
BRDA:13,3,1,3
BRDA:12,4,0,5
BRDA:12,4,1,4
BRF:10
BRH:10
end_of_record
TN:
SF:C:\workspace\fluentvalidation-ts\src\rules\LessThanOrEqualToRule.ts
FN:3,(anonymous_0)
FN:7,LessThanOrEqualToRule
FN:8,(anonymous_2)
FNF:3
FNH:3
FNDA:9,(anonymous_0)
FNDA:2,LessThanOrEqualToRule
FNDA:4,(anonymous_2)
DA:1,9
DA:3,9
DA:8,2
DA:9,4
DA:10,1
DA:12,3
DA:13,1
DA:17,2
DA:22,9
LF:9
LH:9
BRDA:8,0,0,2
BRDA:8,0,1,2
BRDA:9,1,0,1
BRDA:9,1,1,3
BRDA:12,2,0,1
BRDA:12,2,1,2
BRDA:18,3,0,1
BRDA:18,3,1,1
BRF:8
BRH:8
end_of_record
TN:
SF:C:\workspace\fluentvalidation-ts\src\rules\LessThanRule.ts
FN:3,(anonymous_0)
FN:4,LessThanRule
FN:5,(anonymous_2)
FNF:3
FNH:3
FNDA:9,(anonymous_0)
FNDA:2,LessThanRule
FNDA:4,(anonymous_2)
DA:1,9
DA:3,9
DA:5,2
DA:6,4
DA:7,1
DA:9,3
DA:10,1
DA:14,2
DA:19,9
LF:9
LH:9
BRDA:5,0,0,2
BRDA:5,0,1,2
BRDA:6,1,0,1
BRDA:6,1,1,3
BRDA:9,2,0,1
BRDA:9,2,1,2
BRDA:15,3,0,1
BRDA:15,3,1,1
BRF:8
BRH:8
end_of_record
TN:
SF:C:\workspace\fluentvalidation-ts\src\rules\MatchesRule.ts
FN:3,(anonymous_0)
FN:4,MatchesRule
FN:5,(anonymous_2)
FNF:3
FNH:3
FNDA:9,(anonymous_0)
FNDA:2,MatchesRule
FNDA:4,(anonymous_2)
DA:1,9
DA:3,9
DA:5,2
DA:6,4
DA:7,1
DA:9,3
DA:10,1
DA:14,2
DA:19,9
LF:9
LH:9
BRDA:5,0,0,2
BRDA:5,0,1,2
BRDA:6,1,0,1
BRDA:6,1,1,3
BRDA:9,2,0,1
BRDA:9,2,1,2
BRDA:15,3,0,1
BRDA:15,3,1,1
BRF:8
BRH:8
end_of_record
TN:
SF:C:\workspace\fluentvalidation-ts\src\rules\MaxLengthRule.ts
FN:3,(anonymous_0)
FN:4,MaxLengthRule
FN:5,(anonymous_2)
FNF:3
FNH:3
FNDA:9,(anonymous_0)
FNDA:2,MaxLengthRule
FNDA:4,(anonymous_2)
DA:1,9
DA:3,9
DA:5,2
DA:6,4
DA:7,1
DA:9,3
DA:10,1
DA:14,2
DA:19,9
LF:9
LH:9
BRDA:5,0,0,2
BRDA:5,0,1,2
BRDA:6,1,0,1
BRDA:6,1,1,3
BRDA:9,2,0,1
BRDA:9,2,1,2
BRDA:15,3,0,1
BRDA:15,3,1,1
BRF:8
BRH:8
end_of_record
TN:
SF:C:\workspace\fluentvalidation-ts\src\rules\MinLengthRule.ts
FN:3,(anonymous_0)
FN:4,MinLengthRule
FN:5,(anonymous_2)
FNF:3
FNH:3
FNDA:9,(anonymous_0)
FNDA:2,MinLengthRule
FNDA:4,(anonymous_2)
DA:1,9
DA:3,9
DA:5,2
DA:6,4
DA:7,1
DA:9,3
DA:10,1
DA:14,2
DA:19,9
LF:9
LH:9
BRDA:5,0,0,2
BRDA:5,0,1,2
BRDA:6,1,0,1
BRDA:6,1,1,3
BRDA:9,2,0,1
BRDA:9,2,1,2
BRDA:15,3,0,1
BRDA:15,3,1,1
BRF:8
BRH:8
end_of_record
TN:
SF:C:\workspace\fluentvalidation-ts\src\rules\MustRule.ts
FN:21,(anonymous_0)
FN:22,MustRule
FN:23,(anonymous_2)
FNF:3
FNH:3
FNDA:9,(anonymous_0)
FNDA:15,MustRule
FNDA:28,(anonymous_2)
DA:1,9
DA:21,9
DA:23,15
DA:24,28
DA:25,9
DA:26,9
DA:27,4
DA:28,4
DA:29,1
DA:32,5
DA:33,5
DA:34,2
DA:40,1
DA:43,24
DA:44,15
DA:47,9
DA:49,9
DA:56,9
LF:18
LH:18
BRDA:23,0,0,15
BRDA:23,0,1,15
BRDA:24,1,0,4
BRDA:24,1,1,24
BRDA:26,2,0,4
BRDA:26,2,1,5
BRDA:28,3,0,1
BRDA:28,3,1,3
BRDA:33,4,0,2
BRDA:33,4,1,3
BRDA:35,5,0,1
BRDA:35,5,1,1
BRDA:43,6,0,15
BRDA:43,6,1,9
BRDA:44,7,0,9
BRDA:44,7,1,6
BRDA:50,8,0,2
BRDA:50,8,1,7
BRDA:52,9,0,1
BRDA:52,9,1,6
BRF:20
BRH:20
end_of_record
TN:
SF:C:\workspace\fluentvalidation-ts\src\rules\NotEmptyRule.ts
FN:3,(anonymous_0)
FN:4,NotEmptyRule
FN:5,(anonymous_2)
FNF:3
FNH:3
FNDA:9,(anonymous_0)
FNDA:19,NotEmptyRule
FNDA:26,(anonymous_2)
DA:1,9
DA:3,9
DA:5,19
DA:6,26
DA:7,2
DA:8,1
DA:10,1
DA:14,24
DA:17,9
LF:9
LH:9
BRDA:5,0,0,19
BRDA:5,0,1,19
BRDA:6,1,0,2
BRDA:6,1,1,24
BRDA:7,2,0,1
BRDA:7,2,1,1
BRDA:14,3,0,19
BRDA:14,3,1,5
BRF:8
BRH:8
end_of_record
TN:
SF:C:\workspace\fluentvalidation-ts\src\rules\NotEqualRule.ts
FN:3,(anonymous_0)
FN:4,NotEqualRule
FN:5,(anonymous_2)
FNF:3
FNH:3
FNDA:9,(anonymous_0)
FNDA:1,NotEqualRule
FNDA:2,(anonymous_2)
DA:1,9
DA:3,9
DA:5,1
DA:6,2
DA:9,9
LF:5
LH:5
BRDA:5,0,0,1
BRDA:5,0,1,1
BRDA:6,1,0,1
BRDA:6,1,1,1
BRF:4
BRH:4
end_of_record
TN:
SF:C:\workspace\fluentvalidation-ts\src\rules\NotNullRule.ts
FN:3,(anonymous_0)
FN:4,NotNullRule
FN:5,(anonymous_2)
FNF:3
FNH:3
FNDA:9,(anonymous_0)
FNDA:6,NotNullRule
FNDA:16,(anonymous_2)
DA:1,9
DA:3,9
DA:5,16
DA:7,9
LF:4
LH:4
BRDA:5,0,0,6
BRDA:5,0,1,6
BRDA:5,1,0,8
BRDA:5,1,1,8
BRF:4
BRH:4
end_of_record
TN:
SF:C:\workspace\fluentvalidation-ts\src\rules\NullRule.ts
FN:3,(anonymous_0)
FN:4,NullRule
FN:5,(anonymous_2)
FNF:3
FNH:3
FNDA:9,(anonymous_0)
FNDA:1,NullRule
FNDA:2,(anonymous_2)
DA:1,9
DA:3,9
DA:5,2
DA:7,9
LF:4
LH:4
BRDA:5,0,0,1
BRDA:5,0,1,1
BRDA:5,1,0,1
BRDA:5,1,1,1
BRF:4
BRH:4
end_of_record
TN:
SF:C:\workspace\fluentvalidation-ts\src\rules\Rule.ts
FN:4,(anonymous_0)
FN:10,Rule
FN:14,(anonymous_2)
FN:18,(anonymous_3)
FN:22,(anonymous_4)
FN:26,(anonymous_5)
FNF:6
FNH:6
FNDA:9,(anonymous_0)
FNDA:91,Rule
FNDA:17,(anonymous_2)
FNDA:10,(anonymous_3)
FNDA:7,(anonymous_4)
FNDA:177,(anonymous_5)
DA:4,9
DA:10,91
DA:11,91
DA:14,91
DA:15,17
DA:18,91
DA:19,10
DA:22,91
DA:23,7
DA:26,91
DA:30,177
DA:31,6
DA:34,171
DA:35,10
DA:38,161
DA:39,148
DA:41,9
LF:17
LH:17
BRDA:30,0,0,6
BRDA:30,0,1,171
BRDA:30,1,0,177
BRDA:30,1,1,15
BRDA:34,2,0,10
BRDA:34,2,1,161
BRDA:34,3,0,171
BRDA:34,3,1,20
BRDA:39,4,0,64
BRDA:39,4,1,84
BRDA:39,5,0,64
BRDA:39,5,1,50
BRF:12
BRH:12
end_of_record
TN:
SF:C:\workspace\fluentvalidation-ts\src\rules\ScalePrecisionRule.ts
FN:3,(anonymous_0)
FN:4,ScalePrecisionRule
FN:5,(anonymous_2)
FNF:3
FNH:3
FNDA:9,(anonymous_0)
FNDA:2,ScalePrecisionRule
FNDA:5,(anonymous_2)
DA:1,9
DA:3,9
DA:5,2
DA:6,5
DA:7,1
DA:9,4
DA:10,1
DA:14,3
DA:15,3
DA:16,2
DA:18,1
DA:21,9
LF:12
LH:12
BRDA:5,0,0,2
BRDA:5,0,1,2
BRDA:6,1,0,1
BRDA:6,1,1,4
BRDA:9,2,0,1
BRDA:9,2,1,3
BRDA:15,3,0,2
BRDA:15,3,1,1
BRDA:15,4,0,3
BRDA:15,4,1,2
BRF:10
BRH:10
end_of_record
TN:
SF:C:\workspace\fluentvalidation-ts\src\rules\ValidatorRule.ts
FN:5,(anonymous_0)
FN:6,ValidatorRule
FN:7,(anonymous_2)
FNF:3
FNH:3
FNDA:9,(anonymous_0)
FNDA:12,ValidatorRule
FNDA:11,(anonymous_2)
DA:3,9
DA:5,9
DA:7,12
DA:8,11
DA:15,9
LF:5
LH:5
BRDA:7,0,0,12
BRDA:7,0,1,12
BRDA:9,1,0,1
BRDA:9,1,1,10
BRF:4
BRH:4
end_of_record
TN:
SF:C:\workspace\fluentvalidation-ts\src\valueValidator\ArrayValueValidatorBuilder.ts
FN:6,(anonymous_0)
FN:19,ArrayValueValidatorBuilder
FN:28,(anonymous_2)
FN:29,(anonymous_3)
FN:36,(anonymous_4)
FN:45,(anonymous_5)
FNF:6
FNH:6
FNDA:9,(anonymous_0)
FNDA:7,ArrayValueValidatorBuilder
FNDA:12,(anonymous_2)
FNDA:12,(anonymous_3)
FNDA:25,(anonymous_4)
FNDA:7,(anonymous_5)
DA:3,9
DA:4,9
DA:6,9
DA:19,7
DA:20,7
DA:25,7
DA:28,7
DA:29,12
DA:30,12
DA:31,2
DA:34,10
DA:36,10
DA:37,25
DA:38,25
DA:41,10
DA:45,7
DA:46,9
LF:17
LH:17
BRDA:30,0,0,2
BRDA:30,0,1,10
BRDA:38,1,0,5
BRDA:38,1,1,20
BRDA:41,2,0,4
BRDA:41,2,1,6
BRF:6
BRH:6
end_of_record
TN:
SF:C:\workspace\fluentvalidation-ts\src\valueValidator\ValueValidator.ts
FN:6,(anonymous_0)
FN:15,(anonymous_1)
FNF:2
FNH:2
FNDA:374,(anonymous_0)
FNDA:37,(anonymous_1)
DA:6,9
DA:9,374
DA:10,225
DA:13,149
DA:14,14
DA:15,37
DA:20,135
DA:21,21
DA:24,114
LF:9
LH:9
BRDA:9,0,0,225
BRDA:9,0,1,149
BRDA:13,1,0,14
BRDA:13,1,1,135
BRDA:20,2,0,21
BRDA:20,2,1,114
BRF:6
BRH:6
end_of_record
TN:
SF:C:\workspace\fluentvalidation-ts\src\valueValidator\ValueValidatorBuilder.ts
FN:27,(anonymous_0)
FN:31,ValueValidatorBuilder
FN:35,(anonymous_2)
FN:36,(anonymous_3)
FN:48,(anonymous_4)
FN:53,(anonymous_5)
FN:64,(anonymous_6)
FN:82,(anonymous_7)
FN:100,(anonymous_8)
FN:106,(anonymous_9)
FN:112,(anonymous_10)
FN:118,(anonymous_11)
FN:124,(anonymous_12)
FN:130,(anonymous_13)
FN:136,(anonymous_14)
FN:142,(anonymous_15)
FN:148,(anonymous_16)
FN:154,(anonymous_17)
FN:160,(anonymous_18)
FN:166,(anonymous_19)
FN:172,(anonymous_20)
FN:180,(anonymous_21)
FN:186,(anonymous_22)
FN:195,(anonymous_23)
FN:204,(anonymous_24)
FN:213,(anonymous_25)
FN:223,(anonymous_26)
FN:237,(anonymous_27)
FN:261,(anonymous_28)
FN:270,(anonymous_29)
FNF:30
FNH:30
FNDA:9,(anonymous_0)
FNDA:83,ValueValidatorBuilder
FNDA:149,(anonymous_2)
FNDA:164,(anonymous_3)
FNDA:91,(anonymous_4)
FNDA:17,(anonymous_5)
FNDA:7,(anonymous_6)
FNDA:5,(anonymous_7)
FNDA:1,(anonymous_8)
FNDA:1,(anonymous_9)
FNDA:15,(anonymous_10)
FNDA:6,(anonymous_11)
FNDA:1,(anonymous_12)
FNDA:19,(anonymous_13)
FNDA:4,(anonymous_14)
FNDA:2,(anonymous_15)
FNDA:2,(anonymous_16)
FNDA:2,(anonymous_17)
FNDA:2,(anonymous_18)
FNDA:2,(anonymous_19)
FNDA:2,(anonymous_20)
FNDA:4,(anonymous_21)
FNDA:3,(anonymous_22)
FNDA:2,(anonymous_23)
FNDA:9,(anonymous_24)
FNDA:12,(anonymous_25)
FNDA:3,(anonymous_26)
FNDA:203,(anonymous_27)
FNDA:91,(anonymous_28)
FNDA:19,(anonymous_29)
DA:3,9
DA:4,9
DA:5,9
DA:6,9
DA:7,9
DA:8,9
DA:9,9
DA:10,9
DA:11,9
DA:12,9
DA:13,9
DA:14,9
DA:15,9
DA:16,9
DA:17,9
DA:18,9
DA:19,9
DA:21,9
DA:22,9
DA:25,9
DA:27,9
DA:28,83
DA:31,83
DA:32,83
DA:35,83
DA:36,149
DA:37,177
DA:38,177
DA:39,164
DA:40,61
DA:44,90
DA:48,83
DA:49,91
DA:50,91
DA:53,83
DA:54,17
DA:55,17
DA:56,17
DA:57,17
DA:64,83
DA:66,12
DA:70,7
DA:71,9
DA:72,9
DA:75,1
DA:76,1
DA:78,7
DA:79,7
DA:82,83
DA:84,8
DA:88,5
DA:89,6
DA:90,6
DA:93,1
DA:94,1
DA:96,5
DA:97,5
DA:100,83
DA:101,1
DA:102,1
DA:103,1
DA:106,83
DA:107,1
DA:108,1
DA:109,1
DA:112,83
DA:113,15
DA:114,15
DA:115,15
DA:118,83
DA:119,6
DA:120,6
DA:121,6
DA:124,83
DA:125,1
DA:126,1
DA:127,1
DA:130,83
DA:131,19
DA:132,19
DA:133,19
DA:136,83
DA:137,4
DA:138,4
DA:139,4
DA:142,83
DA:143,2
DA:144,2
DA:145,2
DA:148,83
DA:149,2
DA:150,2
DA:151,2
DA:154,83
DA:155,2
DA:156,2
DA:157,2
DA:160,83
DA:161,2
DA:162,2
DA:163,2
DA:166,83
DA:167,2
DA:168,2
DA:169,2
DA:172,83
DA:173,2
DA:176,2
DA:177,2
DA:180,83
DA:181,4
DA:182,4
DA:183,4
DA:186,83
DA:187,3
DA:191,3
DA:192,3
DA:195,83
DA:196,2
DA:200,2
DA:201,2
DA:204,83
DA:205,9
DA:209,9
DA:210,9
DA:213,83
DA:216,12
DA:219,12
DA:220,12
DA:223,83
DA:224,3
DA:225,1
DA:229,2
DA:233,2
DA:234,2
DA:237,83
DA:238,203
DA:261,83
DA:262,91
DA:270,83
DA:271,19
DA:273,9
LF:142
LH:142
BRDA:39,0,0,61
BRDA:39,0,1,103
BRDA:66,1,0,5
BRDA:66,1,1,2
BRDA:70,2,0,6
BRDA:70,2,1,1
BRDA:84,3,0,3
BRDA:84,3,1,2
BRDA:88,4,0,4
BRDA:88,4,1,1
BRDA:224,5,0,1
BRDA:224,5,1,2
BRF:12
BRH:12
end_of_record
